{"/Users/sharonhsu/dev/excel/xlsvc-frontend/src/App.jsx": {"path":"/Users/sharonhsu/dev/excel/xlsvc-frontend/src/App.jsx","all":false,"statementMap":{"0":{"start":{"line":1,"column":0},"end":{"line":1,"column":51}},"1":{"start":{"line":2,"column":0},"end":{"line":2,"column":64}},"2":{"start":{"line":3,"column":0},"end":{"line":3,"column":53}},"3":{"start":{"line":4,"column":0},"end":{"line":4,"column":26}},"4":{"start":{"line":5,"column":0},"end":{"line":5,"column":77}},"5":{"start":{"line":6,"column":0},"end":{"line":6,"column":39}},"6":{"start":{"line":7,"column":0},"end":{"line":7,"column":51}},"7":{"start":{"line":8,"column":0},"end":{"line":8,"column":8}},"8":{"start":{"line":9,"column":0},"end":{"line":9,"column":15}},"9":{"start":{"line":10,"column":0},"end":{"line":10,"column":19}},"10":{"start":{"line":11,"column":0},"end":{"line":11,"column":9}},"11":{"start":{"line":12,"column":0},"end":{"line":12,"column":8}},"12":{"start":{"line":13,"column":0},"end":{"line":13,"column":8}},"13":{"start":{"line":14,"column":0},"end":{"line":14,"column":33}},"14":{"start":{"line":15,"column":0},"end":{"line":15,"column":8}},"15":{"start":{"line":16,"column":0},"end":{"line":16,"column":16}},"16":{"start":{"line":17,"column":0},"end":{"line":17,"column":11}},"17":{"start":{"line":18,"column":0},"end":{"line":18,"column":12}},"18":{"start":{"line":19,"column":0},"end":{"line":19,"column":15}},"19":{"start":{"line":20,"column":0},"end":{"line":20,"column":7}},"20":{"start":{"line":21,"column":0},"end":{"line":21,"column":12}},"21":{"start":{"line":22,"column":0},"end":{"line":22,"column":8}},"22":{"start":{"line":23,"column":0},"end":{"line":23,"column":13}},"23":{"start":{"line":24,"column":0},"end":{"line":24,"column":33}},"24":{"start":{"line":25,"column":0},"end":{"line":25,"column":0}},"25":{"start":{"line":26,"column":0},"end":{"line":26,"column":30}},"26":{"start":{"line":27,"column":0},"end":{"line":27,"column":8}},"27":{"start":{"line":28,"column":0},"end":{"line":28,"column":18}},"28":{"start":{"line":29,"column":0},"end":{"line":29,"column":16}},"29":{"start":{"line":30,"column":0},"end":{"line":30,"column":17}},"30":{"start":{"line":31,"column":0},"end":{"line":31,"column":11}},"31":{"start":{"line":32,"column":0},"end":{"line":32,"column":12}},"32":{"start":{"line":33,"column":0},"end":{"line":33,"column":14}},"33":{"start":{"line":34,"column":0},"end":{"line":34,"column":16}},"34":{"start":{"line":35,"column":0},"end":{"line":35,"column":13}},"35":{"start":{"line":36,"column":0},"end":{"line":36,"column":14}},"36":{"start":{"line":37,"column":0},"end":{"line":37,"column":38}},"37":{"start":{"line":38,"column":0},"end":{"line":38,"column":0}},"38":{"start":{"line":39,"column":0},"end":{"line":39,"column":8}},"39":{"start":{"line":40,"column":0},"end":{"line":40,"column":14}},"40":{"start":{"line":41,"column":0},"end":{"line":41,"column":13}},"41":{"start":{"line":42,"column":0},"end":{"line":42,"column":12}},"42":{"start":{"line":43,"column":0},"end":{"line":43,"column":15}},"43":{"start":{"line":44,"column":0},"end":{"line":44,"column":11}},"44":{"start":{"line":45,"column":0},"end":{"line":45,"column":13}},"45":{"start":{"line":46,"column":0},"end":{"line":46,"column":33}},"46":{"start":{"line":47,"column":0},"end":{"line":47,"column":0}},"47":{"start":{"line":48,"column":0},"end":{"line":48,"column":8}},"48":{"start":{"line":49,"column":0},"end":{"line":49,"column":11}},"49":{"start":{"line":50,"column":0},"end":{"line":50,"column":11}},"50":{"start":{"line":51,"column":0},"end":{"line":51,"column":11}},"51":{"start":{"line":52,"column":0},"end":{"line":52,"column":11}},"52":{"start":{"line":53,"column":0},"end":{"line":53,"column":14}},"53":{"start":{"line":54,"column":0},"end":{"line":54,"column":11}},"54":{"start":{"line":55,"column":0},"end":{"line":55,"column":11}},"55":{"start":{"line":56,"column":0},"end":{"line":56,"column":8}},"56":{"start":{"line":57,"column":0},"end":{"line":57,"column":33}},"57":{"start":{"line":58,"column":0},"end":{"line":58,"column":0}},"58":{"start":{"line":59,"column":0},"end":{"line":59,"column":8}},"59":{"start":{"line":60,"column":0},"end":{"line":60,"column":12}},"60":{"start":{"line":61,"column":0},"end":{"line":61,"column":20}},"61":{"start":{"line":62,"column":0},"end":{"line":62,"column":14}},"62":{"start":{"line":63,"column":0},"end":{"line":63,"column":15}},"63":{"start":{"line":64,"column":0},"end":{"line":64,"column":15}},"64":{"start":{"line":65,"column":0},"end":{"line":65,"column":35}},"65":{"start":{"line":66,"column":0},"end":{"line":66,"column":0}},"66":{"start":{"line":67,"column":0},"end":{"line":67,"column":8}},"67":{"start":{"line":68,"column":0},"end":{"line":68,"column":20}},"68":{"start":{"line":69,"column":0},"end":{"line":69,"column":19}},"69":{"start":{"line":70,"column":0},"end":{"line":70,"column":21}},"70":{"start":{"line":71,"column":0},"end":{"line":71,"column":16}},"71":{"start":{"line":72,"column":0},"end":{"line":72,"column":11}},"72":{"start":{"line":73,"column":0},"end":{"line":73,"column":18}},"73":{"start":{"line":74,"column":0},"end":{"line":74,"column":15}},"74":{"start":{"line":75,"column":0},"end":{"line":75,"column":15}},"75":{"start":{"line":76,"column":0},"end":{"line":76,"column":39}},"76":{"start":{"line":77,"column":0},"end":{"line":77,"column":0}},"77":{"start":{"line":78,"column":0},"end":{"line":78,"column":67}},"78":{"start":{"line":79,"column":0},"end":{"line":79,"column":63}},"79":{"start":{"line":80,"column":0},"end":{"line":80,"column":57}},"80":{"start":{"line":81,"column":0},"end":{"line":81,"column":0}},"81":{"start":{"line":82,"column":0},"end":{"line":82,"column":16}},"82":{"start":{"line":83,"column":0},"end":{"line":83,"column":38}},"83":{"start":{"line":84,"column":0},"end":{"line":84,"column":5}},"84":{"start":{"line":85,"column":0},"end":{"line":85,"column":27}},"85":{"start":{"line":86,"column":0},"end":{"line":86,"column":14}},"86":{"start":{"line":87,"column":0},"end":{"line":87,"column":15}},"87":{"start":{"line":88,"column":0},"end":{"line":88,"column":3}},"88":{"start":{"line":89,"column":0},"end":{"line":89,"column":0}},"89":{"start":{"line":90,"column":0},"end":{"line":90,"column":21}},"90":{"start":{"line":91,"column":0},"end":{"line":91,"column":16}},"91":{"start":{"line":92,"column":0},"end":{"line":92,"column":17}},"92":{"start":{"line":93,"column":0},"end":{"line":93,"column":14}},"93":{"start":{"line":94,"column":0},"end":{"line":94,"column":15}},"94":{"start":{"line":95,"column":0},"end":{"line":95,"column":3}},"95":{"start":{"line":96,"column":0},"end":{"line":96,"column":0}},"96":{"start":{"line":97,"column":0},"end":{"line":97,"column":8}},"97":{"start":{"line":98,"column":0},"end":{"line":98,"column":51}},"98":{"start":{"line":99,"column":0},"end":{"line":99,"column":94}},"99":{"start":{"line":100,"column":0},"end":{"line":100,"column":40}},"100":{"start":{"line":101,"column":0},"end":{"line":101,"column":39}},"101":{"start":{"line":102,"column":0},"end":{"line":102,"column":3}},"102":{"start":{"line":103,"column":0},"end":{"line":103,"column":0}},"103":{"start":{"line":104,"column":0},"end":{"line":104,"column":23}},"104":{"start":{"line":105,"column":0},"end":{"line":105,"column":15}},"105":{"start":{"line":106,"column":0},"end":{"line":106,"column":3}},"106":{"start":{"line":107,"column":0},"end":{"line":107,"column":0}},"107":{"start":{"line":108,"column":0},"end":{"line":108,"column":29}},"108":{"start":{"line":109,"column":0},"end":{"line":109,"column":53}},"109":{"start":{"line":110,"column":0},"end":{"line":110,"column":3}},"110":{"start":{"line":111,"column":0},"end":{"line":111,"column":0}},"111":{"start":{"line":112,"column":0},"end":{"line":112,"column":29}},"112":{"start":{"line":113,"column":0},"end":{"line":113,"column":49}},"113":{"start":{"line":114,"column":0},"end":{"line":114,"column":23}},"114":{"start":{"line":115,"column":0},"end":{"line":115,"column":3}},"115":{"start":{"line":116,"column":0},"end":{"line":116,"column":0}},"116":{"start":{"line":117,"column":0},"end":{"line":117,"column":35}},"117":{"start":{"line":118,"column":0},"end":{"line":118,"column":47}},"118":{"start":{"line":119,"column":0},"end":{"line":119,"column":3}},"119":{"start":{"line":120,"column":0},"end":{"line":120,"column":2}},"120":{"start":{"line":121,"column":0},"end":{"line":121,"column":0}},"121":{"start":{"line":122,"column":0},"end":{"line":122,"column":20}},"122":{"start":{"line":123,"column":0},"end":{"line":123,"column":36}},"123":{"start":{"line":124,"column":0},"end":{"line":124,"column":31}},"124":{"start":{"line":125,"column":0},"end":{"line":125,"column":42}},"125":{"start":{"line":126,"column":0},"end":{"line":126,"column":0}},"126":{"start":{"line":127,"column":0},"end":{"line":127,"column":36}},"127":{"start":{"line":128,"column":0},"end":{"line":128,"column":53}},"128":{"start":{"line":129,"column":0},"end":{"line":129,"column":10}},"129":{"start":{"line":130,"column":0},"end":{"line":130,"column":17}},"130":{"start":{"line":131,"column":0},"end":{"line":131,"column":22}},"131":{"start":{"line":132,"column":0},"end":{"line":132,"column":26}},"132":{"start":{"line":133,"column":0},"end":{"line":133,"column":28}},"133":{"start":{"line":134,"column":0},"end":{"line":134,"column":25}},"134":{"start":{"line":135,"column":0},"end":{"line":135,"column":22}},"135":{"start":{"line":136,"column":0},"end":{"line":136,"column":30}},"136":{"start":{"line":137,"column":0},"end":{"line":137,"column":31}},"137":{"start":{"line":138,"column":0},"end":{"line":138,"column":26}},"138":{"start":{"line":139,"column":0},"end":{"line":139,"column":7}},"139":{"start":{"line":140,"column":0},"end":{"line":140,"column":84}},"140":{"start":{"line":141,"column":0},"end":{"line":141,"column":19}},"141":{"start":{"line":142,"column":0},"end":{"line":142,"column":25}},"142":{"start":{"line":143,"column":0},"end":{"line":143,"column":30}},"143":{"start":{"line":144,"column":0},"end":{"line":144,"column":24}},"144":{"start":{"line":145,"column":0},"end":{"line":145,"column":28}},"145":{"start":{"line":146,"column":0},"end":{"line":146,"column":29}},"146":{"start":{"line":147,"column":0},"end":{"line":147,"column":28}},"147":{"start":{"line":148,"column":0},"end":{"line":148,"column":9}},"148":{"start":{"line":149,"column":0},"end":{"line":149,"column":23}},"149":{"start":{"line":150,"column":0},"end":{"line":150,"column":12}},"150":{"start":{"line":151,"column":0},"end":{"line":151,"column":61}},"151":{"start":{"line":152,"column":0},"end":{"line":152,"column":17}},"152":{"start":{"line":153,"column":0},"end":{"line":153,"column":15}},"153":{"start":{"line":154,"column":0},"end":{"line":154,"column":10}},"154":{"start":{"line":155,"column":0},"end":{"line":155,"column":4}},"155":{"start":{"line":156,"column":0},"end":{"line":156,"column":1}},"156":{"start":{"line":157,"column":0},"end":{"line":157,"column":0}},"157":{"start":{"line":158,"column":0},"end":{"line":158,"column":16}},"158":{"start":{"line":159,"column":0},"end":{"line":159,"column":41}},"159":{"start":{"line":160,"column":0},"end":{"line":160,"column":47}},"160":{"start":{"line":161,"column":0},"end":{"line":161,"column":0}},"161":{"start":{"line":162,"column":0},"end":{"line":162,"column":19}},"162":{"start":{"line":163,"column":0},"end":{"line":163,"column":48}},"163":{"start":{"line":164,"column":0},"end":{"line":164,"column":16}},"164":{"start":{"line":165,"column":0},"end":{"line":165,"column":11}},"165":{"start":{"line":166,"column":0},"end":{"line":166,"column":37}},"166":{"start":{"line":167,"column":0},"end":{"line":167,"column":56}},"167":{"start":{"line":168,"column":0},"end":{"line":168,"column":10}},"168":{"start":{"line":169,"column":0},"end":{"line":169,"column":29}},"169":{"start":{"line":170,"column":0},"end":{"line":170,"column":33}},"170":{"start":{"line":171,"column":0},"end":{"line":171,"column":10}},"171":{"start":{"line":172,"column":0},"end":{"line":172,"column":27}},"172":{"start":{"line":173,"column":0},"end":{"line":173,"column":55}},"173":{"start":{"line":174,"column":0},"end":{"line":174,"column":43}},"174":{"start":{"line":175,"column":0},"end":{"line":175,"column":10}},"175":{"start":{"line":176,"column":0},"end":{"line":176,"column":24}},"176":{"start":{"line":177,"column":0},"end":{"line":177,"column":28}},"177":{"start":{"line":178,"column":0},"end":{"line":178,"column":11}},"178":{"start":{"line":179,"column":0},"end":{"line":179,"column":12}},"179":{"start":{"line":180,"column":0},"end":{"line":180,"column":24}},"180":{"start":{"line":181,"column":0},"end":{"line":181,"column":5}},"181":{"start":{"line":182,"column":0},"end":{"line":182,"column":9}},"182":{"start":{"line":183,"column":0},"end":{"line":183,"column":0}},"183":{"start":{"line":184,"column":0},"end":{"line":184,"column":24}},"184":{"start":{"line":185,"column":0},"end":{"line":185,"column":37}},"185":{"start":{"line":186,"column":0},"end":{"line":186,"column":18}},"186":{"start":{"line":187,"column":0},"end":{"line":187,"column":4}},"187":{"start":{"line":188,"column":0},"end":{"line":188,"column":0}},"188":{"start":{"line":189,"column":0},"end":{"line":189,"column":16}},"189":{"start":{"line":190,"column":0},"end":{"line":190,"column":12}},"190":{"start":{"line":191,"column":0},"end":{"line":191,"column":35}},"191":{"start":{"line":192,"column":0},"end":{"line":192,"column":23}},"192":{"start":{"line":193,"column":0},"end":{"line":193,"column":26}},"193":{"start":{"line":194,"column":0},"end":{"line":194,"column":31}},"194":{"start":{"line":195,"column":0},"end":{"line":195,"column":27}},"195":{"start":{"line":196,"column":0},"end":{"line":196,"column":22}},"196":{"start":{"line":197,"column":0},"end":{"line":197,"column":6}},"197":{"start":{"line":198,"column":0},"end":{"line":198,"column":3}},"198":{"start":{"line":199,"column":0},"end":{"line":199,"column":0}},"199":{"start":{"line":200,"column":0},"end":{"line":200,"column":10}},"200":{"start":{"line":201,"column":0},"end":{"line":201,"column":19}},"201":{"start":{"line":202,"column":0},"end":{"line":202,"column":33}},"202":{"start":{"line":203,"column":0},"end":{"line":203,"column":21}},"203":{"start":{"line":204,"column":0},"end":{"line":204,"column":16}},"204":{"start":{"line":205,"column":0},"end":{"line":205,"column":54}},"205":{"start":{"line":206,"column":0},"end":{"line":206,"column":38}},"206":{"start":{"line":207,"column":0},"end":{"line":207,"column":20}},"207":{"start":{"line":208,"column":0},"end":{"line":208,"column":18}},"208":{"start":{"line":209,"column":0},"end":{"line":209,"column":40}},"209":{"start":{"line":210,"column":0},"end":{"line":210,"column":13}},"210":{"start":{"line":211,"column":0},"end":{"line":211,"column":65}},"211":{"start":{"line":212,"column":0},"end":{"line":212,"column":51}},"212":{"start":{"line":213,"column":0},"end":{"line":213,"column":32}},"213":{"start":{"line":214,"column":0},"end":{"line":214,"column":10}},"214":{"start":{"line":215,"column":0},"end":{"line":215,"column":21}},"215":{"start":{"line":216,"column":0},"end":{"line":216,"column":14}},"216":{"start":{"line":217,"column":0},"end":{"line":217,"column":17}},"217":{"start":{"line":218,"column":0},"end":{"line":218,"column":20}},"218":{"start":{"line":219,"column":0},"end":{"line":219,"column":20}},"219":{"start":{"line":220,"column":0},"end":{"line":220,"column":4}},"220":{"start":{"line":221,"column":0},"end":{"line":221,"column":1}},"221":{"start":{"line":222,"column":0},"end":{"line":222,"column":0}},"222":{"start":{"line":223,"column":0},"end":{"line":223,"column":32}},"223":{"start":{"line":224,"column":0},"end":{"line":224,"column":47}},"224":{"start":{"line":225,"column":0},"end":{"line":225,"column":41}},"225":{"start":{"line":226,"column":0},"end":{"line":226,"column":47}},"226":{"start":{"line":227,"column":0},"end":{"line":227,"column":48}},"227":{"start":{"line":228,"column":0},"end":{"line":228,"column":41}},"228":{"start":{"line":229,"column":0},"end":{"line":229,"column":63}},"229":{"start":{"line":230,"column":0},"end":{"line":230,"column":68}},"230":{"start":{"line":231,"column":0},"end":{"line":231,"column":18}},"231":{"start":{"line":232,"column":0},"end":{"line":232,"column":21}},"232":{"start":{"line":233,"column":0},"end":{"line":233,"column":21}},"233":{"start":{"line":234,"column":0},"end":{"line":234,"column":18}},"234":{"start":{"line":235,"column":0},"end":{"line":235,"column":19}},"235":{"start":{"line":236,"column":0},"end":{"line":236,"column":5}},"236":{"start":{"line":237,"column":0},"end":{"line":237,"column":0}},"237":{"start":{"line":238,"column":0},"end":{"line":238,"column":51}},"238":{"start":{"line":239,"column":0},"end":{"line":239,"column":19}},"239":{"start":{"line":240,"column":0},"end":{"line":240,"column":66}},"240":{"start":{"line":241,"column":0},"end":{"line":241,"column":41}},"241":{"start":{"line":242,"column":0},"end":{"line":242,"column":52}},"242":{"start":{"line":243,"column":0},"end":{"line":243,"column":4}},"243":{"start":{"line":244,"column":0},"end":{"line":244,"column":41}},"244":{"start":{"line":245,"column":0},"end":{"line":245,"column":32}},"245":{"start":{"line":246,"column":0},"end":{"line":246,"column":24}},"246":{"start":{"line":247,"column":0},"end":{"line":247,"column":6}},"247":{"start":{"line":248,"column":0},"end":{"line":248,"column":41}},"248":{"start":{"line":249,"column":0},"end":{"line":249,"column":11}},"249":{"start":{"line":250,"column":0},"end":{"line":250,"column":59}},"250":{"start":{"line":251,"column":0},"end":{"line":251,"column":29}},"251":{"start":{"line":252,"column":0},"end":{"line":252,"column":36}},"252":{"start":{"line":253,"column":0},"end":{"line":253,"column":42}},"253":{"start":{"line":254,"column":0},"end":{"line":254,"column":11}},"254":{"start":{"line":255,"column":0},"end":{"line":255,"column":10}},"255":{"start":{"line":256,"column":0},"end":{"line":256,"column":25}},"256":{"start":{"line":257,"column":0},"end":{"line":257,"column":75}},"257":{"start":{"line":258,"column":0},"end":{"line":258,"column":11}},"258":{"start":{"line":259,"column":0},"end":{"line":259,"column":5}},"259":{"start":{"line":260,"column":0},"end":{"line":260,"column":9}},"260":{"start":{"line":261,"column":0},"end":{"line":261,"column":0}},"261":{"start":{"line":262,"column":0},"end":{"line":262,"column":31}},"262":{"start":{"line":263,"column":0},"end":{"line":263,"column":19}},"263":{"start":{"line":264,"column":0},"end":{"line":264,"column":20}},"264":{"start":{"line":265,"column":0},"end":{"line":265,"column":31}},"265":{"start":{"line":266,"column":0},"end":{"line":266,"column":22}},"266":{"start":{"line":267,"column":0},"end":{"line":267,"column":25}},"267":{"start":{"line":268,"column":0},"end":{"line":268,"column":25}},"268":{"start":{"line":269,"column":0},"end":{"line":269,"column":22}},"269":{"start":{"line":270,"column":0},"end":{"line":270,"column":23}},"270":{"start":{"line":271,"column":0},"end":{"line":271,"column":9}},"271":{"start":{"line":272,"column":0},"end":{"line":272,"column":13}},"272":{"start":{"line":273,"column":0},"end":{"line":273,"column":5}},"273":{"start":{"line":274,"column":0},"end":{"line":274,"column":0}},"274":{"start":{"line":275,"column":0},"end":{"line":275,"column":29}},"275":{"start":{"line":276,"column":0},"end":{"line":276,"column":36}},"276":{"start":{"line":277,"column":0},"end":{"line":277,"column":40}},"277":{"start":{"line":278,"column":0},"end":{"line":278,"column":40}},"278":{"start":{"line":279,"column":0},"end":{"line":279,"column":37}},"279":{"start":{"line":280,"column":0},"end":{"line":280,"column":70}},"280":{"start":{"line":281,"column":0},"end":{"line":281,"column":7}},"281":{"start":{"line":282,"column":0},"end":{"line":282,"column":17}},"282":{"start":{"line":283,"column":0},"end":{"line":283,"column":0}},"283":{"start":{"line":284,"column":0},"end":{"line":284,"column":77}},"284":{"start":{"line":285,"column":0},"end":{"line":285,"column":0}},"285":{"start":{"line":286,"column":0},"end":{"line":286,"column":37}},"286":{"start":{"line":287,"column":0},"end":{"line":287,"column":23}},"287":{"start":{"line":288,"column":0},"end":{"line":288,"column":21}},"288":{"start":{"line":289,"column":0},"end":{"line":289,"column":17}},"289":{"start":{"line":290,"column":0},"end":{"line":290,"column":0}},"290":{"start":{"line":291,"column":0},"end":{"line":291,"column":9}},"291":{"start":{"line":292,"column":0},"end":{"line":292,"column":40}},"292":{"start":{"line":293,"column":0},"end":{"line":293,"column":45}},"293":{"start":{"line":294,"column":0},"end":{"line":294,"column":31}},"294":{"start":{"line":295,"column":0},"end":{"line":295,"column":62}},"295":{"start":{"line":296,"column":0},"end":{"line":296,"column":28}},"296":{"start":{"line":297,"column":0},"end":{"line":297,"column":17}},"297":{"start":{"line":298,"column":0},"end":{"line":298,"column":9}},"298":{"start":{"line":299,"column":0},"end":{"line":299,"column":0}},"299":{"start":{"line":300,"column":0},"end":{"line":300,"column":67}},"300":{"start":{"line":301,"column":0},"end":{"line":301,"column":44}},"301":{"start":{"line":302,"column":0},"end":{"line":302,"column":19}},"302":{"start":{"line":303,"column":0},"end":{"line":303,"column":11}},"303":{"start":{"line":304,"column":0},"end":{"line":304,"column":0}},"304":{"start":{"line":305,"column":0},"end":{"line":305,"column":47}},"305":{"start":{"line":306,"column":0},"end":{"line":306,"column":52}},"306":{"start":{"line":307,"column":0},"end":{"line":307,"column":0}},"307":{"start":{"line":308,"column":0},"end":{"line":308,"column":72}},"308":{"start":{"line":309,"column":0},"end":{"line":309,"column":63}},"309":{"start":{"line":310,"column":0},"end":{"line":310,"column":11}},"310":{"start":{"line":311,"column":0},"end":{"line":311,"column":0}},"311":{"start":{"line":312,"column":0},"end":{"line":312,"column":38}},"312":{"start":{"line":313,"column":0},"end":{"line":313,"column":27}},"313":{"start":{"line":314,"column":0},"end":{"line":314,"column":16}},"314":{"start":{"line":315,"column":0},"end":{"line":315,"column":64}},"315":{"start":{"line":316,"column":0},"end":{"line":316,"column":16}},"316":{"start":{"line":317,"column":0},"end":{"line":317,"column":19}},"317":{"start":{"line":318,"column":0},"end":{"line":318,"column":11}},"318":{"start":{"line":319,"column":0},"end":{"line":319,"column":0}},"319":{"start":{"line":320,"column":0},"end":{"line":320,"column":47}},"320":{"start":{"line":321,"column":0},"end":{"line":321,"column":52}},"321":{"start":{"line":322,"column":0},"end":{"line":322,"column":0}},"322":{"start":{"line":323,"column":0},"end":{"line":323,"column":72}},"323":{"start":{"line":324,"column":0},"end":{"line":324,"column":63}},"324":{"start":{"line":325,"column":0},"end":{"line":325,"column":11}},"325":{"start":{"line":326,"column":0},"end":{"line":326,"column":0}},"326":{"start":{"line":327,"column":0},"end":{"line":327,"column":38}},"327":{"start":{"line":328,"column":0},"end":{"line":328,"column":14}},"328":{"start":{"line":329,"column":0},"end":{"line":329,"column":61}},"329":{"start":{"line":330,"column":0},"end":{"line":330,"column":26}},"330":{"start":{"line":331,"column":0},"end":{"line":331,"column":7}},"331":{"start":{"line":332,"column":0},"end":{"line":332,"column":19}},"332":{"start":{"line":333,"column":0},"end":{"line":333,"column":40}},"333":{"start":{"line":334,"column":0},"end":{"line":334,"column":26}},"334":{"start":{"line":335,"column":0},"end":{"line":335,"column":75}},"335":{"start":{"line":336,"column":0},"end":{"line":336,"column":29}},"336":{"start":{"line":337,"column":0},"end":{"line":337,"column":15}},"337":{"start":{"line":338,"column":0},"end":{"line":338,"column":24}},"338":{"start":{"line":339,"column":0},"end":{"line":339,"column":5}},"339":{"start":{"line":340,"column":0},"end":{"line":340,"column":4}},"340":{"start":{"line":341,"column":0},"end":{"line":341,"column":0}},"341":{"start":{"line":342,"column":0},"end":{"line":342,"column":10}},"342":{"start":{"line":343,"column":0},"end":{"line":343,"column":19}},"343":{"start":{"line":344,"column":0},"end":{"line":344,"column":16}},"344":{"start":{"line":345,"column":0},"end":{"line":345,"column":46}},"345":{"start":{"line":346,"column":0},"end":{"line":346,"column":22}},"346":{"start":{"line":347,"column":0},"end":{"line":347,"column":26}},"347":{"start":{"line":348,"column":0},"end":{"line":348,"column":35}},"348":{"start":{"line":349,"column":0},"end":{"line":349,"column":21}},"349":{"start":{"line":350,"column":0},"end":{"line":350,"column":39}},"350":{"start":{"line":351,"column":0},"end":{"line":351,"column":52}},"351":{"start":{"line":352,"column":0},"end":{"line":352,"column":23}},"352":{"start":{"line":353,"column":0},"end":{"line":353,"column":0}},"353":{"start":{"line":354,"column":0},"end":{"line":354,"column":42}},"354":{"start":{"line":355,"column":0},"end":{"line":355,"column":82}},"355":{"start":{"line":356,"column":0},"end":{"line":356,"column":54}},"356":{"start":{"line":357,"column":0},"end":{"line":357,"column":69}},"357":{"start":{"line":358,"column":0},"end":{"line":358,"column":61}},"358":{"start":{"line":359,"column":0},"end":{"line":359,"column":16}},"359":{"start":{"line":360,"column":0},"end":{"line":360,"column":16}},"360":{"start":{"line":361,"column":0},"end":{"line":361,"column":10}},"361":{"start":{"line":362,"column":0},"end":{"line":362,"column":0}},"362":{"start":{"line":363,"column":0},"end":{"line":363,"column":38}},"363":{"start":{"line":364,"column":0},"end":{"line":364,"column":43}},"364":{"start":{"line":365,"column":0},"end":{"line":365,"column":0}},"365":{"start":{"line":366,"column":0},"end":{"line":366,"column":21}},"366":{"start":{"line":367,"column":0},"end":{"line":367,"column":56}},"367":{"start":{"line":368,"column":0},"end":{"line":368,"column":18}},"368":{"start":{"line":369,"column":0},"end":{"line":369,"column":24}},"369":{"start":{"line":370,"column":0},"end":{"line":370,"column":26}},"370":{"start":{"line":371,"column":0},"end":{"line":371,"column":26}},"371":{"start":{"line":372,"column":0},"end":{"line":372,"column":22}},"372":{"start":{"line":373,"column":0},"end":{"line":373,"column":27}},"373":{"start":{"line":374,"column":0},"end":{"line":374,"column":56}},"374":{"start":{"line":375,"column":0},"end":{"line":375,"column":44}},"375":{"start":{"line":376,"column":0},"end":{"line":376,"column":42}},"376":{"start":{"line":377,"column":0},"end":{"line":377,"column":14}},"377":{"start":{"line":378,"column":0},"end":{"line":378,"column":33}},"378":{"start":{"line":379,"column":0},"end":{"line":379,"column":89}},"379":{"start":{"line":380,"column":0},"end":{"line":380,"column":42}},"380":{"start":{"line":381,"column":0},"end":{"line":381,"column":18}},"381":{"start":{"line":382,"column":0},"end":{"line":382,"column":14}},"382":{"start":{"line":383,"column":0},"end":{"line":383,"column":22}},"383":{"start":{"line":384,"column":0},"end":{"line":384,"column":0}},"384":{"start":{"line":385,"column":0},"end":{"line":385,"column":21}},"385":{"start":{"line":386,"column":0},"end":{"line":386,"column":54}},"386":{"start":{"line":387,"column":0},"end":{"line":387,"column":18}},"387":{"start":{"line":388,"column":0},"end":{"line":388,"column":27}},"388":{"start":{"line":389,"column":0},"end":{"line":389,"column":29}},"389":{"start":{"line":390,"column":0},"end":{"line":390,"column":29}},"390":{"start":{"line":391,"column":0},"end":{"line":391,"column":22}},"391":{"start":{"line":392,"column":0},"end":{"line":392,"column":30}},"392":{"start":{"line":393,"column":0},"end":{"line":393,"column":59}},"393":{"start":{"line":394,"column":0},"end":{"line":394,"column":47}},"394":{"start":{"line":395,"column":0},"end":{"line":395,"column":14}},"395":{"start":{"line":396,"column":0},"end":{"line":396,"column":26}},"396":{"start":{"line":397,"column":0},"end":{"line":397,"column":74}},"397":{"start":{"line":398,"column":0},"end":{"line":398,"column":73}},"398":{"start":{"line":399,"column":0},"end":{"line":399,"column":40}},"399":{"start":{"line":400,"column":0},"end":{"line":400,"column":22}},"400":{"start":{"line":401,"column":0},"end":{"line":401,"column":90}},"401":{"start":{"line":402,"column":0},"end":{"line":402,"column":88}},"402":{"start":{"line":403,"column":0},"end":{"line":403,"column":74}},"403":{"start":{"line":404,"column":0},"end":{"line":404,"column":97}},"404":{"start":{"line":405,"column":0},"end":{"line":405,"column":44}},"405":{"start":{"line":406,"column":0},"end":{"line":406,"column":27}},"406":{"start":{"line":407,"column":0},"end":{"line":407,"column":24}},"407":{"start":{"line":408,"column":0},"end":{"line":408,"column":88}},"408":{"start":{"line":409,"column":0},"end":{"line":409,"column":77}},"409":{"start":{"line":410,"column":0},"end":{"line":410,"column":100}},"410":{"start":{"line":411,"column":0},"end":{"line":411,"column":42}},"411":{"start":{"line":412,"column":0},"end":{"line":412,"column":27}},"412":{"start":{"line":413,"column":0},"end":{"line":413,"column":24}},"413":{"start":{"line":414,"column":0},"end":{"line":414,"column":88}},"414":{"start":{"line":415,"column":0},"end":{"line":415,"column":77}},"415":{"start":{"line":416,"column":0},"end":{"line":416,"column":100}},"416":{"start":{"line":417,"column":0},"end":{"line":417,"column":42}},"417":{"start":{"line":418,"column":0},"end":{"line":418,"column":27}},"418":{"start":{"line":419,"column":0},"end":{"line":419,"column":24}},"419":{"start":{"line":420,"column":0},"end":{"line":420,"column":88}},"420":{"start":{"line":421,"column":0},"end":{"line":421,"column":74}},"421":{"start":{"line":422,"column":0},"end":{"line":422,"column":97}},"422":{"start":{"line":423,"column":0},"end":{"line":423,"column":32}},"423":{"start":{"line":424,"column":0},"end":{"line":424,"column":27}},"424":{"start":{"line":425,"column":0},"end":{"line":425,"column":24}},"425":{"start":{"line":426,"column":0},"end":{"line":426,"column":88}},"426":{"start":{"line":427,"column":0},"end":{"line":427,"column":75}},"427":{"start":{"line":428,"column":0},"end":{"line":428,"column":98}},"428":{"start":{"line":429,"column":0},"end":{"line":429,"column":59}},"429":{"start":{"line":430,"column":0},"end":{"line":430,"column":27}},"430":{"start":{"line":431,"column":0},"end":{"line":431,"column":24}},"431":{"start":{"line":432,"column":0},"end":{"line":432,"column":22}},"432":{"start":{"line":433,"column":0},"end":{"line":433,"column":20}},"433":{"start":{"line":434,"column":0},"end":{"line":434,"column":14}},"434":{"start":{"line":435,"column":0},"end":{"line":435,"column":22}},"435":{"start":{"line":436,"column":0},"end":{"line":436,"column":0}},"436":{"start":{"line":437,"column":0},"end":{"line":437,"column":22}},"437":{"start":{"line":438,"column":0},"end":{"line":438,"column":14}},"438":{"start":{"line":439,"column":0},"end":{"line":439,"column":73}},"439":{"start":{"line":440,"column":0},"end":{"line":440,"column":55}},"440":{"start":{"line":441,"column":0},"end":{"line":441,"column":23}},"441":{"start":{"line":442,"column":0},"end":{"line":442,"column":26}},"442":{"start":{"line":443,"column":0},"end":{"line":443,"column":23}},"443":{"start":{"line":444,"column":0},"end":{"line":444,"column":31}},"444":{"start":{"line":445,"column":0},"end":{"line":445,"column":33}},"445":{"start":{"line":446,"column":0},"end":{"line":446,"column":51}},"446":{"start":{"line":447,"column":0},"end":{"line":447,"column":17}},"447":{"start":{"line":448,"column":0},"end":{"line":448,"column":76}},"448":{"start":{"line":449,"column":0},"end":{"line":449,"column":25}},"449":{"start":{"line":450,"column":0},"end":{"line":450,"column":27}},"450":{"start":{"line":451,"column":0},"end":{"line":451,"column":15}},"451":{"start":{"line":452,"column":0},"end":{"line":452,"column":33}},"452":{"start":{"line":453,"column":0},"end":{"line":453,"column":19}},"453":{"start":{"line":454,"column":0},"end":{"line":454,"column":27}},"454":{"start":{"line":455,"column":0},"end":{"line":455,"column":31}},"455":{"start":{"line":456,"column":0},"end":{"line":456,"column":52}},"456":{"start":{"line":457,"column":0},"end":{"line":457,"column":13}},"457":{"start":{"line":458,"column":0},"end":{"line":458,"column":66}},"458":{"start":{"line":459,"column":0},"end":{"line":459,"column":21}},"459":{"start":{"line":460,"column":0},"end":{"line":460,"column":15}},"460":{"start":{"line":461,"column":0},"end":{"line":461,"column":24}},"461":{"start":{"line":462,"column":0},"end":{"line":462,"column":21}},"462":{"start":{"line":463,"column":0},"end":{"line":463,"column":29}},"463":{"start":{"line":464,"column":0},"end":{"line":464,"column":31}},"464":{"start":{"line":465,"column":0},"end":{"line":465,"column":48}},"465":{"start":{"line":466,"column":0},"end":{"line":466,"column":15}},"466":{"start":{"line":467,"column":0},"end":{"line":467,"column":48}},"467":{"start":{"line":468,"column":0},"end":{"line":468,"column":23}},"468":{"start":{"line":469,"column":0},"end":{"line":469,"column":25}},"469":{"start":{"line":470,"column":0},"end":{"line":470,"column":12}},"470":{"start":{"line":471,"column":0},"end":{"line":471,"column":15}},"471":{"start":{"line":472,"column":0},"end":{"line":472,"column":17}},"472":{"start":{"line":473,"column":0},"end":{"line":473,"column":20}},"473":{"start":{"line":474,"column":0},"end":{"line":474,"column":4}},"474":{"start":{"line":475,"column":0},"end":{"line":475,"column":1}},"475":{"start":{"line":476,"column":0},"end":{"line":476,"column":0}},"476":{"start":{"line":477,"column":0},"end":{"line":477,"column":81}},"477":{"start":{"line":478,"column":0},"end":{"line":478,"column":53}},"478":{"start":{"line":479,"column":0},"end":{"line":479,"column":48}},"479":{"start":{"line":480,"column":0},"end":{"line":480,"column":57}},"480":{"start":{"line":481,"column":0},"end":{"line":481,"column":59}},"481":{"start":{"line":482,"column":0},"end":{"line":482,"column":55}},"482":{"start":{"line":483,"column":0},"end":{"line":483,"column":53}},"483":{"start":{"line":484,"column":0},"end":{"line":484,"column":70}},"484":{"start":{"line":485,"column":0},"end":{"line":485,"column":41}},"485":{"start":{"line":486,"column":0},"end":{"line":486,"column":58}},"486":{"start":{"line":487,"column":0},"end":{"line":487,"column":80}},"487":{"start":{"line":488,"column":0},"end":{"line":488,"column":0}},"488":{"start":{"line":489,"column":0},"end":{"line":489,"column":40}},"489":{"start":{"line":490,"column":0},"end":{"line":490,"column":19}},"490":{"start":{"line":491,"column":0},"end":{"line":491,"column":22}},"491":{"start":{"line":492,"column":0},"end":{"line":492,"column":16}},"492":{"start":{"line":493,"column":0},"end":{"line":493,"column":9}},"493":{"start":{"line":494,"column":0},"end":{"line":494,"column":0}},"494":{"start":{"line":495,"column":0},"end":{"line":495,"column":39}},"495":{"start":{"line":496,"column":0},"end":{"line":496,"column":32}},"496":{"start":{"line":497,"column":0},"end":{"line":497,"column":9}},"497":{"start":{"line":498,"column":0},"end":{"line":498,"column":50}},"498":{"start":{"line":499,"column":0},"end":{"line":499,"column":72}},"499":{"start":{"line":500,"column":0},"end":{"line":500,"column":54}},"500":{"start":{"line":501,"column":0},"end":{"line":501,"column":9}},"501":{"start":{"line":502,"column":0},"end":{"line":502,"column":48}},"502":{"start":{"line":503,"column":0},"end":{"line":503,"column":19}},"503":{"start":{"line":504,"column":0},"end":{"line":504,"column":55}},"504":{"start":{"line":505,"column":0},"end":{"line":505,"column":15}},"505":{"start":{"line":506,"column":0},"end":{"line":506,"column":35}},"506":{"start":{"line":507,"column":0},"end":{"line":507,"column":5}},"507":{"start":{"line":508,"column":0},"end":{"line":508,"column":4}},"508":{"start":{"line":509,"column":0},"end":{"line":509,"column":0}},"509":{"start":{"line":510,"column":0},"end":{"line":510,"column":49}},"510":{"start":{"line":511,"column":0},"end":{"line":511,"column":23}},"511":{"start":{"line":512,"column":0},"end":{"line":512,"column":21}},"512":{"start":{"line":513,"column":0},"end":{"line":513,"column":24}},"513":{"start":{"line":514,"column":0},"end":{"line":514,"column":26}},"514":{"start":{"line":515,"column":0},"end":{"line":515,"column":25}},"515":{"start":{"line":516,"column":0},"end":{"line":516,"column":0}},"516":{"start":{"line":517,"column":0},"end":{"line":517,"column":9}},"517":{"start":{"line":518,"column":0},"end":{"line":518,"column":50}},"518":{"start":{"line":519,"column":0},"end":{"line":519,"column":40}},"519":{"start":{"line":520,"column":0},"end":{"line":520,"column":45}},"520":{"start":{"line":521,"column":0},"end":{"line":521,"column":31}},"521":{"start":{"line":522,"column":0},"end":{"line":522,"column":9}},"522":{"start":{"line":523,"column":0},"end":{"line":523,"column":56}},"523":{"start":{"line":524,"column":0},"end":{"line":524,"column":9}},"524":{"start":{"line":525,"column":0},"end":{"line":525,"column":8}},"525":{"start":{"line":526,"column":0},"end":{"line":526,"column":0}},"526":{"start":{"line":527,"column":0},"end":{"line":527,"column":53}},"527":{"start":{"line":528,"column":0},"end":{"line":528,"column":24}},"528":{"start":{"line":529,"column":0},"end":{"line":529,"column":62}},"529":{"start":{"line":530,"column":0},"end":{"line":530,"column":8}},"530":{"start":{"line":531,"column":0},"end":{"line":531,"column":25}},"531":{"start":{"line":532,"column":0},"end":{"line":532,"column":40}},"532":{"start":{"line":533,"column":0},"end":{"line":533,"column":19}},"533":{"start":{"line":534,"column":0},"end":{"line":534,"column":57}},"534":{"start":{"line":535,"column":0},"end":{"line":535,"column":22}},"535":{"start":{"line":536,"column":0},"end":{"line":536,"column":83}},"536":{"start":{"line":537,"column":0},"end":{"line":537,"column":8}},"537":{"start":{"line":538,"column":0},"end":{"line":538,"column":15}},"538":{"start":{"line":539,"column":0},"end":{"line":539,"column":24}},"539":{"start":{"line":540,"column":0},"end":{"line":540,"column":5}},"540":{"start":{"line":541,"column":0},"end":{"line":541,"column":4}},"541":{"start":{"line":542,"column":0},"end":{"line":542,"column":0}},"542":{"start":{"line":543,"column":0},"end":{"line":543,"column":65}},"543":{"start":{"line":544,"column":0},"end":{"line":544,"column":54}},"544":{"start":{"line":545,"column":0},"end":{"line":545,"column":13}},"545":{"start":{"line":546,"column":0},"end":{"line":546,"column":5}},"546":{"start":{"line":547,"column":0},"end":{"line":547,"column":0}},"547":{"start":{"line":548,"column":0},"end":{"line":548,"column":9}},"548":{"start":{"line":549,"column":0},"end":{"line":549,"column":50}},"549":{"start":{"line":550,"column":0},"end":{"line":550,"column":23}},"550":{"start":{"line":551,"column":0},"end":{"line":551,"column":62}},"551":{"start":{"line":552,"column":0},"end":{"line":552,"column":11}},"552":{"start":{"line":553,"column":0},"end":{"line":553,"column":9}},"553":{"start":{"line":554,"column":0},"end":{"line":554,"column":56}},"554":{"start":{"line":555,"column":0},"end":{"line":555,"column":9}},"555":{"start":{"line":556,"column":0},"end":{"line":556,"column":8}},"556":{"start":{"line":557,"column":0},"end":{"line":557,"column":68}},"557":{"start":{"line":558,"column":0},"end":{"line":558,"column":52}},"558":{"start":{"line":559,"column":0},"end":{"line":559,"column":40}},"559":{"start":{"line":560,"column":0},"end":{"line":560,"column":19}},"560":{"start":{"line":561,"column":0},"end":{"line":561,"column":55}},"561":{"start":{"line":562,"column":0},"end":{"line":562,"column":22}},"562":{"start":{"line":563,"column":0},"end":{"line":563,"column":81}},"563":{"start":{"line":564,"column":0},"end":{"line":564,"column":8}},"564":{"start":{"line":565,"column":0},"end":{"line":565,"column":5}},"565":{"start":{"line":566,"column":0},"end":{"line":566,"column":4}},"566":{"start":{"line":567,"column":0},"end":{"line":567,"column":0}},"567":{"start":{"line":568,"column":0},"end":{"line":568,"column":39}},"568":{"start":{"line":569,"column":0},"end":{"line":569,"column":24}},"569":{"start":{"line":570,"column":0},"end":{"line":570,"column":63}},"570":{"start":{"line":571,"column":0},"end":{"line":571,"column":43}},"571":{"start":{"line":572,"column":0},"end":{"line":572,"column":65}},"572":{"start":{"line":573,"column":0},"end":{"line":573,"column":26}},"573":{"start":{"line":574,"column":0},"end":{"line":574,"column":65}},"574":{"start":{"line":575,"column":0},"end":{"line":575,"column":43}},"575":{"start":{"line":576,"column":0},"end":{"line":576,"column":18}},"576":{"start":{"line":577,"column":0},"end":{"line":577,"column":34}},"577":{"start":{"line":578,"column":0},"end":{"line":578,"column":11}},"578":{"start":{"line":579,"column":0},"end":{"line":579,"column":17}},"579":{"start":{"line":580,"column":0},"end":{"line":580,"column":9}},"580":{"start":{"line":581,"column":0},"end":{"line":581,"column":5}},"581":{"start":{"line":582,"column":0},"end":{"line":582,"column":4}},"582":{"start":{"line":583,"column":0},"end":{"line":583,"column":0}},"583":{"start":{"line":584,"column":0},"end":{"line":584,"column":33}},"584":{"start":{"line":585,"column":0},"end":{"line":585,"column":26}},"585":{"start":{"line":586,"column":0},"end":{"line":586,"column":9}},"586":{"start":{"line":587,"column":0},"end":{"line":587,"column":50}},"587":{"start":{"line":588,"column":0},"end":{"line":588,"column":66}},"588":{"start":{"line":589,"column":0},"end":{"line":589,"column":54}},"589":{"start":{"line":590,"column":0},"end":{"line":590,"column":9}},"590":{"start":{"line":591,"column":0},"end":{"line":591,"column":36}},"591":{"start":{"line":592,"column":0},"end":{"line":592,"column":19}},"592":{"start":{"line":593,"column":0},"end":{"line":593,"column":49}},"593":{"start":{"line":594,"column":0},"end":{"line":594,"column":75}},"594":{"start":{"line":595,"column":0},"end":{"line":595,"column":15}},"595":{"start":{"line":596,"column":0},"end":{"line":596,"column":29}},"596":{"start":{"line":597,"column":0},"end":{"line":597,"column":5}},"597":{"start":{"line":598,"column":0},"end":{"line":598,"column":4}},"598":{"start":{"line":599,"column":0},"end":{"line":599,"column":0}},"599":{"start":{"line":600,"column":0},"end":{"line":600,"column":44}},"600":{"start":{"line":601,"column":0},"end":{"line":601,"column":42}},"601":{"start":{"line":602,"column":0},"end":{"line":602,"column":9}},"602":{"start":{"line":603,"column":0},"end":{"line":603,"column":50}},"603":{"start":{"line":604,"column":0},"end":{"line":604,"column":77}},"604":{"start":{"line":605,"column":0},"end":{"line":605,"column":54}},"605":{"start":{"line":606,"column":0},"end":{"line":606,"column":9}},"606":{"start":{"line":607,"column":0},"end":{"line":607,"column":57}},"607":{"start":{"line":608,"column":0},"end":{"line":608,"column":19}},"608":{"start":{"line":609,"column":0},"end":{"line":609,"column":57}},"609":{"start":{"line":610,"column":0},"end":{"line":610,"column":82}},"610":{"start":{"line":611,"column":0},"end":{"line":611,"column":5}},"611":{"start":{"line":612,"column":0},"end":{"line":612,"column":4}},"612":{"start":{"line":613,"column":0},"end":{"line":613,"column":0}},"613":{"start":{"line":614,"column":0},"end":{"line":614,"column":41}},"614":{"start":{"line":615,"column":0},"end":{"line":615,"column":31}},"615":{"start":{"line":616,"column":0},"end":{"line":616,"column":0}},"616":{"start":{"line":617,"column":0},"end":{"line":617,"column":9}},"617":{"start":{"line":618,"column":0},"end":{"line":618,"column":50}},"618":{"start":{"line":619,"column":0},"end":{"line":619,"column":77}},"619":{"start":{"line":620,"column":0},"end":{"line":620,"column":54}},"620":{"start":{"line":621,"column":0},"end":{"line":621,"column":9}},"621":{"start":{"line":622,"column":0},"end":{"line":622,"column":77}},"622":{"start":{"line":623,"column":0},"end":{"line":623,"column":52}},"623":{"start":{"line":624,"column":0},"end":{"line":624,"column":29}},"624":{"start":{"line":625,"column":0},"end":{"line":625,"column":34}},"625":{"start":{"line":626,"column":0},"end":{"line":626,"column":19}},"626":{"start":{"line":627,"column":0},"end":{"line":627,"column":49}},"627":{"start":{"line":628,"column":0},"end":{"line":628,"column":76}},"628":{"start":{"line":629,"column":0},"end":{"line":629,"column":29}},"629":{"start":{"line":630,"column":0},"end":{"line":630,"column":5}},"630":{"start":{"line":631,"column":0},"end":{"line":631,"column":4}},"631":{"start":{"line":632,"column":0},"end":{"line":632,"column":0}},"632":{"start":{"line":633,"column":0},"end":{"line":633,"column":83}},"633":{"start":{"line":634,"column":0},"end":{"line":634,"column":0}},"634":{"start":{"line":635,"column":0},"end":{"line":635,"column":10}},"635":{"start":{"line":636,"column":0},"end":{"line":636,"column":9}},"636":{"start":{"line":637,"column":0},"end":{"line":637,"column":42}},"637":{"start":{"line":638,"column":0},"end":{"line":638,"column":44}},"638":{"start":{"line":639,"column":0},"end":{"line":639,"column":50}},"639":{"start":{"line":640,"column":0},"end":{"line":640,"column":21}},"640":{"start":{"line":641,"column":0},"end":{"line":641,"column":63}},"641":{"start":{"line":642,"column":0},"end":{"line":642,"column":18}},"642":{"start":{"line":643,"column":0},"end":{"line":643,"column":31}},"643":{"start":{"line":644,"column":0},"end":{"line":644,"column":26}},"644":{"start":{"line":645,"column":0},"end":{"line":645,"column":33}},"645":{"start":{"line":646,"column":0},"end":{"line":646,"column":62}},"646":{"start":{"line":647,"column":0},"end":{"line":647,"column":62}},"647":{"start":{"line":648,"column":0},"end":{"line":648,"column":22}},"648":{"start":{"line":649,"column":0},"end":{"line":649,"column":32}},"649":{"start":{"line":650,"column":0},"end":{"line":650,"column":14}},"650":{"start":{"line":651,"column":0},"end":{"line":651,"column":22}},"651":{"start":{"line":652,"column":0},"end":{"line":652,"column":0}},"652":{"start":{"line":653,"column":0},"end":{"line":653,"column":28}},"653":{"start":{"line":654,"column":0},"end":{"line":654,"column":75}},"654":{"start":{"line":655,"column":0},"end":{"line":655,"column":132}},"655":{"start":{"line":656,"column":0},"end":{"line":656,"column":30}},"656":{"start":{"line":657,"column":0},"end":{"line":657,"column":22}},"657":{"start":{"line":658,"column":0},"end":{"line":658,"column":18}},"658":{"start":{"line":659,"column":0},"end":{"line":659,"column":12}},"659":{"start":{"line":660,"column":0},"end":{"line":660,"column":0}},"660":{"start":{"line":661,"column":0},"end":{"line":661,"column":87}},"661":{"start":{"line":662,"column":0},"end":{"line":662,"column":75}},"662":{"start":{"line":663,"column":0},"end":{"line":663,"column":134}},"663":{"start":{"line":664,"column":0},"end":{"line":664,"column":32}},"664":{"start":{"line":665,"column":0},"end":{"line":665,"column":22}},"665":{"start":{"line":666,"column":0},"end":{"line":666,"column":18}},"666":{"start":{"line":667,"column":0},"end":{"line":667,"column":12}},"667":{"start":{"line":668,"column":0},"end":{"line":668,"column":0}},"668":{"start":{"line":669,"column":0},"end":{"line":669,"column":68}},"669":{"start":{"line":670,"column":0},"end":{"line":670,"column":75}},"670":{"start":{"line":671,"column":0},"end":{"line":671,"column":134}},"671":{"start":{"line":672,"column":0},"end":{"line":672,"column":32}},"672":{"start":{"line":673,"column":0},"end":{"line":673,"column":22}},"673":{"start":{"line":674,"column":0},"end":{"line":674,"column":18}},"674":{"start":{"line":675,"column":0},"end":{"line":675,"column":12}},"675":{"start":{"line":676,"column":0},"end":{"line":676,"column":0}},"676":{"start":{"line":677,"column":0},"end":{"line":677,"column":17}},"677":{"start":{"line":678,"column":0},"end":{"line":678,"column":25}},"678":{"start":{"line":679,"column":0},"end":{"line":679,"column":29}},"679":{"start":{"line":680,"column":0},"end":{"line":680,"column":46}},"680":{"start":{"line":681,"column":0},"end":{"line":681,"column":58}},"681":{"start":{"line":682,"column":0},"end":{"line":682,"column":11}},"682":{"start":{"line":683,"column":0},"end":{"line":683,"column":68}},"683":{"start":{"line":684,"column":0},"end":{"line":684,"column":19}},"684":{"start":{"line":685,"column":0},"end":{"line":685,"column":15}},"685":{"start":{"line":686,"column":0},"end":{"line":686,"column":0}},"686":{"start":{"line":687,"column":0},"end":{"line":687,"column":27}},"687":{"start":{"line":688,"column":0},"end":{"line":688,"column":14}},"688":{"start":{"line":689,"column":0},"end":{"line":689,"column":20}},"689":{"start":{"line":690,"column":0},"end":{"line":690,"column":34}},"690":{"start":{"line":691,"column":0},"end":{"line":691,"column":33}},"691":{"start":{"line":692,"column":0},"end":{"line":692,"column":57}},"692":{"start":{"line":693,"column":0},"end":{"line":693,"column":34}},"693":{"start":{"line":694,"column":0},"end":{"line":694,"column":58}},"694":{"start":{"line":695,"column":0},"end":{"line":695,"column":14}},"695":{"start":{"line":696,"column":0},"end":{"line":696,"column":11}},"696":{"start":{"line":697,"column":0},"end":{"line":697,"column":106}},"697":{"start":{"line":698,"column":0},"end":{"line":698,"column":30}},"698":{"start":{"line":699,"column":0},"end":{"line":699,"column":18}},"699":{"start":{"line":700,"column":0},"end":{"line":700,"column":16}},"700":{"start":{"line":701,"column":0},"end":{"line":701,"column":22}},"701":{"start":{"line":702,"column":0},"end":{"line":702,"column":32}},"702":{"start":{"line":703,"column":0},"end":{"line":703,"column":40}},"703":{"start":{"line":704,"column":0},"end":{"line":704,"column":31}},"704":{"start":{"line":705,"column":0},"end":{"line":705,"column":16}},"705":{"start":{"line":706,"column":0},"end":{"line":706,"column":13}},"706":{"start":{"line":707,"column":0},"end":{"line":707,"column":23}},"707":{"start":{"line":708,"column":0},"end":{"line":708,"column":37}},"708":{"start":{"line":709,"column":0},"end":{"line":709,"column":24}},"709":{"start":{"line":710,"column":0},"end":{"line":710,"column":24}},"710":{"start":{"line":711,"column":0},"end":{"line":711,"column":32}},"711":{"start":{"line":712,"column":0},"end":{"line":712,"column":37}},"712":{"start":{"line":713,"column":0},"end":{"line":713,"column":37}},"713":{"start":{"line":714,"column":0},"end":{"line":714,"column":42}},"714":{"start":{"line":715,"column":0},"end":{"line":715,"column":45}},"715":{"start":{"line":716,"column":0},"end":{"line":716,"column":46}},"716":{"start":{"line":717,"column":0},"end":{"line":717,"column":38}},"717":{"start":{"line":718,"column":0},"end":{"line":718,"column":36}},"718":{"start":{"line":719,"column":0},"end":{"line":719,"column":37}},"719":{"start":{"line":720,"column":0},"end":{"line":720,"column":36}},"720":{"start":{"line":721,"column":0},"end":{"line":721,"column":35}},"721":{"start":{"line":722,"column":0},"end":{"line":722,"column":41}},"722":{"start":{"line":723,"column":0},"end":{"line":723,"column":18}},"723":{"start":{"line":724,"column":0},"end":{"line":724,"column":50}},"724":{"start":{"line":725,"column":0},"end":{"line":725,"column":16}},"725":{"start":{"line":726,"column":0},"end":{"line":726,"column":21}},"726":{"start":{"line":727,"column":0},"end":{"line":727,"column":35}},"727":{"start":{"line":728,"column":0},"end":{"line":728,"column":47}},"728":{"start":{"line":729,"column":0},"end":{"line":729,"column":41}},"729":{"start":{"line":730,"column":0},"end":{"line":730,"column":15}},"730":{"start":{"line":731,"column":0},"end":{"line":731,"column":36}},"731":{"start":{"line":732,"column":0},"end":{"line":732,"column":23}},"732":{"start":{"line":733,"column":0},"end":{"line":733,"column":18}},"733":{"start":{"line":734,"column":0},"end":{"line":734,"column":69}},"734":{"start":{"line":735,"column":0},"end":{"line":735,"column":18}},"735":{"start":{"line":736,"column":0},"end":{"line":736,"column":24}},"736":{"start":{"line":737,"column":0},"end":{"line":737,"column":39}},"737":{"start":{"line":738,"column":0},"end":{"line":738,"column":39}},"738":{"start":{"line":739,"column":0},"end":{"line":739,"column":35}},"739":{"start":{"line":740,"column":0},"end":{"line":740,"column":34}},"740":{"start":{"line":741,"column":0},"end":{"line":741,"column":18}},"741":{"start":{"line":742,"column":0},"end":{"line":742,"column":15}},"742":{"start":{"line":743,"column":0},"end":{"line":743,"column":32}},"743":{"start":{"line":744,"column":0},"end":{"line":744,"column":20}},"744":{"start":{"line":745,"column":0},"end":{"line":745,"column":14}},"745":{"start":{"line":746,"column":0},"end":{"line":746,"column":72}},"746":{"start":{"line":747,"column":0},"end":{"line":747,"column":18}},"747":{"start":{"line":748,"column":0},"end":{"line":748,"column":24}},"748":{"start":{"line":749,"column":0},"end":{"line":749,"column":39}},"749":{"start":{"line":750,"column":0},"end":{"line":750,"column":39}},"750":{"start":{"line":751,"column":0},"end":{"line":751,"column":35}},"751":{"start":{"line":752,"column":0},"end":{"line":752,"column":18}},"752":{"start":{"line":753,"column":0},"end":{"line":753,"column":15}},"753":{"start":{"line":754,"column":0},"end":{"line":754,"column":32}},"754":{"start":{"line":755,"column":0},"end":{"line":755,"column":20}},"755":{"start":{"line":756,"column":0},"end":{"line":756,"column":14}},"756":{"start":{"line":757,"column":0},"end":{"line":757,"column":16}},"757":{"start":{"line":758,"column":0},"end":{"line":758,"column":22}},"758":{"start":{"line":759,"column":0},"end":{"line":759,"column":37}},"759":{"start":{"line":760,"column":0},"end":{"line":760,"column":36}},"760":{"start":{"line":761,"column":0},"end":{"line":761,"column":33}},"761":{"start":{"line":762,"column":0},"end":{"line":762,"column":16}},"762":{"start":{"line":763,"column":0},"end":{"line":763,"column":13}},"763":{"start":{"line":764,"column":0},"end":{"line":764,"column":97}},"764":{"start":{"line":765,"column":0},"end":{"line":765,"column":18}},"765":{"start":{"line":766,"column":0},"end":{"line":766,"column":16}},"766":{"start":{"line":767,"column":0},"end":{"line":767,"column":10}},"767":{"start":{"line":768,"column":0},"end":{"line":768,"column":12}},"768":{"start":{"line":769,"column":0},"end":{"line":769,"column":0}},"769":{"start":{"line":770,"column":0},"end":{"line":770,"column":41}},"770":{"start":{"line":771,"column":0},"end":{"line":771,"column":44}},"771":{"start":{"line":772,"column":0},"end":{"line":772,"column":105}},"772":{"start":{"line":773,"column":0},"end":{"line":773,"column":30}},"773":{"start":{"line":774,"column":0},"end":{"line":774,"column":14}},"774":{"start":{"line":775,"column":0},"end":{"line":775,"column":31}},"775":{"start":{"line":776,"column":0},"end":{"line":776,"column":82}},"776":{"start":{"line":777,"column":0},"end":{"line":777,"column":47}},"777":{"start":{"line":778,"column":0},"end":{"line":778,"column":94}},"778":{"start":{"line":779,"column":0},"end":{"line":779,"column":13}},"779":{"start":{"line":780,"column":0},"end":{"line":780,"column":14}},"780":{"start":{"line":781,"column":0},"end":{"line":781,"column":20}},"781":{"start":{"line":782,"column":0},"end":{"line":782,"column":30}},"782":{"start":{"line":783,"column":0},"end":{"line":783,"column":38}},"783":{"start":{"line":784,"column":0},"end":{"line":784,"column":28}},"784":{"start":{"line":785,"column":0},"end":{"line":785,"column":14}},"785":{"start":{"line":786,"column":0},"end":{"line":786,"column":11}},"786":{"start":{"line":787,"column":0},"end":{"line":787,"column":46}},"787":{"start":{"line":788,"column":0},"end":{"line":788,"column":57}},"788":{"start":{"line":789,"column":0},"end":{"line":789,"column":91}},"789":{"start":{"line":790,"column":0},"end":{"line":790,"column":22}},"790":{"start":{"line":791,"column":0},"end":{"line":791,"column":20}},"791":{"start":{"line":792,"column":0},"end":{"line":792,"column":30}},"792":{"start":{"line":793,"column":0},"end":{"line":793,"column":26}},"793":{"start":{"line":794,"column":0},"end":{"line":794,"column":39}},"794":{"start":{"line":795,"column":0},"end":{"line":795,"column":63}},"795":{"start":{"line":796,"column":0},"end":{"line":796,"column":64}},"796":{"start":{"line":797,"column":0},"end":{"line":797,"column":40}},"797":{"start":{"line":798,"column":0},"end":{"line":798,"column":36}},"798":{"start":{"line":799,"column":0},"end":{"line":799,"column":52}},"799":{"start":{"line":800,"column":0},"end":{"line":800,"column":41}},"800":{"start":{"line":801,"column":0},"end":{"line":801,"column":20}},"801":{"start":{"line":802,"column":0},"end":{"line":802,"column":17}},"802":{"start":{"line":803,"column":0},"end":{"line":803,"column":23}},"803":{"start":{"line":804,"column":0},"end":{"line":804,"column":91}},"804":{"start":{"line":805,"column":0},"end":{"line":805,"column":33}},"805":{"start":{"line":806,"column":0},"end":{"line":806,"column":26}},"806":{"start":{"line":807,"column":0},"end":{"line":807,"column":97}},"807":{"start":{"line":808,"column":0},"end":{"line":808,"column":132}},"808":{"start":{"line":809,"column":0},"end":{"line":809,"column":26}},"809":{"start":{"line":810,"column":0},"end":{"line":810,"column":24}},"810":{"start":{"line":811,"column":0},"end":{"line":811,"column":25}},"811":{"start":{"line":812,"column":0},"end":{"line":812,"column":35}},"812":{"start":{"line":813,"column":0},"end":{"line":813,"column":26}},"813":{"start":{"line":814,"column":0},"end":{"line":814,"column":77}},"814":{"start":{"line":815,"column":0},"end":{"line":815,"column":74}},"815":{"start":{"line":816,"column":0},"end":{"line":816,"column":19}},"816":{"start":{"line":817,"column":0},"end":{"line":817,"column":26}},"817":{"start":{"line":818,"column":0},"end":{"line":818,"column":27}},"818":{"start":{"line":819,"column":0},"end":{"line":819,"column":22}},"819":{"start":{"line":820,"column":0},"end":{"line":820,"column":16}},"820":{"start":{"line":821,"column":0},"end":{"line":821,"column":15}},"821":{"start":{"line":822,"column":0},"end":{"line":822,"column":16}},"822":{"start":{"line":823,"column":0},"end":{"line":823,"column":10}},"823":{"start":{"line":824,"column":0},"end":{"line":824,"column":12}},"824":{"start":{"line":825,"column":0},"end":{"line":825,"column":0}},"825":{"start":{"line":826,"column":0},"end":{"line":826,"column":37}},"826":{"start":{"line":827,"column":0},"end":{"line":827,"column":10}},"827":{"start":{"line":828,"column":0},"end":{"line":828,"column":16}},"828":{"start":{"line":829,"column":0},"end":{"line":829,"column":31}},"829":{"start":{"line":830,"column":0},"end":{"line":830,"column":31}},"830":{"start":{"line":831,"column":0},"end":{"line":831,"column":58}},"831":{"start":{"line":832,"column":0},"end":{"line":832,"column":10}},"832":{"start":{"line":833,"column":0},"end":{"line":833,"column":7}},"833":{"start":{"line":834,"column":0},"end":{"line":834,"column":105}},"834":{"start":{"line":835,"column":0},"end":{"line":835,"column":26}},"835":{"start":{"line":836,"column":0},"end":{"line":836,"column":14}},"836":{"start":{"line":837,"column":0},"end":{"line":837,"column":25}},"837":{"start":{"line":838,"column":0},"end":{"line":838,"column":88}},"838":{"start":{"line":839,"column":0},"end":{"line":839,"column":34}},"839":{"start":{"line":840,"column":0},"end":{"line":840,"column":86}},"840":{"start":{"line":841,"column":0},"end":{"line":841,"column":13}},"841":{"start":{"line":842,"column":0},"end":{"line":842,"column":14}},"842":{"start":{"line":843,"column":0},"end":{"line":843,"column":20}},"843":{"start":{"line":844,"column":0},"end":{"line":844,"column":30}},"844":{"start":{"line":845,"column":0},"end":{"line":845,"column":38}},"845":{"start":{"line":846,"column":0},"end":{"line":846,"column":28}},"846":{"start":{"line":847,"column":0},"end":{"line":847,"column":14}},"847":{"start":{"line":848,"column":0},"end":{"line":848,"column":11}},"848":{"start":{"line":849,"column":0},"end":{"line":849,"column":34}},"849":{"start":{"line":850,"column":0},"end":{"line":850,"column":60}},"850":{"start":{"line":851,"column":0},"end":{"line":851,"column":22}},"851":{"start":{"line":852,"column":0},"end":{"line":852,"column":20}},"852":{"start":{"line":853,"column":0},"end":{"line":853,"column":31}},"853":{"start":{"line":854,"column":0},"end":{"line":854,"column":26}},"854":{"start":{"line":855,"column":0},"end":{"line":855,"column":39}},"855":{"start":{"line":856,"column":0},"end":{"line":856,"column":63}},"856":{"start":{"line":857,"column":0},"end":{"line":857,"column":64}},"857":{"start":{"line":858,"column":0},"end":{"line":858,"column":40}},"858":{"start":{"line":859,"column":0},"end":{"line":859,"column":36}},"859":{"start":{"line":860,"column":0},"end":{"line":860,"column":52}},"860":{"start":{"line":861,"column":0},"end":{"line":861,"column":41}},"861":{"start":{"line":862,"column":0},"end":{"line":862,"column":20}},"862":{"start":{"line":863,"column":0},"end":{"line":863,"column":17}},"863":{"start":{"line":864,"column":0},"end":{"line":864,"column":43}},"864":{"start":{"line":865,"column":0},"end":{"line":865,"column":90}},"865":{"start":{"line":866,"column":0},"end":{"line":866,"column":93}},"866":{"start":{"line":867,"column":0},"end":{"line":867,"column":36}},"867":{"start":{"line":868,"column":0},"end":{"line":868,"column":28}},"868":{"start":{"line":869,"column":0},"end":{"line":869,"column":41}},"869":{"start":{"line":870,"column":0},"end":{"line":870,"column":29}},"870":{"start":{"line":871,"column":0},"end":{"line":871,"column":34}},"871":{"start":{"line":872,"column":0},"end":{"line":872,"column":55}},"872":{"start":{"line":873,"column":0},"end":{"line":873,"column":71}},"873":{"start":{"line":874,"column":0},"end":{"line":874,"column":45}},"874":{"start":{"line":875,"column":0},"end":{"line":875,"column":48}},"875":{"start":{"line":876,"column":0},"end":{"line":876,"column":48}},"876":{"start":{"line":877,"column":0},"end":{"line":877,"column":44}},"877":{"start":{"line":878,"column":0},"end":{"line":878,"column":28}},"878":{"start":{"line":879,"column":0},"end":{"line":879,"column":25}},"879":{"start":{"line":880,"column":0},"end":{"line":880,"column":31}},"880":{"start":{"line":881,"column":0},"end":{"line":881,"column":31}},"881":{"start":{"line":882,"column":0},"end":{"line":882,"column":24}},"882":{"start":{"line":883,"column":0},"end":{"line":883,"column":26}},"883":{"start":{"line":884,"column":0},"end":{"line":884,"column":97}},"884":{"start":{"line":885,"column":0},"end":{"line":885,"column":123}},"885":{"start":{"line":886,"column":0},"end":{"line":886,"column":26}},"886":{"start":{"line":887,"column":0},"end":{"line":887,"column":24}},"887":{"start":{"line":888,"column":0},"end":{"line":888,"column":70}},"888":{"start":{"line":889,"column":0},"end":{"line":889,"column":95}},"889":{"start":{"line":890,"column":0},"end":{"line":890,"column":23}},"890":{"start":{"line":891,"column":0},"end":{"line":891,"column":27}},"891":{"start":{"line":892,"column":0},"end":{"line":892,"column":37}},"892":{"start":{"line":893,"column":0},"end":{"line":893,"column":28}},"893":{"start":{"line":894,"column":0},"end":{"line":894,"column":60}},"894":{"start":{"line":895,"column":0},"end":{"line":895,"column":94}},"895":{"start":{"line":896,"column":0},"end":{"line":896,"column":21}},"896":{"start":{"line":897,"column":0},"end":{"line":897,"column":28}},"897":{"start":{"line":898,"column":0},"end":{"line":898,"column":29}},"898":{"start":{"line":899,"column":0},"end":{"line":899,"column":20}},"899":{"start":{"line":900,"column":0},"end":{"line":900,"column":22}},"900":{"start":{"line":901,"column":0},"end":{"line":901,"column":16}},"901":{"start":{"line":902,"column":0},"end":{"line":902,"column":15}},"902":{"start":{"line":903,"column":0},"end":{"line":903,"column":16}},"903":{"start":{"line":904,"column":0},"end":{"line":904,"column":10}},"904":{"start":{"line":905,"column":0},"end":{"line":905,"column":12}},"905":{"start":{"line":906,"column":0},"end":{"line":906,"column":0}},"906":{"start":{"line":907,"column":0},"end":{"line":907,"column":39}},"907":{"start":{"line":908,"column":0},"end":{"line":908,"column":25}},"908":{"start":{"line":909,"column":0},"end":{"line":909,"column":12}},"909":{"start":{"line":910,"column":0},"end":{"line":910,"column":18}},"910":{"start":{"line":911,"column":0},"end":{"line":911,"column":30}},"911":{"start":{"line":912,"column":0},"end":{"line":912,"column":19}},"912":{"start":{"line":913,"column":0},"end":{"line":913,"column":20}},"913":{"start":{"line":914,"column":0},"end":{"line":914,"column":21}},"914":{"start":{"line":915,"column":0},"end":{"line":915,"column":22}},"915":{"start":{"line":916,"column":0},"end":{"line":916,"column":50}},"916":{"start":{"line":917,"column":0},"end":{"line":917,"column":28}},"917":{"start":{"line":918,"column":0},"end":{"line":918,"column":33}},"918":{"start":{"line":919,"column":0},"end":{"line":919,"column":37}},"919":{"start":{"line":920,"column":0},"end":{"line":920,"column":25}},"920":{"start":{"line":921,"column":0},"end":{"line":921,"column":12}},"921":{"start":{"line":922,"column":0},"end":{"line":922,"column":48}},"922":{"start":{"line":923,"column":0},"end":{"line":923,"column":9}},"923":{"start":{"line":924,"column":0},"end":{"line":924,"column":14}},"924":{"start":{"line":925,"column":0},"end":{"line":925,"column":20}},"925":{"start":{"line":926,"column":0},"end":{"line":926,"column":41}},"926":{"start":{"line":927,"column":0},"end":{"line":927,"column":57}},"927":{"start":{"line":928,"column":0},"end":{"line":928,"column":35}},"928":{"start":{"line":929,"column":0},"end":{"line":929,"column":32}},"929":{"start":{"line":930,"column":0},"end":{"line":930,"column":32}},"930":{"start":{"line":931,"column":0},"end":{"line":931,"column":27}},"931":{"start":{"line":932,"column":0},"end":{"line":932,"column":58}},"932":{"start":{"line":933,"column":0},"end":{"line":933,"column":14}},"933":{"start":{"line":934,"column":0},"end":{"line":934,"column":48}},"934":{"start":{"line":935,"column":0},"end":{"line":935,"column":11}},"935":{"start":{"line":936,"column":0},"end":{"line":936,"column":105}},"936":{"start":{"line":937,"column":0},"end":{"line":937,"column":28}},"937":{"start":{"line":938,"column":0},"end":{"line":938,"column":18}},"938":{"start":{"line":939,"column":0},"end":{"line":939,"column":68}},"939":{"start":{"line":940,"column":0},"end":{"line":940,"column":90}},"940":{"start":{"line":941,"column":0},"end":{"line":941,"column":18}},"941":{"start":{"line":942,"column":0},"end":{"line":942,"column":134}},"942":{"start":{"line":943,"column":0},"end":{"line":943,"column":94}},"943":{"start":{"line":944,"column":0},"end":{"line":944,"column":45}},"944":{"start":{"line":945,"column":0},"end":{"line":945,"column":20}},"945":{"start":{"line":946,"column":0},"end":{"line":946,"column":104}},"946":{"start":{"line":947,"column":0},"end":{"line":947,"column":115}},"947":{"start":{"line":948,"column":0},"end":{"line":948,"column":123}},"948":{"start":{"line":949,"column":0},"end":{"line":949,"column":67}},"949":{"start":{"line":950,"column":0},"end":{"line":950,"column":41}},"950":{"start":{"line":951,"column":0},"end":{"line":951,"column":19}},"951":{"start":{"line":952,"column":0},"end":{"line":952,"column":18}},"952":{"start":{"line":953,"column":0},"end":{"line":953,"column":89}},"953":{"start":{"line":954,"column":0},"end":{"line":954,"column":21}},"954":{"start":{"line":955,"column":0},"end":{"line":955,"column":31}},"955":{"start":{"line":956,"column":0},"end":{"line":956,"column":54}},"956":{"start":{"line":957,"column":0},"end":{"line":957,"column":44}},"957":{"start":{"line":958,"column":0},"end":{"line":958,"column":15}},"958":{"start":{"line":959,"column":0},"end":{"line":959,"column":22}},"959":{"start":{"line":960,"column":0},"end":{"line":960,"column":23}},"960":{"start":{"line":961,"column":0},"end":{"line":961,"column":21}},"961":{"start":{"line":962,"column":0},"end":{"line":962,"column":33}},"962":{"start":{"line":963,"column":0},"end":{"line":963,"column":43}},"963":{"start":{"line":964,"column":0},"end":{"line":964,"column":78}},"964":{"start":{"line":965,"column":0},"end":{"line":965,"column":15}},"965":{"start":{"line":966,"column":0},"end":{"line":966,"column":27}},"966":{"start":{"line":967,"column":0},"end":{"line":967,"column":23}},"967":{"start":{"line":968,"column":0},"end":{"line":968,"column":18}},"968":{"start":{"line":969,"column":0},"end":{"line":969,"column":16}},"969":{"start":{"line":970,"column":0},"end":{"line":970,"column":14}},"970":{"start":{"line":971,"column":0},"end":{"line":971,"column":8}},"971":{"start":{"line":972,"column":0},"end":{"line":972,"column":0}},"972":{"start":{"line":973,"column":0},"end":{"line":973,"column":33}},"973":{"start":{"line":974,"column":0},"end":{"line":974,"column":10}},"974":{"start":{"line":975,"column":0},"end":{"line":975,"column":16}},"975":{"start":{"line":976,"column":0},"end":{"line":976,"column":31}},"976":{"start":{"line":977,"column":0},"end":{"line":977,"column":58}},"977":{"start":{"line":978,"column":0},"end":{"line":978,"column":10}},"978":{"start":{"line":979,"column":0},"end":{"line":979,"column":7}},"979":{"start":{"line":980,"column":0},"end":{"line":980,"column":105}},"980":{"start":{"line":981,"column":0},"end":{"line":981,"column":22}},"981":{"start":{"line":982,"column":0},"end":{"line":982,"column":14}},"982":{"start":{"line":983,"column":0},"end":{"line":983,"column":12}},"983":{"start":{"line":984,"column":0},"end":{"line":984,"column":18}},"984":{"start":{"line":985,"column":0},"end":{"line":985,"column":28}},"985":{"start":{"line":986,"column":0},"end":{"line":986,"column":36}},"986":{"start":{"line":987,"column":0},"end":{"line":987,"column":26}},"987":{"start":{"line":988,"column":0},"end":{"line":988,"column":12}},"988":{"start":{"line":989,"column":0},"end":{"line":989,"column":9}},"989":{"start":{"line":990,"column":0},"end":{"line":990,"column":102}},"990":{"start":{"line":991,"column":0},"end":{"line":991,"column":36}},"991":{"start":{"line":992,"column":0},"end":{"line":992,"column":19}},"992":{"start":{"line":993,"column":0},"end":{"line":993,"column":100}},"993":{"start":{"line":994,"column":0},"end":{"line":994,"column":28}},"994":{"start":{"line":995,"column":0},"end":{"line":995,"column":19}},"995":{"start":{"line":996,"column":0},"end":{"line":996,"column":105}},"996":{"start":{"line":997,"column":0},"end":{"line":997,"column":37}},"997":{"start":{"line":998,"column":0},"end":{"line":998,"column":19}},"998":{"start":{"line":999,"column":0},"end":{"line":999,"column":14}},"999":{"start":{"line":1000,"column":0},"end":{"line":1000,"column":12}},"1000":{"start":{"line":1001,"column":0},"end":{"line":1001,"column":10}},"1001":{"start":{"line":1002,"column":0},"end":{"line":1002,"column":4}},"1002":{"start":{"line":1003,"column":0},"end":{"line":1003,"column":1}},"1003":{"start":{"line":1004,"column":0},"end":{"line":1004,"column":0}},"1004":{"start":{"line":1005,"column":0},"end":{"line":1005,"column":38}},"1005":{"start":{"line":1006,"column":0},"end":{"line":1006,"column":41}},"1006":{"start":{"line":1007,"column":0},"end":{"line":1007,"column":52}},"1007":{"start":{"line":1008,"column":0},"end":{"line":1008,"column":58}},"1008":{"start":{"line":1009,"column":0},"end":{"line":1009,"column":57}},"1009":{"start":{"line":1010,"column":0},"end":{"line":1010,"column":54}},"1010":{"start":{"line":1011,"column":0},"end":{"line":1011,"column":57}},"1011":{"start":{"line":1012,"column":0},"end":{"line":1012,"column":59}},"1012":{"start":{"line":1013,"column":0},"end":{"line":1013,"column":57}},"1013":{"start":{"line":1014,"column":0},"end":{"line":1014,"column":92}},"1014":{"start":{"line":1015,"column":0},"end":{"line":1015,"column":65}},"1015":{"start":{"line":1016,"column":0},"end":{"line":1016,"column":56}},"1016":{"start":{"line":1017,"column":0},"end":{"line":1017,"column":15}},"1017":{"start":{"line":1018,"column":0},"end":{"line":1018,"column":21}},"1018":{"start":{"line":1019,"column":0},"end":{"line":1019,"column":16}},"1019":{"start":{"line":1020,"column":0},"end":{"line":1020,"column":5}},"1020":{"start":{"line":1021,"column":0},"end":{"line":1021,"column":0}},"1021":{"start":{"line":1022,"column":0},"end":{"line":1022,"column":50}},"1022":{"start":{"line":1023,"column":0},"end":{"line":1023,"column":32}},"1023":{"start":{"line":1024,"column":0},"end":{"line":1024,"column":32}},"1024":{"start":{"line":1025,"column":0},"end":{"line":1025,"column":32}},"1025":{"start":{"line":1026,"column":0},"end":{"line":1026,"column":32}},"1026":{"start":{"line":1027,"column":0},"end":{"line":1027,"column":5}},"1027":{"start":{"line":1028,"column":0},"end":{"line":1028,"column":0}},"1028":{"start":{"line":1029,"column":0},"end":{"line":1029,"column":80}},"1029":{"start":{"line":1030,"column":0},"end":{"line":1030,"column":34}},"1030":{"start":{"line":1031,"column":0},"end":{"line":1031,"column":51}},"1031":{"start":{"line":1032,"column":0},"end":{"line":1032,"column":41}},"1032":{"start":{"line":1033,"column":0},"end":{"line":1033,"column":6}},"1033":{"start":{"line":1034,"column":0},"end":{"line":1034,"column":0}},"1034":{"start":{"line":1035,"column":0},"end":{"line":1035,"column":40}},"1035":{"start":{"line":1036,"column":0},"end":{"line":1036,"column":75}},"1036":{"start":{"line":1037,"column":0},"end":{"line":1037,"column":71}},"1037":{"start":{"line":1038,"column":0},"end":{"line":1038,"column":0}},"1038":{"start":{"line":1039,"column":0},"end":{"line":1039,"column":47}},"1039":{"start":{"line":1040,"column":0},"end":{"line":1040,"column":30}},"1040":{"start":{"line":1041,"column":0},"end":{"line":1041,"column":22}},"1041":{"start":{"line":1042,"column":0},"end":{"line":1042,"column":52}},"1042":{"start":{"line":1043,"column":0},"end":{"line":1043,"column":47}},"1043":{"start":{"line":1044,"column":0},"end":{"line":1044,"column":9}},"1044":{"start":{"line":1045,"column":0},"end":{"line":1045,"column":8}},"1045":{"start":{"line":1046,"column":0},"end":{"line":1046,"column":7}},"1046":{"start":{"line":1047,"column":0},"end":{"line":1047,"column":4}},"1047":{"start":{"line":1048,"column":0},"end":{"line":1048,"column":0}},"1048":{"start":{"line":1049,"column":0},"end":{"line":1049,"column":73}},"1049":{"start":{"line":1050,"column":0},"end":{"line":1050,"column":0}},"1050":{"start":{"line":1051,"column":0},"end":{"line":1051,"column":48}},"1051":{"start":{"line":1052,"column":0},"end":{"line":1052,"column":78}},"1052":{"start":{"line":1053,"column":0},"end":{"line":1053,"column":0}},"1053":{"start":{"line":1054,"column":0},"end":{"line":1054,"column":49}},"1054":{"start":{"line":1055,"column":0},"end":{"line":1055,"column":30}},"1055":{"start":{"line":1056,"column":0},"end":{"line":1056,"column":0}},"1056":{"start":{"line":1057,"column":0},"end":{"line":1057,"column":31}},"1057":{"start":{"line":1058,"column":0},"end":{"line":1058,"column":78}},"1058":{"start":{"line":1059,"column":0},"end":{"line":1059,"column":0}},"1059":{"start":{"line":1060,"column":0},"end":{"line":1060,"column":9}},"1060":{"start":{"line":1061,"column":0},"end":{"line":1061,"column":50}},"1061":{"start":{"line":1062,"column":0},"end":{"line":1062,"column":40}},"1062":{"start":{"line":1063,"column":0},"end":{"line":1063,"column":59}},"1063":{"start":{"line":1064,"column":0},"end":{"line":1064,"column":38}},"1064":{"start":{"line":1065,"column":0},"end":{"line":1065,"column":9}},"1065":{"start":{"line":1066,"column":0},"end":{"line":1066,"column":56}},"1066":{"start":{"line":1067,"column":0},"end":{"line":1067,"column":56}},"1067":{"start":{"line":1068,"column":0},"end":{"line":1068,"column":9}},"1068":{"start":{"line":1069,"column":0},"end":{"line":1069,"column":8}},"1069":{"start":{"line":1070,"column":0},"end":{"line":1070,"column":0}},"1070":{"start":{"line":1071,"column":0},"end":{"line":1071,"column":35}},"1071":{"start":{"line":1072,"column":0},"end":{"line":1072,"column":30}},"1072":{"start":{"line":1073,"column":0},"end":{"line":1073,"column":24}},"1073":{"start":{"line":1074,"column":0},"end":{"line":1074,"column":53}},"1074":{"start":{"line":1075,"column":0},"end":{"line":1075,"column":38}},"1075":{"start":{"line":1076,"column":0},"end":{"line":1076,"column":54}},"1076":{"start":{"line":1077,"column":0},"end":{"line":1077,"column":36}},"1077":{"start":{"line":1078,"column":0},"end":{"line":1078,"column":9}},"1078":{"start":{"line":1079,"column":0},"end":{"line":1079,"column":0}},"1079":{"start":{"line":1080,"column":0},"end":{"line":1080,"column":37}},"1080":{"start":{"line":1081,"column":0},"end":{"line":1081,"column":35}},"1081":{"start":{"line":1082,"column":0},"end":{"line":1082,"column":19}},"1082":{"start":{"line":1083,"column":0},"end":{"line":1083,"column":58}},"1083":{"start":{"line":1084,"column":0},"end":{"line":1084,"column":42}},"1084":{"start":{"line":1085,"column":0},"end":{"line":1085,"column":51}},"1085":{"start":{"line":1086,"column":0},"end":{"line":1086,"column":62}},"1086":{"start":{"line":1087,"column":0},"end":{"line":1087,"column":58}},"1087":{"start":{"line":1088,"column":0},"end":{"line":1088,"column":64}},"1088":{"start":{"line":1089,"column":0},"end":{"line":1089,"column":0}},"1089":{"start":{"line":1090,"column":0},"end":{"line":1090,"column":29}},"1090":{"start":{"line":1091,"column":0},"end":{"line":1091,"column":0}},"1091":{"start":{"line":1092,"column":0},"end":{"line":1092,"column":69}},"1092":{"start":{"line":1093,"column":0},"end":{"line":1093,"column":0}},"1093":{"start":{"line":1094,"column":0},"end":{"line":1094,"column":31}},"1094":{"start":{"line":1095,"column":0},"end":{"line":1095,"column":44}},"1095":{"start":{"line":1096,"column":0},"end":{"line":1096,"column":38}},"1096":{"start":{"line":1097,"column":0},"end":{"line":1097,"column":73}},"1097":{"start":{"line":1098,"column":0},"end":{"line":1098,"column":9}},"1098":{"start":{"line":1099,"column":0},"end":{"line":1099,"column":40}},"1099":{"start":{"line":1100,"column":0},"end":{"line":1100,"column":70}},"1100":{"start":{"line":1101,"column":0},"end":{"line":1101,"column":9}},"1101":{"start":{"line":1102,"column":0},"end":{"line":1102,"column":42}},"1102":{"start":{"line":1103,"column":0},"end":{"line":1103,"column":69}},"1103":{"start":{"line":1104,"column":0},"end":{"line":1104,"column":74}},"1104":{"start":{"line":1105,"column":0},"end":{"line":1105,"column":9}},"1105":{"start":{"line":1106,"column":0},"end":{"line":1106,"column":66}},"1106":{"start":{"line":1107,"column":0},"end":{"line":1107,"column":31}},"1107":{"start":{"line":1108,"column":0},"end":{"line":1108,"column":52}},"1108":{"start":{"line":1109,"column":0},"end":{"line":1109,"column":27}},"1109":{"start":{"line":1110,"column":0},"end":{"line":1110,"column":64}},"1110":{"start":{"line":1111,"column":0},"end":{"line":1111,"column":10}},"1111":{"start":{"line":1112,"column":0},"end":{"line":1112,"column":14}},"1112":{"start":{"line":1113,"column":0},"end":{"line":1113,"column":34}},"1113":{"start":{"line":1114,"column":0},"end":{"line":1114,"column":60}},"1114":{"start":{"line":1115,"column":0},"end":{"line":1115,"column":7}},"1115":{"start":{"line":1116,"column":0},"end":{"line":1116,"column":0}},"1116":{"start":{"line":1117,"column":0},"end":{"line":1117,"column":38}},"1117":{"start":{"line":1118,"column":0},"end":{"line":1118,"column":5}},"1118":{"start":{"line":1119,"column":0},"end":{"line":1119,"column":4}},"1119":{"start":{"line":1120,"column":0},"end":{"line":1120,"column":0}},"1120":{"start":{"line":1121,"column":0},"end":{"line":1121,"column":42}},"1121":{"start":{"line":1122,"column":0},"end":{"line":1122,"column":9}},"1122":{"start":{"line":1123,"column":0},"end":{"line":1123,"column":50}},"1123":{"start":{"line":1124,"column":0},"end":{"line":1124,"column":0}},"1124":{"start":{"line":1125,"column":0},"end":{"line":1125,"column":50}},"1125":{"start":{"line":1126,"column":0},"end":{"line":1126,"column":0}},"1126":{"start":{"line":11
[...]
{"line":18,"column":57}},"18":{"start":{"line":19,"column":0},"end":{"line":19,"column":3}},"19":{"start":{"line":20,"column":0},"end":{"line":20,"column":0}},"20":{"start":{"line":21,"column":0},"end":{"line":21,"column":14}},"21":{"start":{"line":22,"column":0},"end":{"line":22,"column":17}},"22":{"start":{"line":23,"column":0},"end":{"line":23,"column":24}},"23":{"start":{"line":24,"column":0},"end":{"line":24,"column":3}},"24":{"start":{"line":25,"column":0},"end":{"line":25,"column":0}},"25":{"start":{"line":26,"column":0},"end":{"line":26,"column":27}},"26":{"start":{"line":27,"column":0},"end":{"line":27,"column":65}},"27":{"start":{"line":28,"column":0},"end":{"line":28,"column":57}},"28":{"start":{"line":29,"column":0},"end":{"line":29,"column":17}},"29":{"start":{"line":30,"column":0},"end":{"line":30,"column":49}},"30":{"start":{"line":31,"column":0},"end":{"line":31,"column":43}},"31":{"start":{"line":32,"column":0},"end":{"line":32,"column":61}},"32":{"start":{"line":33,"column":0},"end":{"line":33,"column":55}},"33":{"start":{"line":34,"column":0},"end":{"line":34,"column":20}},"34":{"start":{"line":35,"column":0},"end":{"line":35,"column":21}},"35":{"start":{"line":36,"column":0},"end":{"line":36,"column":61}},"36":{"start":{"line":37,"column":0},"end":{"line":37,"column":3}},"37":{"start":{"line":38,"column":0},"end":{"line":38,"column":0}},"38":{"start":{"line":39,"column":0},"end":{"line":39,"column":33}},"39":{"start":{"line":40,"column":0},"end":{"line":40,"column":32}},"40":{"start":{"line":41,"column":0},"end":{"line":41,"column":3}},"41":{"start":{"line":42,"column":0},"end":{"line":42,"column":2}},"42":{"start":{"line":43,"column":0},"end":{"line":43,"column":0}},"43":{"start":{"line":44,"column":0},"end":{"line":44,"column":44}},"44":{"start":{"line":45,"column":0},"end":{"line":45,"column":51}},"45":{"start":{"line":46,"column":0},"end":{"line":46,"column":2}},"46":{"start":{"line":47,"column":0},"end":{"line":47,"column":0}},"47":{"start":{"line":48,"column":0},"end":{"line":48,"column":38}},"48":{"start":{"line":49,"column":0},"end":{"line":49,"column":14}},"49":{"start":{"line":50,"column":0},"end":{"line":50,"column":15}},"50":{"start":{"line":51,"column":0},"end":{"line":51,"column":68}},"51":{"start":{"line":52,"column":0},"end":{"line":52,"column":61}},"52":{"start":{"line":53,"column":0},"end":{"line":53,"column":19}},"53":{"start":{"line":54,"column":0},"end":{"line":54,"column":21}},"54":{"start":{"line":55,"column":0},"end":{"line":55,"column":54}},"55":{"start":{"line":56,"column":0},"end":{"line":56,"column":2}},"56":{"start":{"line":57,"column":0},"end":{"line":57,"column":0}},"57":{"start":{"line":58,"column":0},"end":{"line":58,"column":39}},"58":{"start":{"line":59,"column":0},"end":{"line":59,"column":15}},"59":{"start":{"line":60,"column":0},"end":{"line":60,"column":63}},"60":{"start":{"line":61,"column":0},"end":{"line":61,"column":30}},"61":{"start":{"line":62,"column":0},"end":{"line":62,"column":61}},"62":{"start":{"line":63,"column":0},"end":{"line":63,"column":39}},"63":{"start":{"line":64,"column":0},"end":{"line":64,"column":21}},"64":{"start":{"line":65,"column":0},"end":{"line":65,"column":0}},"65":{"start":{"line":66,"column":0},"end":{"line":66,"column":12}},"66":{"start":{"line":67,"column":0},"end":{"line":67,"column":16}},"67":{"start":{"line":68,"column":0},"end":{"line":68,"column":23}},"68":{"start":{"line":69,"column":0},"end":{"line":69,"column":11}},"69":{"start":{"line":70,"column":0},"end":{"line":70,"column":12}},"70":{"start":{"line":71,"column":0},"end":{"line":71,"column":13}},"71":{"start":{"line":72,"column":0},"end":{"line":72,"column":14}},"72":{"start":{"line":73,"column":0},"end":{"line":73,"column":32}},"73":{"start":{"line":74,"column":0},"end":{"line":74,"column":12}},"74":{"start":{"line":75,"column":0},"end":{"line":75,"column":18}},"75":{"start":{"line":76,"column":0},"end":{"line":76,"column":31}},"76":{"start":{"line":77,"column":0},"end":{"line":77,"column":17}},"77":{"start":{"line":78,"column":0},"end":{"line":78,"column":6}},"78":{"start":{"line":79,"column":0},"end":{"line":79,"column":35}},"79":{"start":{"line":80,"column":0},"end":{"line":80,"column":3}},"80":{"start":{"line":81,"column":0},"end":{"line":81,"column":0}},"81":{"start":{"line":82,"column":0},"end":{"line":82,"column":22}},"82":{"start":{"line":83,"column":0},"end":{"line":83,"column":8}},"83":{"start":{"line":84,"column":0},"end":{"line":84,"column":35}},"84":{"start":{"line":85,"column":0},"end":{"line":85,"column":5}},"85":{"start":{"line":86,"column":0},"end":{"line":86,"column":10}},"86":{"start":{"line":87,"column":0},"end":{"line":87,"column":34}},"87":{"start":{"line":88,"column":0},"end":{"line":88,"column":5}},"88":{"start":{"line":89,"column":0},"end":{"line":89,"column":3}},"89":{"start":{"line":90,"column":0},"end":{"line":90,"column":2}},"90":{"start":{"line":91,"column":0},"end":{"line":91,"column":0}},"91":{"start":{"line":92,"column":0},"end":{"line":92,"column":37}},"92":{"start":{"line":93,"column":0},"end":{"line":93,"column":51}},"93":{"start":{"line":94,"column":0},"end":{"line":94,"column":22}},"94":{"start":{"line":95,"column":0},"end":{"line":95,"column":57}},"95":{"start":{"line":96,"column":0},"end":{"line":96,"column":21}},"96":{"start":{"line":97,"column":0},"end":{"line":97,"column":19}},"97":{"start":{"line":98,"column":0},"end":{"line":98,"column":2}}},"s":{"0":1,"1":1,"2":1,"3":1,"4":1,"5":1,"6":1,"7":1,"8":1,"9":1,"10":1,"11":1,"12":1,"13":1,"14":1,"15":1,"16":1,"17":1,"18":1,"19":1,"20":1,"21":1,"22":1,"23":1,"24":1,"25":1,"26":1,"27":1,"28":1,"29":1,"30":1,"31":1,"32":1,"33":1,"34":1,"35":1,"36":1,"37":1,"38":1,"39":1,"40":1,"41":1,"42":1,"43":1,"44":1,"45":1,"46":1,"47":1,"48":1,"49":1,"50":1,"51":1,"52":1,"53":1,"54":1,"55":1,"56":1,"57":1,"58":1,"59":1,"60":1,"61":1,"62":1,"63":1,"64":1,"65":1,"66":1,"67":1,"68":1,"69":1,"70":1,"71":1,"72":1,"73":1,"74":1,"75":1,"76":1,"77":1,"78":1,"79":1,"80":1,"81":1,"82":1,"83":1,"84":1,"85":1,"86":1,"87":1,"88":1,"89":1,"90":1,"91":1,"92":1,"93":1,"94":1,"95":1,"96":1,"97":1},"branchMap":{"0":{"type":"branch","line":5,"loc":{"start":{"line":5,"column":13},"end":{"line":5,"column":46}},"locations":[{"start":{"line":5,"column":13},"end":{"line":5,"column":46}}]},"1":{"type":"branch","line":6,"loc":{"start":{"line":6,"column":23},"end":{"line":6,"column":69}},"locations":[{"start":{"line":6,"column":23},"end":{"line":6,"column":69}}]},"2":{"type":"branch","line":7,"loc":{"start":{"line":7,"column":19},"end":{"line":7,"column":57}},"locations":[{"start":{"line":7,"column":19},"end":{"line":7,"column":57}}]},"3":{"type":"branch","line":8,"loc":{"start":{"line":8,"column":16},"end":{"line":8,"column":66}},"locations":[{"start":{"line":8,"column":16},"end":{"line":8,"column":66}}]},"4":{"type":"branch","line":9,"loc":{"start":{"line":9,"column":11},"end":{"line":9,"column":55}},"locations":[{"start":{"line":9,"column":11},"end":{"line":9,"column":55}}]},"5":{"type":"branch","line":11,"loc":{"start":{"line":11,"column":16},"end":{"line":11,"column":57}},"locations":[{"start":{"line":11,"column":16},"end":{"line":11,"column":57}}]},"6":{"type":"branch","line":16,"loc":{"start":{"line":16,"column":20},"end":{"line":16,"column":64}},"locations":[{"start":{"line":16,"column":20},"end":{"line":16,"column":64}}]},"7":{"type":"branch","line":17,"loc":{"start":{"line":17,"column":18},"end":{"line":17,"column":67}},"locations":[{"start":{"line":17,"column":18},"end":{"line":17,"column":67}}]},"8":{"type":"branch","line":18,"loc":{"start":{"line":18,"column":13},"end":{"line":18,"column":55}},"locations":[{"start":{"line":18,"column":13},"end":{"line":18,"column":55}}]},"9":{"type":"branch","line":27,"loc":{"start":{"line":27,"column":18},"end":{"line":27,"column":63}},"locations":[{"start":{"line":27,"column":18},"end":{"line":27,"column":63}}]},"10":{"type":"branch","line":28,"loc":{"start":{"line":28,"column":13},"end":{"line":28,"column":55}},"locations":[{"start":{"line":28,"column":13},"end":{"line":28,"column":55}}]},"11":{"type":"branch","line":30,"loc":{"start":{"line":30,"column":15},"end":{"line":30,"column":48}},"locations":[{"start":{"line":30,"column":15},"end":{"line":30,"column":48}}]},"12":{"type":"branch","line":31,"loc":{"start":{"line":31,"column":8},"end":{"line":31,"column":41}},"locations":[{"start":{"line":31,"column":8},"end":{"line":31,"column":41}}]},"13":{"type":"branch","line":32,"loc":{"start":{"line":32,"column":21},"end":{"line":32,"column":59}},"locations":[{"start":{"line":32,"column":21},"end":{"line":32,"column":59}}]},"14":{"type":"branch","line":33,"loc":{"start":{"line":33,"column":20},"end":{"line":33,"column":53}},"locations":[{"start":{"line":33,"column":20},"end":{"line":33,"column":53}}]},"15":{"type":"branch","line":36,"loc":{"start":{"line":36,"column":18},"end":{"line":36,"column":59}},"locations":[{"start":{"line":36,"column":18},"end":{"line":36,"column":59}}]},"16":{"type":"branch","line":45,"loc":{"start":{"line":45,"column":16},"end":{"line":45,"column":49}},"locations":[{"start":{"line":45,"column":16},"end":{"line":45,"column":49}}]},"17":{"type":"branch","line":51,"loc":{"start":{"line":51,"column":16},"end":{"line":51,"column":66}},"locations":[{"start":{"line":51,"column":16},"end":{"line":51,"column":66}}]},"18":{"type":"branch","line":52,"loc":{"start":{"line":52,"column":19},"end":{"line":52,"column":59}},"locations":[{"start":{"line":52,"column":19},"end":{"line":52,"column":59}}]},"19":{"type":"branch","line":55,"loc":{"start":{"line":55,"column":16},"end":{"line":55,"column":52}},"locations":[{"start":{"line":55,"column":16},"end":{"line":55,"column":52}}]},"20":{"type":"branch","line":60,"loc":{"start":{"line":60,"column":16},"end":{"line":60,"column":61}},"locations":[{"start":{"line":60,"column":16},"end":{"line":60,"column":61}}]},"21":{"type":"branch","line":62,"loc":{"start":{"line":62,"column":19},"end":{"line":62,"column":59}},"locations":[{"start":{"line":62,"column":19},"end":{"line":62,"column":59}}]},"22":{"type":"branch","line":63,"loc":{"start":{"line":63,"column":11},"end":{"line":63,"column":36}},"locations":[{"start":{"line":63,"column":11},"end":{"line":63,"column":36}}]},"23":{"type":"branch","line":93,"loc":{"start":{"line":93,"column":16},"end":{"line":93,"column":49}},"locations":[{"start":{"line":93,"column":16},"end":{"line":93,"column":49}}]},"24":{"type":"branch","line":95,"loc":{"start":{"line":95,"column":11},"end":{"line":95,"column":55}},"locations":[{"start":{"line":95,"column":11},"end":{"line":95,"column":55}}]}},"b":{"0":[323],"1":[323],"2":[323],"3":[323],"4":[323],"5":[323],"6":[323],"7":[323],"8":[323],"9":[323],"10":[323],"11":[323],"12":[323],"13":[323],"14":[323],"15":[323],"16":[13],"17":[14],"18":[14],"19":[14],"20":[18],"21":[18],"22":[18],"23":[14],"24":[14]},"fnMap":{"0":{"name":"Object.defineProperty.enumerable","decl":{"start":{"line":5,"column":13},"end":{"line":5,"column":46}},"loc":{"start":{"line":5,"column":13},"end":{"line":5,"column":46}},"line":5},"1":{"name":"Object.defineProperty.enumerable","decl":{"start":{"line":6,"column":23},"end":{"line":6,"column":69}},"loc":{"start":{"line":6,"column":23},"end":{"line":6,"column":69}},"line":6},"2":{"name":"Object.defineProperty.enumerable","decl":{"start":{"line":7,"column":19},"end":{"line":7,"column":57}},"loc":{"start":{"line":7,"column":19},"end":{"line":7,"column":57}},"line":7},"3":{"name":"Object.defineProperty.enumerable","decl":{"start":{"line":8,"column":16},"end":{"line":8,"column":66}},"loc":{"start":{"line":8,"column":16},"end":{"line":8,"column":66}},"line":8},"4":{"name":"Object.defineProperty.enumerable","decl":{"start":{"line":9,"column":11},"end":{"line":9,"column":55}},"loc":{"start":{"line":9,"column":11},"end":{"line":9,"column":55}},"line":9},"5":{"name":"Object.defineProperty.enumerable","decl":{"start":{"line":11,"column":16},"end":{"line":11,"column":57}},"loc":{"start":{"line":11,"column":16},"end":{"line":11,"column":57}},"line":11},"6":{"name":"Object.defineProperty.enumerable","decl":{"start":{"line":16,"column":20},"end":{"line":16,"column":64}},"loc":{"start":{"line":16,"column":20},"end":{"line":16,"column":64}},"line":16},"7":{"name":"Object.defineProperty.enumerable","decl":{"start":{"line":17,"column":18},"end":{"line":17,"column":67}},"loc":{"start":{"line":17,"column":18},"end":{"line":17,"column":67}},"line":17},"8":{"name":"Object.defineProperty.enumerable","decl":{"start":{"line":18,"column":13},"end":{"line":18,"column":55}},"loc":{"start":{"line":18,"column":13},"end":{"line":18,"column":55}},"line":18},"9":{"name":"Object.defineProperty.enumerable","decl":{"start":{"line":27,"column":18},"end":{"line":27,"column":63}},"loc":{"start":{"line":27,"column":18},"end":{"line":27,"column":63}},"line":27},"10":{"name":"Object.defineProperty.enumerable","decl":{"start":{"line":28,"column":13},"end":{"line":28,"column":55}},"loc":{"start":{"line":28,"column":13},"end":{"line":28,"column":55}},"line":28},"11":{"name":"Object.defineProperty.enumerable","decl":{"start":{"line":30,"column":15},"end":{"line":30,"column":48}},"loc":{"start":{"line":30,"column":15},"end":{"line":30,"column":48}},"line":30},"12":{"name":"Object.defineProperty.enumerable","decl":{"start":{"line":31,"column":8},"end":{"line":31,"column":41}},"loc":{"start":{"line":31,"column":8},"end":{"line":31,"column":41}},"line":31},"13":{"name":"Object.defineProperty.enumerable","decl":{"start":{"line":32,"column":21},"end":{"line":32,"column":59}},"loc":{"start":{"line":32,"column":21},"end":{"line":32,"column":59}},"line":32},"14":{"name":"Object.defineProperty.enumerable","decl":{"start":{"line":33,"column":20},"end":{"line":33,"column":53}},"loc":{"start":{"line":33,"column":20},"end":{"line":33,"column":53}},"line":33},"15":{"name":"Object.defineProperty.enumerable","decl":{"start":{"line":51,"column":16},"end":{"line":51,"column":66}},"loc":{"start":{"line":51,"column":16},"end":{"line":51,"column":66}},"line":51},"16":{"name":"Object.defineProperty.enumerable","decl":{"start":{"line":52,"column":19},"end":{"line":52,"column":59}},"loc":{"start":{"line":52,"column":19},"end":{"line":52,"column":59}},"line":52},"17":{"name":"Object.defineProperty.enumerable","decl":{"start":{"line":60,"column":16},"end":{"line":60,"column":61}},"loc":{"start":{"line":60,"column":16},"end":{"line":60,"column":61}},"line":60},"18":{"name":"Object.defineProperty.enumerable","decl":{"start":{"line":62,"column":19},"end":{"line":62,"column":59}},"loc":{"start":{"line":62,"column":19},"end":{"line":62,"column":59}},"line":62},"19":{"name":"Object.defineProperty.enumerable","decl":{"start":{"line":93,"column":16},"end":{"line":93,"column":49}},"loc":{"start":{"line":93,"column":16},"end":{"line":93,"column":49}},"line":93}},"f":{"0":323,"1":323,"2":323,"3":323,"4":323,"5":323,"6":323,"7":323,"8":323,"9":323,"10":323,"11":323,"12":323,"13":323,"14":323,"15":14,"16":14,"17":18,"18":18,"19":14}}
,"/Users/sharonhsu/dev/excel/xlsvc-frontend/src/styled/theme.js": {"path":"/Users/sharonhsu/dev/excel/xlsvc-frontend/src/styled/theme.js","all":false,"statementMap":{"0":{"start":{"line":1,"column":0},"end":{"line":1,"column":22}},"1":{"start":{"line":2,"column":0},"end":{"line":2,"column":22}},"2":{"start":{"line":3,"column":0},"end":{"line":3,"column":11}},"3":{"start":{"line":4,"column":0},"end":{"line":4,"column":25}},"4":{"start":{"line":5,"column":0},"end":{"line":5,"column":17}},"5":{"start":{"line":6,"column":0},"end":{"line":6,"column":25}},"6":{"start":{"line":7,"column":0},"end":{"line":7,"column":27}},"7":{"start":{"line":8,"column":0},"end":{"line":8,"column":26}},"8":{"start":{"line":9,"column":0},"end":{"line":9,"column":22}},"9":{"start":{"line":10,"column":0},"end":{"line":10,"column":35}},"10":{"start":{"line":11,"column":0},"end":{"line":11,"column":6}},"11":{"start":{"line":12,"column":0},"end":{"line":12,"column":11}},"12":{"start":{"line":13,"column":0},"end":{"line":13,"column":25}},"13":{"start":{"line":14,"column":0},"end":{"line":14,"column":27}},"14":{"start":{"line":15,"column":0},"end":{"line":15,"column":26}},"15":{"start":{"line":16,"column":0},"end":{"line":16,"column":22}},"16":{"start":{"line":17,"column":0},"end":{"line":17,"column":6}},"17":{"start":{"line":18,"column":0},"end":{"line":18,"column":13}},"18":{"start":{"line":19,"column":0},"end":{"line":19,"column":35}},"19":{"start":{"line":20,"column":0},"end":{"line":20,"column":37}},"20":{"start":{"line":21,"column":0},"end":{"line":21,"column":25}},"21":{"start":{"line":22,"column":0},"end":{"line":22,"column":25}},"22":{"start":{"line":23,"column":0},"end":{"line":23,"column":22}},"23":{"start":{"line":24,"column":0},"end":{"line":24,"column":6}},"24":{"start":{"line":25,"column":0},"end":{"line":25,"column":13}},"25":{"start":{"line":26,"column":0},"end":{"line":26,"column":25}},"26":{"start":{"line":27,"column":0},"end":{"line":27,"column":27}},"27":{"start":{"line":28,"column":0},"end":{"line":28,"column":22}},"28":{"start":{"line":29,"column":0},"end":{"line":29,"column":6}},"29":{"start":{"line":30,"column":0},"end":{"line":30,"column":15}},"30":{"start":{"line":31,"column":0},"end":{"line":31,"column":67}},"31":{"start":{"line":32,"column":0},"end":{"line":32,"column":64}},"32":{"start":{"line":33,"column":0},"end":{"line":33,"column":66}},"33":{"start":{"line":34,"column":0},"end":{"line":34,"column":78}},"34":{"start":{"line":35,"column":0},"end":{"line":35,"column":5}},"35":{"start":{"line":36,"column":0},"end":{"line":36,"column":4}},"36":{"start":{"line":37,"column":0},"end":{"line":37,"column":12}},"37":{"start":{"line":38,"column":0},"end":{"line":38,"column":18}},"38":{"start":{"line":39,"column":0},"end":{"line":39,"column":17}},"39":{"start":{"line":40,"column":0},"end":{"line":40,"column":15}},"40":{"start":{"line":41,"column":0},"end":{"line":41,"column":17}},"41":{"start":{"line":42,"column":0},"end":{"line":42,"column":15}},"42":{"start":{"line":43,"column":0},"end":{"line":43,"column":15}},"43":{"start":{"line":44,"column":0},"end":{"line":44,"column":4}},"44":{"start":{"line":45,"column":0},"end":{"line":45,"column":17}},"45":{"start":{"line":46,"column":0},"end":{"line":46,"column":14}},"46":{"start":{"line":47,"column":0},"end":{"line":47,"column":14}},"47":{"start":{"line":48,"column":0},"end":{"line":48,"column":15}},"48":{"start":{"line":49,"column":0},"end":{"line":49,"column":15}},"49":{"start":{"line":50,"column":0},"end":{"line":50,"column":18}},"50":{"start":{"line":51,"column":0},"end":{"line":51,"column":4}},"51":{"start":{"line":52,"column":0},"end":{"line":52,"column":12}},"52":{"start":{"line":53,"column":0},"end":{"line":53,"column":41}},"53":{"start":{"line":54,"column":0},"end":{"line":54,"column":79}},"54":{"start":{"line":55,"column":0},"end":{"line":55,"column":81}},"55":{"start":{"line":56,"column":0},"end":{"line":56,"column":83}},"56":{"start":{"line":57,"column":0},"end":{"line":57,"column":49}},"57":{"start":{"line":58,"column":0},"end":{"line":58,"column":4}},"58":{"start":{"line":59,"column":0},"end":{"line":59,"column":16}},"59":{"start":{"line":60,"column":0},"end":{"line":60,"column":27}},"60":{"start":{"line":61,"column":0},"end":{"line":61,"column":28}},"61":{"start":{"line":62,"column":0},"end":{"line":62,"column":25}},"62":{"start":{"line":63,"column":0},"end":{"line":63,"column":3}},"63":{"start":{"line":64,"column":0},"end":{"line":64,"column":1}}},"s":{"0":1,"1":1,"2":1,"3":1,"4":1,"5":1,"6":1,"7":1,"8":1,"9":1,"10":1,"11":1,"12":1,"13":1,"14":1,"15":1,"16":1,"17":1,"18":1,"19":1,"20":1,"21":1,"22":1,"23":1,"24":1,"25":1,"26":1,"27":1,"28":1,"29":1,"30":1,"31":1,"32":1,"33":1,"34":1,"35":1,"36":1,"37":1,"38":1,"39":1,"40":1,"41":1,"42":1,"43":1,"44":1,"45":1,"46":1,"47":1,"48":1,"49":1,"50":1,"51":1,"52":1,"53":1,"54":1,"55":1,"56":1,"57":1,"58":1,"59":1,"60":1,"61":1,"62":1,"63":1},"branchMap":{},"b":{},"fnMap":{},"f":{}}
}
