TN:
SF:src/App.jsx
FN:128,ErrorFallback
FN:158,App
FN:184,logout
FN:223,AuthPage
FN:286,handleSubmit
FN:374,onChange
FN:393,onChange
FN:446,onClick
FN:465,onClick
FN:477,AdminPanel
FN:495,loadInvitations
FN:510,handleGenerateInvitation
FN:543,handleExpireInvitation
FN:568,handleCopyToClipboard
FN:584,loadUsers
FN:600,handleDeleteUser
FN:614,confirmDeleteUser
FN:646,onChange
FN:724,onClick
FN:814,onClick
FN:894,onClick
FN:922,onClick
FN:934,onClick
FN:956,onClick
FN:1005,Dashboard
FN:1030,checkFilterMatch
FN:1054,handleAutomatedProcessing
FN:1121,testGitHubDetailed
FN:1158,pollJobStatus
FN:1163,poll
FN:1275,loadGeneratedFiles
FN:1288,loadFiles
FN:1300,handleFileUpload
FN:1323,onUploadProgress
FN:1358,cleanupMissingFiles
FN:1385,debugStorage
FN:1402,handleProcessFile
FN:1488,onClick
FN:1516,onClick
FN:1551,handleDownload
FN:1593,formatFileSize
FN:1665,onClick
FN:1851,onClick
FN:1864,onClick
FN:1941,onClick
FN:1986,onClick
FN:2031,onClick
FNF:47
FNH:34
FNDA:0,ErrorFallback
FNDA:341,App
FNDA:4,logout
FNDA:560,AuthPage
FNDA:19,handleSubmit
FNDA:135,onChange
FNDA:215,onChange
FNDA:6,onClick
FNDA:1,onClick
FNDA:153,AdminPanel
FNDA:30,loadInvitations
FNDA:4,handleGenerateInvitation
FNDA:2,handleExpireInvitation
FNDA:1,handleCopyToClipboard
FNDA:27,loadUsers
FNDA:3,handleDeleteUser
FNDA:2,confirmDeleteUser
FNDA:59,onChange
FNDA:0,onClick
FNDA:2,onClick
FNDA:3,onClick
FNDA:0,onClick
FNDA:2,onClick
FNDA:0,onClick
FNDA:317,Dashboard
FNDA:34,checkFilterMatch
FNDA:1,handleAutomatedProcessing
FNDA:1,testGitHubDetailed
FNDA:1,pollJobStatus
FNDA:1,poll
FNDA:16,loadGeneratedFiles
FNDA:97,loadFiles
FNDA:9,handleFileUpload
FNDA:0,onUploadProgress
FNDA:1,cleanupMissingFiles
FNDA:1,debugStorage
FNDA:2,handleProcessFile
FNDA:0,onClick
FNDA:0,onClick
FNDA:0,handleDownload
FNDA:207,formatFileSize
FNDA:13,onClick
FNDA:0,onClick
FNDA:0,onClick
FNDA:0,onClick
FNDA:0,onClick
FNDA:0,onClick
DA:1,1
DA:2,1
DA:3,1
DA:4,1
DA:5,1
DA:6,1
DA:7,1
DA:8,1
DA:9,1
DA:10,1
DA:11,1
DA:12,1
DA:13,1
DA:14,1
DA:15,1
DA:16,1
DA:17,1
DA:18,1
DA:19,1
DA:20,1
DA:21,1
DA:22,1
DA:23,1
DA:24,1
DA:25,1
DA:26,1
DA:27,1
DA:28,1
DA:29,1
DA:30,1
DA:31,1
DA:32,1
DA:33,1
DA:34,1
DA:35,1
DA:36,1
DA:37,1
DA:38,1
DA:39,1
DA:40,1
DA:41,1
DA:42,1
DA:43,1
DA:44,1
DA:45,1
DA:46,1
DA:47,1
DA:48,1
DA:49,1
DA:50,1
DA:51,1
DA:52,1
DA:53,1
DA:54,1
DA:55,1
DA:56,1
DA:57,1
DA:58,1
DA:59,1
DA:60,1
DA:61,1
DA:62,1
DA:63,1
DA:64,1
DA:65,1
DA:66,1
DA:67,1
DA:68,1
DA:69,1
DA:70,1
DA:71,1
DA:72,1
DA:73,1
DA:74,1
DA:75,1
DA:76,1
DA:77,1
DA:78,1
DA:79,1
DA:80,1
DA:81,1
DA:82,1
DA:83,1
DA:84,1
DA:85,1
DA:86,1
DA:87,1
DA:88,1
DA:89,1
DA:90,1
DA:91,1
DA:92,1
DA:93,1
DA:94,1
DA:95,1
DA:96,1
DA:97,1
DA:98,1
DA:99,1
DA:100,1
DA:101,1
DA:102,1
DA:103,1
DA:104,1
DA:105,1
DA:106,1
DA:107,1
DA:108,1
DA:109,1
DA:110,1
DA:111,1
DA:112,1
DA:113,1
DA:114,1
DA:115,1
DA:116,1
DA:117,1
DA:118,1
DA:119,1
DA:120,1
DA:121,1
DA:122,1
DA:123,1
DA:124,1
DA:125,0
DA:126,1
DA:127,1
DA:128,0
DA:129,0
DA:130,0
DA:131,0
DA:132,0
DA:133,0
DA:134,0
DA:135,0
DA:136,0
DA:137,0
DA:138,0
DA:139,0
DA:140,0
DA:141,0
DA:142,0
DA:143,0
DA:144,0
DA:145,0
DA:146,0
DA:147,0
DA:148,0
DA:149,0
DA:150,0
DA:151,0
DA:152,0
DA:153,0
DA:154,0
DA:155,0
DA:156,0
DA:157,1
DA:158,341
DA:159,341
DA:160,341
DA:161,341
DA:162,341
DA:163,167
DA:164,167
DA:165,96
DA:166,96
DA:167,96
DA:168,96
DA:169,96
DA:170,89
DA:171,96
DA:172,96
DA:173,6
DA:174,6
DA:175,96
DA:176,96
DA:177,95
DA:178,96
DA:179,167
DA:180,71
DA:181,71
DA:182,341
DA:183,341
DA:184,341
DA:185,4
DA:186,4
DA:187,4
DA:188,341
DA:189,341
DA:190,167
DA:191,167
DA:192,167
DA:193,167
DA:194,167
DA:195,167
DA:196,167
DA:197,167
DA:198,167
DA:199,174
DA:200,174
DA:201,174
DA:202,174
DA:203,174
DA:204,174
DA:205,174
DA:206,174
DA:207,174
DA:208,174
DA:209,81
DA:210,93
DA:211,93
DA:212,93
DA:213,93
DA:214,341
DA:215,341
DA:216,341
DA:217,341
DA:218,341
DA:219,341
DA:220,341
DA:221,341
DA:222,1
DA:223,560
DA:224,560
DA:225,560
DA:226,560
DA:227,560
DA:228,560
DA:229,560
DA:230,560
DA:231,560
DA:232,560
DA:233,560
DA:234,560
DA:235,560
DA:236,560
DA:237,560
DA:238,560
DA:239,560
DA:240,63
DA:241,63
DA:242,63
DA:243,63
DA:244,63
DA:245,25
DA:246,25
DA:247,25
DA:248,25
DA:249,25
DA:250,25
DA:251,25
DA:252,21
DA:253,21
DA:254,21
DA:255,25
DA:256,25
DA:257,4
DA:258,25
DA:259,25
DA:260,560
DA:261,560
DA:262,560
DA:263,560
DA:264,278
DA:265,63
DA:266,63
DA:267,63
DA:268,63
DA:269,63
DA:270,63
DA:271,63
DA:272,63
DA:273,63
DA:274,215
DA:275,215
DA:276,215
DA:277,215
DA:278,215
DA:279,215
DA:280,215
DA:281,215
DA:282,560
DA:283,560
DA:284,560
DA:285,560
DA:286,560
DA:287,19
DA:288,19
DA:289,19
DA:290,19
DA:291,19
DA:292,19
DA:293,5
DA:294,5
DA:295,0
DA:296,0
DA:297,0
DA:298,0
DA:299,5
DA:300,5
DA:301,5
DA:302,5
DA:303,5
DA:304,3
DA:305,3
DA:306,3
DA:307,3
DA:308,3
DA:309,3
DA:310,3
DA:311,2
DA:312,2
DA:313,19
DA:314,13
DA:315,13
DA:316,13
DA:317,13
DA:318,13
DA:319,4
DA:320,4
DA:321,4
DA:322,4
DA:323,4
DA:324,4
DA:325,4
DA:326,3
DA:327,3
DA:328,14
DA:329,1
DA:330,1
DA:331,1
DA:332,19
DA:333,13
DA:334,13
DA:335,13
DA:336,13
DA:337,19
DA:338,19
DA:339,19
DA:340,19
DA:341,560
DA:342,560
DA:343,560
DA:344,560
DA:345,560
DA:346,560
DA:347,560
DA:348,181
DA:349,379
DA:350,368
DA:351,11
DA:352,560
DA:353,560
DA:354,560
DA:355,11
DA:356,11
DA:357,11
DA:358,11
DA:359,11
DA:360,11
DA:361,560
DA:362,560
DA:363,560
DA:364,560
DA:365,560
DA:366,560
DA:367,560
DA:368,560
DA:369,560
DA:370,560
DA:371,560
DA:372,560
DA:373,560
DA:374,560
DA:375,560
DA:376,560
DA:377,560
DA:378,560
DA:379,181
DA:380,181
DA:381,181
DA:382,560
DA:383,560
DA:384,560
DA:385,560
DA:386,560
DA:387,560
DA:388,560
DA:389,560
DA:390,560
DA:391,560
DA:392,560
DA:393,560
DA:394,560
DA:395,560
DA:396,560
DA:397,192
DA:398,192
DA:399,192
DA:400,192
DA:401,192
DA:402,192
DA:403,192
DA:404,192
DA:405,192
DA:406,192
DA:407,192
DA:408,192
DA:409,192
DA:410,192
DA:411,192
DA:412,192
DA:413,192
DA:414,192
DA:415,192
DA:416,192
DA:417,192
DA:418,192
DA:419,192
DA:420,192
DA:421,192
DA:422,192
DA:423,192
DA:424,192
DA:425,192
DA:426,192
DA:427,192
DA:428,192
DA:429,192
DA:430,192
DA:431,192
DA:432,192
DA:433,192
DA:434,560
DA:435,560
DA:436,560
DA:437,560
DA:438,368
DA:439,368
DA:440,368
DA:441,368
DA:442,368
DA:443,368
DA:444,368
DA:445,368
DA:446,368
DA:447,368
DA:448,368
DA:449,368
DA:450,368
DA:451,368
DA:452,192
DA:453,181
DA:454,181
DA:455,181
DA:456,181
DA:457,181
DA:458,181
DA:459,181
DA:460,11
DA:461,11
DA:462,11
DA:463,11
DA:464,11
DA:465,11
DA:466,11
DA:467,11
DA:468,11
DA:469,11
DA:470,560
DA:471,560
DA:472,560
DA:473,560
DA:474,560
DA:475,560
DA:476,1
DA:477,153
DA:478,153
DA:479,153
DA:480,153
DA:481,153
DA:482,153
DA:483,153
DA:484,153
DA:485,153
DA:486,153
DA:487,153
DA:488,153
DA:489,153
DA:490,153
DA:491,26
DA:492,26
DA:493,153
DA:494,153
DA:495,153
DA:496,30
DA:497,30
DA:498,30
DA:499,30
DA:500,30
DA:501,30
DA:502,28
DA:503,30
DA:504,1
DA:505,30
DA:506,29
DA:507,29
DA:508,30
DA:509,153
DA:510,153
DA:511,4
DA:512,4
DA:513,4
DA:514,4
DA:515,4
DA:516,4
DA:517,4
DA:518,4
DA:519,4
DA:520,4
DA:521,4
DA:522,4
DA:523,4
DA:524,4
DA:525,4
DA:526,3
DA:527,3
DA:528,3
DA:529,3
DA:530,3
DA:531,3
DA:532,3
DA:533,4
DA:534,1
DA:535,1
DA:536,1
DA:537,1
DA:538,4
DA:539,4
DA:540,4
DA:541,4
DA:542,153
DA:543,153
DA:544,2
DA:545,1
DA:546,1
DA:547,1
DA:548,1
DA:549,1
DA:550,1
DA:551,1
DA:552,1
DA:553,1
DA:554,1
DA:555,1
DA:556,1
DA:557,1
DA:558,1
DA:559,1
DA:560,2
DA:561,0
DA:562,0
DA:563,0
DA:564,0
DA:565,0
DA:566,2
DA:567,153
DA:568,153
DA:569,1
DA:570,1
DA:571,1
DA:572,1
DA:573,1
DA:574,1
DA:575,1
DA:576,1
DA:577,0
DA:578,0
DA:579,1
DA:580,1
DA:581,1
DA:582,1
DA:583,153
DA:584,153
DA:585,27
DA:586,27
DA:587,27
DA:588,27
DA:589,27
DA:590,27
DA:591,26
DA:592,27
DA:593,1
DA:594,1
DA:595,27
DA:596,27
DA:597,27
DA:598,27
DA:599,153
DA:600,153
DA:601,3
DA:602,3
DA:603,3
DA:604,3
DA:605,3
DA:606,3
DA:607,3
DA:608,3
DA:609,0
DA:610,0
DA:611,0
DA:612,3
DA:613,153
DA:614,153
DA:615,2
DA:616,2
DA:617,2
DA:618,2
DA:619,2
DA:620,2
DA:621,2
DA:622,1
DA:623,1
DA:624,1
DA:625,1
DA:626,1
DA:627,1
DA:628,1
DA:629,1
DA:630,1
DA:631,2
DA:632,153
DA:633,153
DA:634,153
DA:635,153
DA:636,153
DA:637,153
DA:638,153
DA:639,153
DA:640,153
DA:641,153
DA:642,153
DA:643,153
DA:644,153
DA:645,153
DA:646,153
DA:647,153
DA:648,153
DA:649,153
DA:650,153
DA:651,153
DA:652,153
DA:653,153
DA:654,3
DA:655,3
DA:656,3
DA:657,3
DA:658,3
DA:659,153
DA:660,153
DA:661,153
DA:662,1
DA:663,1
DA:664,1
DA:665,1
DA:666,1
DA:667,153
DA:668,153
DA:669,153
DA:670,1
DA:671,1
DA:672,1
DA:673,1
DA:674,1
DA:675,153
DA:676,153
DA:677,153
DA:678,153
DA:679,153
DA:680,153
DA:681,153
DA:682,153
DA:683,153
DA:684,153
DA:685,153
DA:686,153
DA:687,153
DA:688,4
DA:689,4
DA:690,4
DA:691,4
DA:692,4
DA:693,4
DA:694,4
DA:695,4
DA:696,4
DA:697,4
DA:698,4
DA:699,4
DA:700,4
DA:701,4
DA:702,4
DA:703,4
DA:704,4
DA:705,4
DA:706,4
DA:707,4
DA:708,4
DA:709,4
DA:710,4
DA:711,4
DA:712,4
DA:713,4
DA:714,4
DA:715,4
DA:716,4
DA:717,4
DA:718,4
DA:719,4
DA:720,4
DA:721,4
DA:722,4
DA:723,4
DA:724,4
DA:725,4
DA:726,4
DA:727,4
DA:728,4
DA:729,4
DA:730,4
DA:731,4
DA:732,4
DA:733,4
DA:734,4
DA:735,1
DA:736,1
DA:737,1
DA:738,1
DA:739,1
DA:740,1
DA:741,1
DA:742,1
DA:743,1
DA:744,1
DA:745,4
DA:746,4
DA:747,3
DA:748,3
DA:749,3
DA:750,3
DA:751,3
DA:752,3
DA:753,3
DA:754,3
DA:755,3
DA:756,4
DA:757,4
DA:758,4
DA:759,4
DA:760,4
DA:761,4
DA:762,4
DA:763,4
DA:764,4
DA:765,4
DA:766,4
DA:767,153
DA:768,153
DA:769,153
DA:770,153
DA:771,153
DA:772,153
DA:773,153
DA:774,153
DA:775,153
DA:776,27
DA:777,126
DA:778,39
DA:779,87
DA:780,87
DA:781,87
DA:782,87
DA:783,87
DA:784,87
DA:785,87
DA:786,87
DA:787,87
DA:788,88
DA:789,88
DA:790,88
DA:791,88
DA:792,88
DA:793,88
DA:794,88
DA:795,88
DA:796,88
DA:797,88
DA:798,88
DA:799,88
DA:800,88
DA:801,88
DA:802,88
DA:803,88
DA:804,88
DA:805,88
DA:806,88
DA:807,88
DA:808,88
DA:809,88
DA:810,88
DA:811,88
DA:812,88
DA:813,88
DA:814,88
DA:815,88
DA:816,88
DA:817,88
DA:818,88
DA:819,88
DA:820,88
DA:821,87
DA:822,87
DA:823,153
DA:824,153
DA:825,153
DA:826,153
DA:827,153
DA:828,153
DA:829,153
DA:830,153
DA:831,153
DA:832,153
DA:833,153
DA:834,153
DA:835,153
DA:836,153
DA:837,153
DA:838,26
DA:839,127
DA:840,39
DA:841,88
DA:842,88
DA:843,88
DA:844,88
DA:845,88
DA:846,88
DA:847,88
DA:848,88
DA:849,88
DA:850,176
DA:851,176
DA:852,176
DA:853,176
DA:854,176
DA:855,176
DA:856,176
DA:857,176
DA:858,176
DA:859,176
DA:860,176
DA:861,176
DA:862,176
DA:863,176
DA:864,176
DA:865,176
DA:866,176
DA:867,176
DA:868,176
DA:869,176
DA:870,88
DA:871,88
DA:872,88
DA:873,88
DA:874,88
DA:875,88
DA:876,88
DA:877,88
DA:878,88
DA:879,88
DA:880,88
DA:881,88
DA:882,176
DA:883,176
DA:884,176
DA:885,176
DA:886,176
DA:887,176
DA:888,176
DA:889,88
DA:890,88
DA:891,88
DA:892,88
DA:893,88
DA:894,88
DA:895,88
DA:896,88
DA:897,88
DA:898,88
DA:899,176
DA:900,176
DA:901,176
DA:902,88
DA:903,88
DA:904,153
DA:905,153
DA:906,153
DA:907,153
DA:908,153
DA:909,3
DA:910,3
DA:911,3
DA:912,3
DA:913,3
DA:914,3
DA:915,3
DA:916,3
DA:917,3
DA:918,3
DA:919,3
DA:920,3
DA:921,3
DA:922,3
DA:923,3
DA:924,3
DA:925,3
DA:926,3
DA:927,3
DA:928,3
DA:929,3
DA:930,3
DA:931,3
DA:932,3
DA:933,3
DA:934,3
DA:935,3
DA:936,3
DA:937,3
DA:938,3
DA:939,3
DA:940,3
DA:941,3
DA:942,3
DA:943,3
DA:944,3
DA:945,3
DA:946,3
DA:947,3
DA:948,3
DA:949,3
DA:950,3
DA:951,3
DA:952,3
DA:953,3
DA:954,3
DA:955,3
DA:956,3
DA:957,3
DA:958,3
DA:959,3
DA:960,3
DA:961,3
DA:962,3
DA:963,3
DA:964,3
DA:965,3
DA:966,3
DA:967,3
DA:968,3
DA:969,3
DA:970,3
DA:971,153
DA:972,153
DA:973,153
DA:974,153
DA:975,153
DA:976,153
DA:977,153
DA:978,153
DA:979,153
DA:980,153
DA:981,153
DA:982,153
DA:983,153
DA:984,153
DA:985,153
DA:986,153
DA:987,153
DA:988,153
DA:989,153
DA:990,153
DA:991,153
DA:992,153
DA:993,153
DA:994,153
DA:995,153
DA:996,153
DA:997,153
DA:998,153
DA:999,153
DA:1000,153
DA:1001,153
DA:1002,153
DA:1003,153
DA:1004,1
DA:1005,317
DA:1006,317
DA:1007,317
DA:1008,317
DA:1009,317
DA:1010,317
DA:1011,317
DA:1012,317
DA:1013,317
DA:1014,317
DA:1015,317
DA:1016,317
DA:1017,317
DA:1018,317
DA:1019,317
DA:1020,317
DA:1021,317
DA:1022,317
DA:1023,317
DA:1024,317
DA:1025,317
DA:1026,317
DA:1027,317
DA:1028,317
DA:1029,317
DA:1030,317
DA:1031,34
DA:1032,34
DA:1033,34
DA:1034,34
DA:1035,34
DA:1036,0
DA:1037,0
DA:1038,0
DA:1039,0
DA:1040,0
DA:1041,0
DA:1042,0
DA:1043,0
DA:1044,0
DA:1045,0
DA:1046,34
DA:1047,34
DA:1048,317
DA:1049,317
DA:1050,317
DA:1051,317
DA:1052,317
DA:1053,317
DA:1054,317
DA:1055,1
DA:1056,1
DA:1057,1
DA:1058,1
DA:1059,1
DA:1060,1
DA:1061,1
DA:1062,1
DA:1063,1
DA:1064,1
DA:1065,1
DA:1066,1
DA:1067,1
DA:1068,1
DA:1069,1
DA:1070,1
DA:1071,1
DA:1072,1
DA:1073,1
DA:1074,1
DA:1075,1
DA:1076,1
DA:1077,1
DA:1078,1
DA:1079,1
DA:1080,1
DA:1081,1
DA:1082,1
DA:1083,0
DA:1084,0
DA:1085,0
DA:1086,0
DA:1087,0
DA:1088,0
DA:1089,0
DA:1090,0
DA:1091,0
DA:1092,0
DA:1093,0
DA:1094,0
DA:1095,0
DA:1096,0
DA:1097,0
DA:1098,0
DA:1099,0
DA:1100,0
DA:1101,0
DA:1102,0
DA:1103,0
DA:1104,0
DA:1105,0
DA:1106,0
DA:1107,0
DA:1108,0
DA:1109,0
DA:1110,0
DA:1111,0
DA:1112,0
DA:1113,0
DA:1114,0
DA:1115,0
DA:1116,0
DA:1117,0
DA:1118,0
DA:1119,1
DA:1120,317
DA:1121,317
DA:1122,1
DA:1123,1
DA:1124,1
DA:1125,1
DA:1126,1
DA:1127,1
DA:1128,1
DA:1129,1
DA:1130,1
DA:1131,1
DA:1132,1
DA:1133,1
DA:1134,1
DA:1135,1
DA:1136,1
DA:1137,1
DA:1138,1
DA:1139,1
DA:1140,1
DA:1141,1
DA:1142,1
DA:1143,1
DA:1144,1
DA:1145,1
DA:1146,1
DA:1147,0
DA:1148,0
DA:1149,0
DA:1150,0
DA:1151,0
DA:1152,0
DA:1153,0
DA:1154,0
DA:1155,0
DA:1156,1
DA:1157,317
DA:1158,317
DA:1159,1
DA:1160,1
DA:1161,1
DA:1162,1
DA:1163,1
DA:1164,1
DA:1165,1
DA:1166,1
DA:1167,1
DA:1168,1
DA:1169,1
DA:1170,1
DA:1171,1
DA:1172,1
DA:1173,0
DA:1174,0
DA:1175,0
DA:1176,0
DA:1177,0
DA:1178,0
DA:1179,0
DA:1180,0
DA:1181,0
DA:1182,0
DA:1183,0
DA:1184,0
DA:1185,0
DA:1186,0
DA:1187,0
DA:1188,0
DA:1189,0
DA:1190,0
DA:1191,0
DA:1192,0
DA:1193,0
DA:1194,1
DA:1195,0
DA:1196,0
DA:1197,0
DA:1198,0
DA:1199,0
DA:1200,0
DA:1201,1
DA:1202,1
DA:1203,1
DA:1204,0
DA:1205,0
DA:1206,0
DA:1207,0
DA:1208,0
DA:1209,0
DA:1210,0
DA:1211,0
DA:1212,1
DA:1213,1
DA:1214,1
DA:1215,1
DA:1216,0
DA:1217,0
DA:1218,0
DA:1219,0
DA:1220,0
DA:1221,0
DA:1222,0
DA:1223,0
DA:1224,1
DA:1225,0
DA:1226,0
DA:1227,0
DA:1228,0
DA:1229,0
DA:1230,0
DA:1231,0
DA:1232,0
DA:1233,0
DA:1234,0
DA:1235,0
DA:1236,0
DA:1237,0
DA:1238,0
DA:1239,0
DA:1240,0
DA:1241,0
DA:1242,0
DA:1243,0
DA:1244,0
DA:1245,0
DA:1246,0
DA:1247,0
DA:1248,0
DA:1249,0
DA:1250,0
DA:1251,0
DA:1252,0
DA:1253,0
DA:1254,0
DA:1255,0
DA:1256,0
DA:1257,1
DA:1258,1
DA:1259,1
DA:1260,1
DA:1261,317
DA:1262,317
DA:1263,90
DA:1264,317
DA:1265,317
DA:1266,317
DA:1267,317
DA:1268,104
DA:1269,14
DA:1270,104
DA:1271,90
DA:1272,90
DA:1273,317
DA:1274,317
DA:1275,317
DA:1276,16
DA:1277,16
DA:1278,16
DA:1279,16
DA:1280,16
DA:1281,16
DA:1282,16
DA:1283,0
DA:1284,0
DA:1285,0
DA:1286,16
DA:1287,317
DA:1288,317
DA:1289,97
DA:1290,97
DA:1291,97
DA:1292,97
DA:1293,97
DA:1294,97
DA:1295,97
DA:1296,2
DA:1297,2
DA:1298,97
DA:1299,317
DA:1300,317
DA:1301,9
DA:1302,9
DA:1303,9
DA:1304,9
DA:1305,1
DA:1306,1
DA:1307,1
DA:1308,8
DA:1309,8
DA:1310,8
DA:1311,8
DA:1312,8
DA:1313,8
DA:1314,8
DA:1315,8
DA:1316,8
DA:1317,8
DA:1318,8
DA:1319,8
DA:1320,8
DA:1321,8
DA:1322,8
DA:1323,8
DA:1324,0
DA:1325,0
DA:1326,0
DA:1327,0
DA:1328,0
DA:1329,8
DA:1330,4
DA:1331,4
DA:1332,4
DA:1333,9
DA:1334,1
DA:1335,1
DA:1336,1
DA:1337,1
DA:1338,1
DA:1339,1
DA:1340,1
DA:1341,1
DA:1342,9
DA:1343,3
DA:1344,3
DA:1345,4
DA:1346,4
DA:1347,4
DA:1348,4
DA:1349,4
DA:1350,4
DA:1351,9
DA:1352,8
DA:1353,8
DA:1354,8
DA:1355,9
DA:1356,317
DA:1357,317
DA:1358,317
DA:1359,1
DA:1360,1
DA:1361,1
DA:1362,1
DA:1363,1
DA:1364,1
DA:1365,1
DA:1366,1
DA:1367,1
DA:1368,1
DA:1369,1
DA:1370,1
DA:1371,1
DA:1372,1
DA:1373,0
DA:1374,0
DA:1375,0
DA:1376,1
DA:1377,0
DA:1378,0
DA:1379,0
DA:1380,0
DA:1381,0
DA:1382,1
DA:1383,317
DA:1384,317
DA:1385,317
DA:1386,1
DA:1387,1
DA:1388,1
DA:1389,1
DA:1390,1
DA:1391,1
DA:1392,1
DA:1393,1
DA:1394,1
DA:1395,1
DA:1396,1
DA:1397,1
DA:1398,0
DA:1399,0
DA:1400,1
DA:1401,317
DA:1402,317
DA:1403,2
DA:1404,2
DA:1405,2
DA:1406,2
DA:1407,2
DA:1408,2
DA:1409,2
DA:1410,2
DA:1411,2
DA:1412,2
DA:1413,2
DA:1414,2
DA:1415,2
DA:1416,2
DA:1417,2
DA:1418,2
DA:1419,2
DA:1420,2
DA:1421,2
DA:1422,2
DA:1423,2
DA:1424,2
DA:1425,2
DA:1426,2
DA:1427,2
DA:1428,2
DA:1429,2
DA:1430,2
DA:1431,2
DA:1432,2
DA:1433,2
DA:1434,2
DA:1435,2
DA:1436,2
DA:1437,2
DA:1438,2
DA:1439,2
DA:1440,2
DA:1441,2
DA:1442,2
DA:1443,2
DA:1444,2
DA:1445,2
DA:1446,0
DA:1447,0
DA:1448,0
DA:1449,0
DA:1450,0
DA:1451,2
DA:1452,2
DA:1453,2
DA:1454,2
DA:1455,317
DA:1456,317
DA:1457,317
DA:1458,2
DA:1459,2
DA:1460,2
DA:1461,2
DA:1462,2
DA:1463,2
DA:1464,2
DA:1465,2
DA:1466,2
DA:1467,2
DA:1468,2
DA:1469,2
DA:1470,2
DA:1471,2
DA:1472,2
DA:1473,2
DA:1474,2
DA:1475,2
DA:1476,2
DA:1477,2
DA:1478,2
DA:1479,2
DA:1480,2
DA:1481,2
DA:1482,2
DA:1483,2
DA:1484,2
DA:1485,2
DA:1486,2
DA:1487,2
DA:1488,2
DA:1489,0
DA:1490,0
DA:1491,0
DA:1492,0
DA:1493,2
DA:1494,2
DA:1495,2
DA:1496,2
DA:1497,2
DA:1498,2
DA:1499,2
DA:1500,2
DA:1501,2
DA:1502,2
DA:1503,2
DA:1504,2
DA:1505,2
DA:1506,2
DA:1507,2
DA:1508,2
DA:1509,2
DA:1510,2
DA:1511,2
DA:1512,2
DA:1513,2
DA:1514,2
DA:1515,2
DA:1516,2
DA:1517,0
DA:1518,0
DA:1519,0
DA:1520,0
DA:1521,2
DA:1522,2
DA:1523,2
DA:1524,2
DA:1525,2
DA:1526,2
DA:1527,2
DA:1528,2
DA:1529,2
DA:1530,2
DA:1531,2
DA:1532,2
DA:1533,2
DA:1534,2
DA:1535,2
DA:1536,2
DA:1537,2
DA:1538,2
DA:1539,2
DA:1540,2
DA:1541,2
DA:1542,2
DA:1543,2
DA:1544,2
DA:1545,2
DA:1546,2
DA:1547,2
DA:1548,317
DA:1549,317
DA:1550,317
DA:1551,317
DA:1552,0
DA:1553,0
DA:1554,0
DA:1555,0
DA:1556,0
DA:1557,0
DA:1558,0
DA:1559,0
DA:1560,0
DA:1561,0
DA:1562,0
DA:1563,0
DA:1564,0
DA:1565,0
DA:1566,0
DA:1567,0
DA:1568,0
DA:1569,0
DA:1570,0
DA:1571,0
DA:1572,0
DA:1573,0
DA:1574,0
DA:1575,0
DA:1576,0
DA:1577,0
DA:1578,0
DA:1579,0
DA:1580,0
DA:1581,0
DA:1582,0
DA:1583,0
DA:1584,0
DA:1585,0
DA:1586,0
DA:1587,0
DA:1588,0
DA:1589,0
DA:1590,0
DA:1591,0
DA:1592,317
DA:1593,317
DA:1594,207
DA:1595,207
DA:1596,207
DA:1597,207
DA:1598,207
DA:1599,207
DA:1600,317
DA:1601,317
DA:1602,317
DA:1603,317
DA:1604,317
DA:1605,317
DA:1606,317
DA:1607,317
DA:1608,317
DA:1609,317
DA:1610,317
DA:1611,317
DA:1612,317
DA:1613,317
DA:1614,317
DA:1615,317
DA:1616,317
DA:1617,317
DA:1618,317
DA:1619,317
DA:1620,317
DA:1621,317
DA:1622,317
DA:1623,317
DA:1624,317
DA:1625,317
DA:1626,317
DA:1627,317
DA:1628,317
DA:1629,317
DA:1630,317
DA:1631,317
DA:1632,317
DA:1633,317
DA:1634,8
DA:1635,8
DA:1636,8
DA:1637,8
DA:1638,8
DA:1639,8
DA:1640,317
DA:1641,317
DA:1642,317
DA:1643,317
DA:1644,317
DA:1645,317
DA:1646,317
DA:1647,317
DA:1648,317
DA:1649,317
DA:1650,317
DA:1651,317
DA:1652,317
DA:1653,214
DA:1654,214
DA:1655,214
DA:1656,214
DA:1657,214
DA:1658,103
DA:1659,103
DA:1660,103
DA:1661,103
DA:1662,207
DA:1663,207
DA:1664,207
DA:1665,207
DA:1666,207
DA:1667,207
DA:1668,207
DA:1669,207
DA:1670,207
DA:1671,207
DA:1672,207
DA:1673,207
DA:1674,207
DA:1675,207
DA:1676,207
DA:1677,207
DA:1678,207
DA:1679,207
DA:1680,207
DA:1681,207
DA:1682,34
DA:1683,34
DA:1684,34
DA:1685,207
DA:1686,207
DA:1687,101
DA:1688,101
DA:1689,101
DA:1690,106
DA:1691,207
DA:1692,207
DA:1693,103
DA:1694,103
DA:1695,103
DA:1696,317
DA:1697,317
DA:1698,317
DA:1699,317
DA:1700,34
DA:1701,34
DA:1702,34
DA:1703,34
DA:1704,34
DA:1705,34
DA:1706,34
DA:1707,34
DA:1708,34
DA:1709,34
DA:1710,34
DA:1711,34
DA:1712,34
DA:1713,34
DA:1714,34
DA:1715,34
DA:1716,34
DA:1717,34
DA:1718,34
DA:1719,34
DA:1720,34
DA:1721,34
DA:1722,34
DA:1723,34
DA:1724,34
DA:1725,34
DA:1726,34
DA:1727,34
DA:1728,34
DA:1729,34
DA:1730,34
DA:1731,34
DA:1732,34
DA:1733,34
DA:1734,34
DA:1735,34
DA:1736,317
DA:1737,317
DA:1738,317
DA:1739,79
DA:1740,79
DA:1741,79
DA:1742,79
DA:1743,79
DA:1744,79
DA:1745,79
DA:1746,79
DA:1747,79
DA:1748,79
DA:1749,79
DA:1750,79
DA:1751,79
DA:1752,79
DA:1753,79
DA:1754,79
DA:1755,79
DA:1756,79
DA:1757,79
DA:1758,79
DA:1759,79
DA:1760,79
DA:1761,79
DA:1762,79
DA:1763,317
DA:1764,317
DA:1765,317
DA:1766,317
DA:1767,317
DA:1768,317
DA:1769,317
DA:1770,317
DA:1771,317
DA:1772,317
DA:1773,317
DA:1774,317
DA:1775,317
DA:1776,34
DA:1777,34
DA:1778,34
DA:1779,34
DA:1780,34
DA:1781,34
DA:1782,34
DA:1783,34
DA:1784,34
DA:1785,34
DA:1786,34
DA:1787,34
DA:1788,34
DA:1789,34
DA:1790,34
DA:1791,34
DA:1792,34
DA:1793,34
DA:1794,34
DA:1795,34
DA:1796,34
DA:1797,34
DA:1798,34
DA:1799,2
DA:1800,32
DA:1801,34
DA:1802,34
DA:1803,34
DA:1804,34
DA:1805,34
DA:1806,34
DA:1807,34
DA:1808,34
DA:1809,32
DA:1810,30
DA:1811,34
DA:1812,34
DA:1813,34
DA:1814,34
DA:1815,2
DA:1816,32
DA:1817,34
DA:1818,34
DA:1819,283
DA:1820,283
DA:1821,283
DA:1822,283
DA:1823,317
DA:1824,317
DA:1825,317
DA:1826,317
DA:1827,317
DA:1828,6
DA:1829,6
DA:1830,6
DA:1831,6
DA:1832,6
DA:1833,6
DA:1834,6
DA:1835,14
DA:1836,14
DA:1837,14
DA:1838,14
DA:1839,14
DA:1840,14
DA:1841,6
DA:1842,6
DA:1843,6
DA:1844,6
DA:1845,0
DA:1846,0
DA:1847,0
DA:1848,0
DA:1849,0
DA:1850,0
DA:1851,0
DA:1852,0
DA:1853,0
DA:1854,0
DA:1855,0
DA:1856,0
DA:1857,0
DA:1858,0
DA:1859,0
DA:1860,0
DA:1861,0
DA:1862,0
DA:1863,0
DA:1864,0
DA:1865,0
DA:1866,0
DA:1867,0
DA:1868,0
DA:1869,0
DA:1870,0
DA:1871,0
DA:1872,0
DA:1873,0
DA:1874,0
DA:1875,0
DA:1876,0
DA:1877,0
DA:1878,0
DA:1879,0
DA:1880,0
DA:1881,0
DA:1882,0
DA:1883,0
DA:1884,0
DA:1885,0
DA:1886,0
DA:1887,0
DA:1888,0
DA:1889,0
DA:1890,0
DA:1891,6
DA:1892,6
DA:1893,6
DA:1894,6
DA:1895,2
DA:1896,2
DA:1897,2
DA:1898,2
DA:1899,2
DA:1900,2
DA:1901,2
DA:1902,2
DA:1903,2
DA:1904,2
DA:1905,2
DA:1906,2
DA:1907,2
DA:1908,2
DA:1909,2
DA:1910,2
DA:1911,2
DA:1912,2
DA:1913,2
DA:1914,2
DA:1915,2
DA:1916,2
DA:1917,2
DA:1918,2
DA:1919,2
DA:1920,2
DA:1921,2
DA:1922,2
DA:1923,2
DA:1924,2
DA:1925,2
DA:1926,2
DA:1927,2
DA:1928,2
DA:1929,2
DA:1930,2
DA:1931,2
DA:1932,2
DA:1933,2
DA:1934,2
DA:1935,2
DA:1936,2
DA:1937,2
DA:1938,2
DA:1939,2
DA:1940,2
DA:1941,2
DA:1942,0
DA:1943,0
DA:1944,0
DA:1945,0
DA:1946,0
DA:1947,0
DA:1948,0
DA:1949,0
DA:1950,0
DA:1951,2
DA:1952,2
DA:1953,2
DA:1954,2
DA:1955,2
DA:1956,2
DA:1957,2
DA:1958,2
DA:1959,2
DA:1960,2
DA:1961,2
DA:1962,2
DA:1963,2
DA:1964,2
DA:1965,2
DA:1966,2
DA:1967,2
DA:1968,2
DA:1969,2
DA:1970,2
DA:1971,2
DA:1972,2
DA:1973,2
DA:1974,2
DA:1975,2
DA:1976,2
DA:1977,2
DA:1978,2
DA:1979,2
DA:1980,2
DA:1981,2
DA:1982,2
DA:1983,2
DA:1984,2
DA:1985,2
DA:1986,2
DA:1987,0
DA:1988,0
DA:1989,0
DA:1990,0
DA:1991,0
DA:1992,0
DA:1993,0
DA:1994,0
DA:1995,0
DA:1996,0
DA:1997,0
DA:1998,2
DA:1999,2
DA:2000,2
DA:2001,2
DA:2002,2
DA:2003,2
DA:2004,0
DA:2005,0
DA:2006,0
DA:2007,0
DA:2008,0
DA:2009,0
DA:2010,0
DA:2011,0
DA:2012,0
DA:2013,0
DA:2014,0
DA:2015,0
DA:2016,0
DA:2017,0
DA:2018,0
DA:2019,0
DA:2020,0
DA:2021,0
DA:2022,0
DA:2023,0
DA:2024,0
DA:2025,0
DA:2026,0
DA:2027,0
DA:2028,0
DA:2029,0
DA:2030,0
DA:2031,0
DA:2032,0
DA:2033,0
DA:2034,0
DA:2035,0
DA:2036,0
DA:2037,0
DA:2038,0
DA:2039,0
DA:2040,0
DA:2041,0
DA:2042,2
DA:2043,2
DA:2044,2
DA:2045,6
DA:2046,6
DA:2047,6
DA:2048,6
DA:2049,0
DA:2050,0
DA:2051,0
DA:2052,0
DA:2053,0
DA:2054,0
DA:2055,0
DA:2056,0
DA:2057,0
DA:2058,0
DA:2059,0
DA:2060,0
DA:2061,0
DA:2062,0
DA:2063,0
DA:2064,6
DA:2065,6
DA:2066,6
DA:2067,317
DA:2068,317
DA:2069,317
DA:2070,317
DA:2071,317
DA:2072,317
DA:2073,317
DA:2074,1
DA:2075,1
LF:2075
LH:1711
BRDA:124,0,0,0
BRDA:158,1,0,341
BRDA:189,2,0,321
BRDA:189,3,0,167
BRDA:198,4,0,174
BRDA:208,5,0,81
BRDA:209,6,0,93
BRDA:162,7,0,167
BRDA:164,8,0,96
BRDA:179,9,0,71
BRDA:169,10,0,89
BRDA:172,11,0,6
BRDA:176,12,0,95
BRDA:184,13,0,4
BRDA:223,14,0,560
BRDA:347,15,0,181
BRDA:348,16,0,379
BRDA:349,17,0,368
BRDA:350,18,0,11
BRDA:354,19,0,379
BRDA:354,20,0,11
BRDA:364,21,0,18
BRDA:378,22,0,181
BRDA:396,23,0,192
BRDA:403,24,0,30
BRDA:403,25,0,162
BRDA:404,26,0,30
BRDA:404,27,0,162
BRDA:409,28,0,94
BRDA:409,29,0,98
BRDA:410,30,0,94
BRDA:410,31,0,98
BRDA:415,32,0,93
BRDA:415,33,0,99
BRDA:416,34,0,93
BRDA:416,35,0,99
BRDA:421,36,0,53
BRDA:421,37,0,139
BRDA:422,38,0,53
BRDA:422,39,0,139
BRDA:427,40,0,34
BRDA:427,41,0,158
BRDA:428,42,0,34
BRDA:428,43,0,158
BRDA:437,44,0,368
BRDA:440,45,0,13
BRDA:440,46,0,355
BRDA:451,47,0,192
BRDA:452,48,0,181
BRDA:456,49,0,176
BRDA:458,50,0,5
BRDA:458,51,0,176
BRDA:459,52,0,11
BRDA:239,53,0,63
BRDA:244,54,0,25
BRDA:244,55,0,25
BRDA:251,56,0,21
BRDA:256,57,0,4
BRDA:257,58,0,1
BRDA:257,59,0,3
BRDA:263,60,0,278
BRDA:264,61,0,63
BRDA:273,62,0,215
BRDA:286,63,0,19
BRDA:292,64,0,5
BRDA:292,65,0,5
BRDA:294,66,0,0
BRDA:303,67,0,3
BRDA:310,68,0,2
BRDA:313,69,0,14
BRDA:313,70,0,13
BRDA:318,71,0,4
BRDA:325,72,0,3
BRDA:328,73,0,1
BRDA:332,74,0,13
BRDA:335,75,0,8
BRDA:335,76,0,7
BRDA:335,77,0,6
BRDA:335,78,0,1
BRDA:374,79,0,135
BRDA:393,80,0,215
BRDA:446,81,0,6
BRDA:465,82,0,1
BRDA:477,83,0,153
BRDA:653,84,0,3
BRDA:661,85,0,6
BRDA:661,86,0,2
BRDA:661,87,0,1
BRDA:669,88,0,6
BRDA:669,89,0,1
BRDA:680,90,0,149
BRDA:683,91,0,4
BRDA:683,92,0,149
BRDA:687,93,0,4
BRDA:734,94,0,1
BRDA:746,95,0,3
BRDA:775,96,0,27
BRDA:776,97,0,126
BRDA:777,98,0,39
BRDA:778,99,0,87
BRDA:837,100,0,26
BRDA:838,101,0,127
BRDA:839,102,0,39
BRDA:840,103,0,88
BRDA:908,104,0,3
BRDA:947,105,0,0
BRDA:948,106,0,0
BRDA:490,107,0,26
BRDA:495,108,0,30
BRDA:501,109,0,28
BRDA:503,110,0,1
BRDA:505,111,0,29
BRDA:510,112,0,4
BRDA:525,113,0,3
BRDA:533,114,0,1
BRDA:536,115,0,0
BRDA:536,116,0,0
BRDA:543,117,0,2
BRDA:544,118,0,1
BRDA:560,119,0,0
BRDA:558,120,0,1
BRDA:568,121,0,1
BRDA:570,122,0,1
BRDA:573,123,0,1
BRDA:576,124,0,0
BRDA:584,125,0,27
BRDA:590,126,0,26
BRDA:592,127,0,1
BRDA:594,128,0,0
BRDA:600,129,0,3
BRDA:608,130,0,0
BRDA:614,131,0,2
BRDA:615,132,0,0
BRDA:621,133,0,1
BRDA:628,134,0,0
BRDA:633,135,0,176
BRDA:646,136,0,59
BRDA:787,137,0,88
BRDA:808,138,0,0
BRDA:814,139,0,2
BRDA:849,140,0,176
BRDA:869,141,0,88
BRDA:885,142,0,0
BRDA:888,143,0,88
BRDA:889,144,0,88
BRDA:894,145,0,3
BRDA:934,146,0,2
BRDA:1005,147,0,317
BRDA:1049,148,0,34
BRDA:1049,149,0,283
BRDA:1052,150,0,34
BRDA:1052,151,0,283
BRDA:1457,152,0,2
BRDA:1633,153,0,8
BRDA:1652,154,0,214
BRDA:1657,155,0,103
BRDA:1699,156,0,34
BRDA:1738,157,0,79
BRDA:1775,158,0,34
BRDA:1795,159,0,32
BRDA:1795,160,0,30
BRDA:1798,161,0,2
BRDA:1799,162,0,32
BRDA:1808,163,0,32
BRDA:1809,164,0,30
BRDA:1814,165,0,2
BRDA:1815,166,0,32
BRDA:1818,167,0,283
BRDA:1827,168,0,311
BRDA:1827,169,0,6
BRDA:1844,170,0,2
BRDA:1844,171,0,0
BRDA:1894,172,0,2
BRDA:1895,173,0,2
BRDA:1896,174,0,2
BRDA:2003,175,0,0
BRDA:2048,176,0,2
BRDA:2048,177,0,2
BRDA:2048,178,0,0
BRDA:1030,179,0,34
BRDA:1054,180,0,1
BRDA:1055,181,0,0
BRDA:1082,182,0,0
BRDA:1121,183,0,1
BRDA:1146,184,0,0
BRDA:1158,185,0,1
BRDA:1163,186,0,1
BRDA:1172,187,0,0
BRDA:1194,188,0,0
BRDA:1203,189,0,0
BRDA:1215,190,0,0
BRDA:1224,191,0,0
BRDA:1262,192,0,90
BRDA:1267,193,0,104
BRDA:1268,194,0,14
BRDA:1270,195,0,90
BRDA:1275,196,0,16
BRDA:1282,197,0,0
BRDA:1288,198,0,97
BRDA:1295,199,0,2
BRDA:1300,200,0,9
BRDA:1302,201,0,0
BRDA:1304,202,0,1
BRDA:1304,203,0,1
BRDA:1307,204,0,8
BRDA:1329,205,0,4
BRDA:1333,206,0,1
BRDA:1342,207,0,3
BRDA:1344,208,0,4
BRDA:1350,209,0,3
BRDA:1350,210,0,1
BRDA:1351,211,0,8
BRDA:1338,212,0,1
BRDA:1358,213,0,1
BRDA:1372,214,0,0
BRDA:1376,215,0,0
BRDA:1385,216,0,1
BRDA:1397,217,0,0
BRDA:1402,218,0,2
BRDA:1403,219,0,0
BRDA:1445,220,0,0
BRDA:1593,221,0,207
BRDA:1594,222,0,0
BRDA:1661,223,0,207
BRDA:1664,224,0,68
BRDA:1676,225,0,103
BRDA:1676,226,0,104
BRDA:1681,227,0,68
BRDA:1681,228,0,34
BRDA:1686,229,0,103
BRDA:1686,230,0,34
BRDA:1686,231,0,101
BRDA:1689,232,0,106
BRDA:1665,233,0,13
BRDA:1834,234,0,14
BRF:235
BRH:202
end_of_record
TN:
SF:src/components/FilterConfiguration.jsx
FN:12,FilterConfiguration.filterRules.filterRules
FN:13,FilterConfiguration.filterRules.filterRules
FN:14,FilterConfiguration.filterRules.filterRules
FN:52,FilterConfiguration.filterRules.filterRules
FN:53,FilterConfiguration.filterRules.filterRules
FN:62,FilterConfiguration.filterRules.filterRules
FN:63,FilterConfiguration.filterRules.filterRules
FN:64,FilterConfiguration.filterRules.filterRules
FN:65,FilterConfiguration.filterRules.filterRules
FN:72,FilterConfiguration.filterRules.filterRules
FN:78,FilterConfiguration.filterRules.filterRules
FN:87,FilterConfiguration
FN:88,addFilterRule
FN:92,removeFilterRule
FN:96,updateFilterRule
FN:113,onChange
FN:130,onChange
FN:139,onClick
FNF:18
FNH:18
FNDA:202,FilterConfiguration.filterRules.filterRules
FNDA:202,FilterConfiguration.filterRules.filterRules
FNDA:202,FilterConfiguration.filterRules.filterRules
FNDA:65,FilterConfiguration.filterRules.filterRules
FNDA:65,FilterConfiguration.filterRules.filterRules
FNDA:65,FilterConfiguration.filterRules.filterRules
FNDA:65,FilterConfiguration.filterRules.filterRules
FNDA:65,FilterConfiguration.filterRules.filterRules
FNDA:65,FilterConfiguration.filterRules.filterRules
FNDA:65,FilterConfiguration.filterRules.filterRules
FNDA:65,FilterConfiguration.filterRules.filterRules
FNDA:65,FilterConfiguration
FNDA:17,addFilterRule
FNDA:3,removeFilterRule
FNDA:25,updateFilterRule
FNDA:14,onChange
FNDA:11,onChange
FNDA:3,onClick
DA:1,1
DA:2,1
DA:3,1
DA:4,1
DA:5,1
DA:6,1
DA:7,1
DA:8,1
DA:9,1
DA:10,1
DA:11,1
DA:12,1
DA:13,1
DA:14,1
DA:15,1
DA:16,1
DA:17,1
DA:18,1
DA:19,1
DA:20,1
DA:21,1
DA:22,1
DA:23,1
DA:24,1
DA:25,1
DA:26,1
DA:27,1
DA:28,1
DA:29,1
DA:30,1
DA:31,1
DA:32,1
DA:33,1
DA:34,1
DA:35,1
DA:36,1
DA:37,1
DA:38,1
DA:39,1
DA:40,1
DA:41,1
DA:42,1
DA:43,1
DA:44,1
DA:45,1
DA:46,1
DA:47,1
DA:48,1
DA:49,1
DA:50,1
DA:51,1
DA:52,1
DA:53,1
DA:54,1
DA:55,1
DA:56,1
DA:57,1
DA:58,1
DA:59,1
DA:60,1
DA:61,1
DA:62,1
DA:63,1
DA:64,1
DA:65,1
DA:66,1
DA:67,1
DA:68,1
DA:69,1
DA:70,1
DA:71,1
DA:72,1
DA:73,1
DA:74,1
DA:75,1
DA:76,1
DA:77,1
DA:78,1
DA:79,1
DA:80,1
DA:81,1
DA:82,1
DA:83,1
DA:84,1
DA:85,1
DA:86,1
DA:87,65
DA:88,65
DA:89,17
DA:90,17
DA:91,65
DA:92,65
DA:93,3
DA:94,3
DA:95,65
DA:96,65
DA:97,25
DA:98,25
DA:99,25
DA:100,25
DA:101,65
DA:102,65
DA:103,65
DA:104,65
DA:105,202
DA:106,202
DA:107,202
DA:108,202
DA:109,202
DA:110,202
DA:111,202
DA:112,202
DA:113,202
DA:114,14
DA:115,14
DA:116,14
DA:117,14
DA:118,14
DA:119,202
DA:120,202
DA:121,202
DA:122,202
DA:123,202
DA:124,202
DA:125,202
DA:126,202
DA:127,202
DA:128,202
DA:129,202
DA:130,202
DA:131,11
DA:132,202
DA:133,202
DA:134,202
DA:135,202
DA:136,202
DA:137,202
DA:138,202
DA:139,202
DA:140,202
DA:141,202
DA:142,202
DA:143,202
DA:144,202
DA:145,202
DA:146,65
DA:147,65
DA:148,65
DA:149,65
DA:150,65
DA:151,65
DA:152,65
DA:153,65
DA:154,65
DA:155,65
DA:156,65
DA:157,65
DA:158,65
DA:159,65
DA:160,65
DA:161,65
DA:162,65
DA:163,65
DA:164,65
DA:165,65
DA:166,65
DA:167,65
DA:168,65
DA:169,65
DA:170,65
DA:171,65
DA:172,65
DA:173,65
DA:174,65
DA:175,65
DA:176,65
DA:177,1
DA:178,1
LF:178
LH:178
BRDA:8,0,0,65
BRDA:12,1,0,202
BRDA:13,2,0,202
BRDA:14,3,0,202
BRDA:15,4,0,202
BRDA:16,5,0,202
BRDA:19,6,0,202
BRDA:26,7,0,202
BRDA:40,8,0,202
BRDA:42,9,0,202
BRDA:52,10,0,65
BRDA:53,11,0,65
BRDA:56,12,0,65
BRDA:62,13,0,65
BRDA:63,14,0,65
BRDA:64,15,0,65
BRDA:65,16,0,65
BRDA:66,17,0,65
BRDA:72,18,0,65
BRDA:73,19,0,65
BRDA:78,20,0,65
BRDA:83,21,0,65
BRDA:87,22,0,65
BRDA:88,23,0,17
BRDA:92,24,0,3
BRDA:93,25,0,6
BRDA:96,26,0,25
BRDA:104,27,0,202
BRDA:113,28,0,14
BRDA:130,29,0,11
BRDA:139,30,0,3
BRF:31
BRH:31
end_of_record
TN:
SF:src/components/GeneratedFiles.jsx
FN:13,GeneratedFiles.fileId.fileId
FN:14,GeneratedFiles.fileId.fileId
FN:15,GeneratedFiles.fileId.fileId
FN:20,GeneratedFiles.fileId.fileId
FN:30,GeneratedFiles.fileId.fileId
FN:31,GeneratedFiles.fileId.fileId
FN:32,GeneratedFiles.fileId.fileId
FN:33,GeneratedFiles.fileId.fileId
FN:54,GeneratedFiles.fileId.fileId
FN:60,GeneratedFiles
FN:75,loadFiles
FN:124,onClick
FN:144,onClick
FN:164,onClick
FN:184,onClick
FNF:15
FNH:15
FNDA:11,GeneratedFiles.fileId.fileId
FNDA:11,GeneratedFiles.fileId.fileId
FNDA:11,GeneratedFiles.fileId.fileId
FNDA:11,GeneratedFiles.fileId.fileId
FNDA:13,GeneratedFiles.fileId.fileId
FNDA:13,GeneratedFiles.fileId.fileId
FNDA:13,GeneratedFiles.fileId.fileId
FNDA:13,GeneratedFiles.fileId.fileId
FNDA:61,GeneratedFiles.fileId.fileId
FNDA:69,GeneratedFiles
FNDA:30,loadFiles
FNDA:3,onClick
FNDA:1,onClick
FNDA:1,onClick
FNDA:1,onClick
DA:1,1
DA:2,1
DA:3,1
DA:4,1
DA:5,1
DA:6,1
DA:7,1
DA:8,1
DA:9,1
DA:10,1
DA:11,1
DA:12,1
DA:13,1
DA:14,1
DA:15,1
DA:16,1
DA:17,1
DA:18,1
DA:19,1
DA:20,1
DA:21,1
DA:22,1
DA:23,1
DA:24,1
DA:25,1
DA:26,1
DA:27,1
DA:28,1
DA:29,1
DA:30,1
DA:31,1
DA:32,1
DA:33,1
DA:34,1
DA:35,1
DA:36,1
DA:37,1
DA:38,1
DA:39,1
DA:40,1
DA:41,1
DA:42,1
DA:43,1
DA:44,1
DA:45,1
DA:46,1
DA:47,1
DA:48,1
DA:49,1
DA:50,1
DA:51,1
DA:52,1
DA:53,1
DA:54,1
DA:55,1
DA:56,1
DA:57,1
DA:58,1
DA:59,1
DA:60,69
DA:61,69
DA:62,69
DA:63,69
DA:64,69
DA:65,69
DA:66,69
DA:67,69
DA:68,69
DA:69,69
DA:70,31
DA:71,30
DA:72,30
DA:73,69
DA:74,69
DA:75,69
DA:76,30
DA:77,30
DA:78,30
DA:79,30
DA:80,30
DA:81,30
DA:82,30
DA:83,25
DA:84,25
DA:85,30
DA:86,5
DA:87,30
DA:88,30
DA:89,30
DA:90,30
DA:91,69
DA:92,69
DA:93,31
DA:94,31
DA:95,38
DA:96,38
DA:97,38
DA:98,33
DA:99,32
DA:100,31
DA:101,69
DA:102,69
DA:103,30
DA:104,30
DA:105,30
DA:106,30
DA:107,30
DA:108,30
DA:109,30
DA:110,8
DA:111,8
DA:112,8
DA:113,8
DA:114,5
DA:115,5
DA:116,5
DA:117,6
DA:118,6
DA:119,6
DA:120,6
DA:121,6
DA:122,6
DA:123,6
DA:124,6
DA:125,6
DA:126,6
DA:127,6
DA:128,6
DA:129,5
DA:130,5
DA:131,69
DA:132,69
DA:133,69
DA:134,2
DA:135,2
DA:136,2
DA:137,3
DA:138,3
DA:139,3
DA:140,3
DA:141,3
DA:142,3
DA:143,3
DA:144,3
DA:145,3
DA:146,3
DA:147,3
DA:148,3
DA:149,2
DA:150,2
DA:151,69
DA:152,69
DA:153,69
DA:154,2
DA:155,2
DA:156,2
DA:157,2
DA:158,2
DA:159,2
DA:160,2
DA:161,2
DA:162,2
DA:163,2
DA:164,2
DA:165,2
DA:166,2
DA:167,2
DA:168,2
DA:169,2
DA:170,2
DA:171,69
DA:172,69
DA:173,69
DA:174,2
DA:175,2
DA:176,2
DA:177,2
DA:178,2
DA:179,2
DA:180,2
DA:181,2
DA:182,2
DA:183,2
DA:184,2
DA:185,2
DA:186,2
DA:187,2
DA:188,2
DA:189,2
DA:190,2
DA:191,69
DA:192,69
DA:193,69
DA:194,69
DA:195,1
DA:196,1
LF:196
LH:196
BRDA:9,0,0,8
BRDA:13,1,0,11
BRDA:14,2,0,11
BRDA:15,3,0,11
BRDA:16,4,0,11
BRDA:20,5,0,11
BRDA:21,6,0,11
BRDA:30,7,0,13
BRDA:31,8,0,13
BRDA:32,9,0,13
BRDA:33,10,0,13
BRDA:34,11,0,13
BRDA:38,12,0,13
BRDA:54,13,0,61
BRDA:56,14,0,61
BRDA:60,15,0,69
BRDA:92,16,0,52
BRDA:92,17,0,31
BRDA:94,18,0,38
BRDA:97,19,0,33
BRDA:98,20,0,32
BRDA:99,21,0,31
BRDA:102,22,0,30
BRDA:109,23,0,35
BRDA:109,24,0,8
BRDA:113,25,0,5
BRDA:133,26,0,2
BRDA:153,27,0,2
BRDA:173,28,0,2
BRDA:69,29,0,31
BRDA:70,30,0,30
BRDA:75,31,0,30
BRDA:82,32,0,25
BRDA:85,33,0,5
BRDA:116,34,0,6
BRDA:124,35,0,3
BRDA:136,36,0,3
BRDA:144,37,0,1
BRDA:156,38,0,2
BRDA:164,39,0,1
BRDA:176,40,0,2
BRDA:184,41,0,1
BRF:42
BRH:42
end_of_record
TN:
SF:src/components/LandingPage.jsx
FN:4,LandingPage
FNF:1
FNH:1
FNDA:58,LandingPage
DA:1,1
DA:2,1
DA:3,1
DA:4,1
DA:5,58
DA:6,58
DA:7,58
DA:8,58
DA:9,58
DA:10,58
DA:11,58
DA:12,58
DA:13,58
DA:14,58
DA:15,58
DA:16,58
DA:17,58
DA:18,58
DA:19,58
DA:20,58
DA:21,58
DA:22,58
DA:23,58
DA:24,58
DA:25,58
DA:26,58
DA:27,58
DA:28,58
DA:29,58
DA:30,58
DA:31,58
DA:32,58
DA:33,58
DA:34,58
DA:35,58
DA:36,58
DA:37,58
DA:38,58
DA:39,58
DA:40,58
DA:41,58
DA:42,58
DA:43,58
DA:44,58
DA:45,58
DA:46,58
DA:47,58
DA:48,58
DA:49,58
DA:50,58
DA:51,58
DA:52,58
DA:53,58
DA:54,58
DA:55,58
DA:56,58
DA:57,58
DA:58,58
DA:59,58
DA:60,58
DA:61,58
DA:62,58
DA:63,58
DA:64,58
DA:65,58
DA:66,58
DA:67,58
DA:68,58
DA:69,58
DA:70,58
DA:71,58
DA:72,58
DA:73,58
DA:74,58
DA:75,58
DA:76,58
DA:77,58
DA:78,58
DA:79,58
DA:80,58
DA:81,58
DA:82,58
DA:83,58
DA:84,58
DA:85,58
DA:86,58
DA:87,58
DA:88,58
DA:89,58
DA:90,58
DA:91,58
DA:92,58
DA:93,58
DA:94,58
DA:95,58
DA:96,58
DA:97,58
DA:98,58
DA:99,58
DA:100,58
DA:101,58
DA:102,58
DA:103,58
DA:104,58
DA:105,58
DA:106,58
DA:107,58
DA:108,58
DA:109,58
DA:110,58
DA:111,58
DA:112,58
DA:113,58
DA:114,58
DA:115,58
DA:116,58
DA:117,58
DA:118,58
DA:119,58
DA:120,58
DA:121,58
DA:122,58
DA:123,58
DA:124,58
DA:125,58
DA:126,58
DA:127,58
DA:128,58
DA:129,58
DA:130,58
DA:131,58
DA:132,58
DA:133,58
DA:134,58
DA:135,58
DA:136,58
DA:137,58
DA:138,58
DA:139,58
DA:140,58
DA:141,58
DA:142,58
DA:143,58
DA:144,58
DA:145,58
DA:146,58
DA:147,58
DA:148,58
DA:149,58
DA:150,58
DA:151,58
DA:152,58
DA:153,58
DA:154,58
DA:155,58
DA:156,58
DA:157,58
DA:158,58
DA:159,58
DA:160,58
DA:161,58
DA:162,58
DA:163,58
DA:164,58
DA:165,58
DA:166,58
DA:167,58
DA:168,58
DA:169,58
DA:170,58
DA:171,58
DA:172,58
DA:173,58
DA:174,58
DA:175,58
DA:176,58
DA:177,58
DA:178,58
DA:179,58
DA:180,58
DA:181,58
DA:182,58
DA:183,58
DA:184,58
DA:185,58
DA:186,58
DA:187,58
DA:188,58
DA:189,58
DA:190,58
DA:191,58
DA:192,58
DA:193,58
DA:194,58
DA:195,58
DA:196,58
DA:197,58
DA:198,58
DA:199,58
DA:200,58
DA:201,58
DA:202,58
DA:203,58
DA:204,58
DA:205,58
DA:206,58
DA:207,58
DA:208,58
DA:209,58
DA:210,58
DA:211,58
DA:212,58
DA:213,58
DA:214,58
DA:215,58
DA:216,58
DA:217,58
DA:218,58
DA:219,58
DA:220,58
DA:221,58
DA:222,58
DA:223,58
DA:224,58
DA:225,58
DA:226,58
DA:227,58
DA:228,58
DA:229,58
DA:230,58
DA:231,58
DA:232,58
DA:233,58
DA:234,58
DA:235,58
DA:236,58
DA:237,58
DA:238,58
DA:239,58
DA:240,58
DA:241,58
DA:242,58
DA:243,58
DA:244,58
DA:245,58
DA:246,58
DA:247,58
DA:248,58
DA:249,58
DA:250,58
DA:251,58
DA:252,58
DA:253,58
DA:254,58
DA:255,58
DA:256,58
DA:257,58
DA:258,58
DA:259,58
DA:260,58
DA:261,58
DA:262,58
DA:263,58
DA:264,58
DA:265,58
DA:266,58
DA:267,58
DA:268,58
DA:269,58
DA:270,58
DA:271,58
DA:272,58
DA:273,58
DA:274,58
DA:275,58
DA:276,58
DA:277,58
DA:278,58
DA:279,58
DA:280,58
DA:281,58
DA:282,58
DA:283,58
DA:284,58
DA:285,58
DA:286,58
DA:287,58
DA:288,58
DA:289,58
DA:290,58
DA:291,58
DA:292,58
DA:293,58
DA:294,58
DA:295,58
DA:296,58
DA:297,58
DA:298,58
DA:299,58
DA:300,58
DA:301,58
DA:302,58
DA:303,58
DA:304,58
DA:305,58
DA:306,58
DA:307,58
DA:308,58
DA:309,58
DA:310,58
DA:311,58
DA:312,58
DA:313,58
DA:314,58
DA:315,58
DA:316,58
DA:317,58
DA:318,58
DA:319,58
DA:320,58
DA:321,58
DA:322,58
DA:323,58
DA:324,58
DA:325,58
DA:326,58
DA:327,58
DA:328,58
DA:329,58
DA:330,58
DA:331,58
DA:332,58
DA:333,58
DA:334,58
DA:335,58
DA:336,58
DA:337,58
DA:338,58
DA:339,58
DA:340,58
DA:341,58
DA:342,58
DA:343,58
DA:344,58
DA:345,58
DA:346,58
DA:347,58
DA:348,58
DA:349,58
DA:350,58
DA:351,58
DA:352,58
DA:353,58
DA:354,58
DA:355,58
DA:356,58
DA:357,58
DA:358,58
DA:359,58
DA:360,58
DA:361,58
DA:362,58
DA:363,58
DA:364,58
DA:365,58
DA:366,58
DA:367,58
DA:368,58
DA:369,58
DA:370,58
DA:371,58
DA:372,58
DA:373,58
DA:374,58
DA:375,58
DA:376,58
DA:377,58
DA:378,58
DA:379,58
DA:380,58
DA:381,58
DA:382,58
DA:383,58
DA:384,58
DA:385,58
DA:386,58
DA:387,58
DA:388,58
DA:389,58
DA:390,58
DA:391,58
DA:392,58
DA:393,58
DA:394,58
DA:395,58
DA:396,58
DA:397,58
DA:398,58
DA:399,58
DA:400,58
DA:401,58
DA:402,58
DA:403,58
DA:404,58
DA:405,58
DA:406,58
DA:407,58
DA:408,58
DA:409,58
DA:410,58
DA:411,58
DA:412,58
DA:413,58
DA:414,58
DA:415,58
DA:416,58
DA:417,58
DA:418,58
DA:419,58
DA:420,1
DA:421,1
LF:421
LH:421
BRDA:4,0,0,58
BRF:1
BRH:1
end_of_record
TN:
SF:src/components/ProcessingHistory.jsx
FN:13,ProcessingHistory.fileId.fileId
FN:14,ProcessingHistory.fileId.fileId
FN:15,ProcessingHistory.fileId.fileId
FN:16,ProcessingHistory.fileId.fileId
FN:17,ProcessingHistory.fileId.fileId
FN:33,ProcessingHistory.fileId.fileId
FN:42,ProcessingHistory.fileId.fileId
FN:48,ProcessingHistory.fileId.fileId
FN:57,ProcessingHistory.fileId.fileId
FN:62,ProcessingHistory.fileId.fileId
FN:63,ProcessingHistory.fileId.fileId
FN:64,ProcessingHistory.fileId.fileId
FN:65,ProcessingHistory.fileId.fileId
FN:72,ProcessingHistory.fileId.fileId
FN:79,ProcessingHistory.fileId.fileId
FN:80,ProcessingHistory.fileId.fileId
FN:81,ProcessingHistory.fileId.fileId
FN:84,ProcessingHistory.fileId.fileId
FN:96,ProcessingHistory
FN:113,loadHistory
FN:132,formatDate
FN:144,handleDeleteItem
FN:163,handleClearHistory
FN:235,onClick
FN:299,onClick
FNF:25
FNH:25
FNDA:25,ProcessingHistory.fileId.fileId
FNDA:25,ProcessingHistory.fileId.fileId
FNDA:25,ProcessingHistory.fileId.fileId
FNDA:25,ProcessingHistory.fileId.fileId
FNDA:25,ProcessingHistory.fileId.fileId
FNDA:25,ProcessingHistory.fileId.fileId
FNDA:25,ProcessingHistory.fileId.fileId
FNDA:27,ProcessingHistory.fileId.fileId
FNDA:2,ProcessingHistory.fileId.fileId
FNDA:3,ProcessingHistory.fileId.fileId
FNDA:3,ProcessingHistory.fileId.fileId
FNDA:3,ProcessingHistory.fileId.fileId
FNDA:3,ProcessingHistory.fileId.fileId
FNDA:66,ProcessingHistory.fileId.fileId
FNDA:25,ProcessingHistory.fileId.fileId
FNDA:25,ProcessingHistory.fileId.fileId
FNDA:25,ProcessingHistory.fileId.fileId
FNDA:25,ProcessingHistory.fileId.fileId
FNDA:88,ProcessingHistory
FNDA:40,loadHistory
FNDA:25,formatDate
FNDA:4,handleDeleteItem
FNDA:4,handleClearHistory
FNDA:4,onClick
FNDA:2,onClick
DA:1,1
DA:2,1
DA:3,1
DA:4,1
DA:5,1
DA:6,1
DA:7,1
DA:8,1
DA:9,1
DA:10,1
DA:11,1
DA:12,1
DA:13,1
DA:14,1
DA:15,1
DA:16,1
DA:17,1
DA:18,1
DA:19,1
DA:20,1
DA:21,1
DA:22,1
DA:23,1
DA:24,1
DA:25,1
DA:26,1
DA:27,1
DA:28,1
DA:29,1
DA:30,1
DA:31,1
DA:32,1
DA:33,1
DA:34,1
DA:35,1
DA:36,1
DA:37,1
DA:38,1
DA:39,1
DA:40,1
DA:41,1
DA:42,1
DA:43,1
DA:44,1
DA:45,1
DA:46,1
DA:47,1
DA:48,1
DA:49,1
DA:50,1
DA:51,1
DA:52,1
DA:53,1
DA:54,1
DA:55,1
DA:56,1
DA:57,1
DA:58,1
DA:59,1
DA:60,1
DA:61,1
DA:62,1
DA:63,1
DA:64,1
DA:65,1
DA:66,1
DA:67,1
DA:68,1
DA:69,1
DA:70,1
DA:71,1
DA:72,1
DA:73,1
DA:74,1
DA:75,1
DA:76,1
DA:77,1
DA:78,1
DA:79,1
DA:80,1
DA:81,1
DA:82,1
DA:83,1
DA:84,1
DA:85,25
DA:86,25
DA:87,2
DA:88,2
DA:89,1
DA:90,25
DA:91,25
DA:92,2
DA:93,2
DA:94,1
DA:95,1
DA:96,88
DA:97,88
DA:98,88
DA:99,88
DA:100,88
DA:101,88
DA:102,88
DA:103,88
DA:104,88
DA:105,88
DA:106,88
DA:107,88
DA:108,41
DA:109,40
DA:110,40
DA:111,88
DA:112,88
DA:113,88
DA:114,40
DA:115,40
DA:116,40
DA:117,40
DA:118,40
DA:119,40
DA:120,40
DA:121,40
DA:122,39
DA:123,40
DA:124,40
DA:125,1
DA:126,1
DA:127,40
DA:128,40
DA:129,40
DA:130,40
DA:131,88
DA:132,88
DA:133,25
DA:134,25
DA:135,25
DA:136,25
DA:137,25
DA:138,25
DA:139,25
DA:140,25
DA:141,25
DA:142,25
DA:143,88
DA:144,88
DA:145,4
DA:146,1
DA:147,1
DA:148,3
DA:149,3
DA:150,3
DA:151,3
DA:152,3
DA:153,3
DA:154,1
DA:155,1
DA:156,1
DA:157,4
DA:158,2
DA:159,2
DA:160,2
DA:161,4
DA:162,88
DA:163,88
DA:164,4
DA:165,1
DA:166,1
DA:167,3
DA:168,3
DA:169,3
DA:170,3
DA:171,3
DA:172,3
DA:173,1
DA:174,1
DA:175,1
DA:176,4
DA:177,2
DA:178,2
DA:179,2
DA:180,4
DA:181,88
DA:182,88
DA:183,41
DA:184,41
DA:185,41
DA:186,41
DA:187,41
DA:188,41
DA:189,47
DA:190,88
DA:191,1
DA:192,1
DA:193,1
DA:194,1
DA:195,1
DA:196,1
DA:197,46
DA:198,74
DA:199,24
DA:200,24
DA:201,24
DA:202,24
DA:203,24
DA:204,24
DA:205,24
DA:206,24
DA:207,22
DA:208,22
DA:209,22
DA:210,53
DA:211,6
DA:212,6
DA:213,6
DA:214,6
DA:215,6
DA:216,6
DA:217,6
DA:218,6
DA:219,6
DA:220,6
DA:221,88
DA:222,88
DA:223,25
DA:224,25
DA:225,25
DA:226,25
DA:227,25
DA:228,25
DA:229,21
DA:230,4
DA:231,2
DA:232,2
DA:233,25
DA:234,25
DA:235,25
DA:236,25
DA:237,25
DA:238,25
DA:239,25
DA:240,25
DA:241,25
DA:242,25
DA:243,25
DA:244,25
DA:245,25
DA:246,25
DA:247,25
DA:248,25
DA:249,25
DA:250,25
DA:251,25
DA:252,25
DA:253,25
DA:254,25
DA:255,25
DA:256,21
DA:257,21
DA:258,21
DA:259,21
DA:260,3
DA:261,3
DA:262,3
DA:263,18
DA:264,18
DA:265,21
DA:266,21
DA:267,21
DA:268,21
DA:269,2
DA:270,2
DA:271,2
DA:272,2
DA:273,3
DA:274,3
DA:275,3
DA:276,2
DA:277,2
DA:278,2
DA:279,21
DA:280,21
DA:281,21
DA:282,2
DA:283,2
DA:284,2
DA:285,21
DA:286,21
DA:287,25
DA:288,25
DA:289,25
DA:290,2
DA:291,2
DA:292,2
DA:293,25
DA:294,25
DA:295,25
DA:296,25
DA:297,3
DA:298,3
DA:299,3
DA:300,2
DA:301,3
DA:302,3
DA:303,3
DA:304,3
DA:305,3
DA:306,25
DA:307,25
DA:308,88
DA:309,88
DA:310,88
DA:311,88
DA:312,1
DA:313,1
LF:313
LH:313
BRDA:9,0,0,88
BRDA:13,1,0,25
BRDA:14,2,0,25
BRDA:15,3,0,25
BRDA:16,4,0,25
BRDA:17,5,0,25
BRDA:20,6,0,25
BRDA:28,7,0,25
BRDA:33,8,0,25
BRDA:36,9,0,25
BRDA:42,10,0,25
BRDA:43,11,0,25
BRDA:48,12,0,27
BRDA:51,13,0,27
BRDA:57,14,0,2
BRDA:58,15,0,2
BRDA:62,16,0,3
BRDA:63,17,0,3
BRDA:64,18,0,3
BRDA:65,19,0,3
BRDA:66,20,0,3
BRDA:72,21,0,66
BRDA:74,22,0,66
BRDA:79,23,0,25
BRDA:80,24,0,25
BRDA:81,25,0,25
BRDA:84,26,0,25
BRDA:85,27,0,21
BRDA:85,28,0,4
BRDA:86,29,0,2
BRDA:89,30,0,25
BRDA:90,31,0,21
BRDA:90,32,0,4
BRDA:91,33,0,2
BRDA:96,34,0,88
BRDA:182,35,0,41
BRDA:188,36,0,47
BRDA:190,37,0,1
BRDA:196,38,0,74
BRDA:196,39,0,46
BRDA:198,40,0,24
BRDA:206,41,0,53
BRDA:206,42,0,22
BRDA:210,43,0,6
BRDA:210,44,0,6
BRDA:107,45,0,41
BRDA:108,46,0,40
BRDA:113,47,0,40
BRDA:121,48,0,39
BRDA:123,49,0,1
BRDA:124,50,0,1
BRDA:132,51,0,25
BRDA:144,52,0,4
BRDA:145,53,0,1
BRDA:147,54,0,3
BRDA:153,55,0,1
BRDA:157,56,0,2
BRDA:159,57,0,1
BRDA:159,58,0,1
BRDA:156,59,0,2
BRDA:163,60,0,4
BRDA:164,61,0,1
BRDA:166,62,0,3
BRDA:172,63,0,1
BRDA:176,64,0,2
BRDA:178,65,0,1
BRDA:178,66,0,1
BRDA:222,67,0,25
BRDA:228,68,0,21
BRDA:229,69,0,4
BRDA:230,70,0,2
BRDA:231,71,0,2
BRDA:255,72,0,21
BRDA:259,73,0,3
BRDA:262,74,0,18
BRDA:268,75,0,3
BRDA:268,76,0,2
BRDA:281,77,0,2
BRDA:289,78,0,2
BRDA:296,79,0,21
BRDA:296,80,0,3
BRDA:235,81,0,4
BRDA:272,82,0,3
BRDA:299,83,0,2
BRF:84
BRH:84
end_of_record
TN:
SF:src/styled/AuthComponents.js
FN:11,Object.defineProperty.enumerable
FN:67,Object.defineProperty.enumerable
FN:74,Object.defineProperty.enumerable
FN:83,Object.defineProperty.enumerable
FN:84,Object.defineProperty.enumerable
FN:94,Object.defineProperty.enumerable
FN:111,Object.defineProperty.enumerable
FN:112,Object.defineProperty.enumerable
FN:113,Object.defineProperty.enumerable
FN:132,Object.defineProperty.enumerable
FN:137,Object.defineProperty.enumerable
FN:140,Object.defineProperty.enumerable
FN:141,Object.defineProperty.enumerable
FN:142,Object.defineProperty.enumerable
FNF:14
FNH:14
FNDA:562,Object.defineProperty.enumerable
FNDA:562,Object.defineProperty.enumerable
FNDA:562,Object.defineProperty.enumerable
FNDA:563,Object.defineProperty.enumerable
FNDA:563,Object.defineProperty.enumerable
FNDA:562,Object.defineProperty.enumerable
FNDA:26,Object.defineProperty.enumerable
FNDA:26,Object.defineProperty.enumerable
FNDA:26,Object.defineProperty.enumerable
FNDA:2,Object.defineProperty.enumerable
FNDA:2,Object.defineProperty.enumerable
FNDA:2,Object.defineProperty.enumerable
FNDA:2,Object.defineProperty.enumerable
FNDA:2,Object.defineProperty.enumerable
DA:1,1
DA:2,1
DA:3,1
DA:4,1
DA:5,1
DA:6,1
DA:7,1
DA:8,1
DA:9,1
DA:10,1
DA:11,1
DA:12,1
DA:13,1
DA:14,1
DA:15,1
DA:16,1
DA:17,1
DA:18,1
DA:19,1
DA:20,1
DA:21,1
DA:22,1
DA:23,1
DA:24,1
DA:25,1
DA:26,1
DA:27,1
DA:28,1
DA:29,1
DA:30,1
DA:31,1
DA:32,1
DA:33,1
DA:34,1
DA:35,1
DA:36,1
DA:37,1
DA:38,1
DA:39,1
DA:40,1
DA:41,1
DA:42,1
DA:43,1
DA:44,1
DA:45,1
DA:46,1
DA:47,1
DA:48,1
DA:49,1
DA:50,1
DA:51,1
DA:52,1
DA:53,1
DA:54,1
DA:55,1
DA:56,1
DA:57,1
DA:58,1
DA:59,1
DA:60,1
DA:61,1
DA:62,1
DA:63,1
DA:64,1
DA:65,1
DA:66,1
DA:67,1
DA:68,1
DA:69,1
DA:70,1
DA:71,1
DA:72,1
DA:73,1
DA:74,1
DA:75,1
DA:76,1
DA:77,1
DA:78,1
DA:79,1
DA:80,1
DA:81,1
DA:82,1
DA:83,1
DA:84,1
DA:85,1
DA:86,1
DA:87,1
DA:88,1
DA:89,1
DA:90,1
DA:91,1
DA:92,1
DA:93,1
DA:94,1
DA:95,1
DA:96,1
DA:97,1
DA:98,1
DA:99,1
DA:100,1
DA:101,1
DA:102,1
DA:103,1
DA:104,1
DA:105,1
DA:106,1
DA:107,1
DA:108,1
DA:109,1
DA:110,1
DA:111,1
DA:112,1
DA:113,1
DA:114,1
DA:115,1
DA:116,1
DA:117,1
DA:118,1
DA:119,1
DA:120,1
DA:121,1
DA:122,1
DA:123,1
DA:124,1
DA:125,1
DA:126,1
DA:127,1
DA:128,1
DA:129,1
DA:130,1
DA:131,1
DA:132,1
DA:133,1
DA:134,1
DA:135,1
DA:136,1
DA:137,1
DA:138,1
DA:139,1
DA:140,1
DA:141,1
DA:142,1
DA:143,1
DA:144,1
DA:145,1
DA:146,1
DA:147,1
LF:147
LH:147
BRDA:11,0,0,562
BRDA:27,1,0,562
BRDA:67,2,0,562
BRDA:74,3,0,562
BRDA:75,4,0,562
BRDA:83,5,0,563
BRDA:84,6,0,563
BRDA:85,7,0,563
BRDA:94,8,0,562
BRDA:95,9,0,562
BRDA:106,10,0,1275
BRDA:111,11,0,26
BRDA:112,12,0,26
BRDA:113,13,0,26
BRDA:117,14,0,26
BRDA:123,15,0,381
BRDA:132,16,0,2
BRDA:137,17,0,2
BRDA:140,18,0,2
BRDA:141,19,0,2
BRDA:142,20,0,2
BRDA:144,21,0,2
BRF:22
BRH:22
end_of_record
TN:
SF:src/styled/BaseComponents.js
FN:7,Object.defineProperty.enumerable
FN:18,Object.defineProperty.enumerable
FN:26,Object.defineProperty.enumerable
FN:27,Object.defineProperty.enumerable
FN:28,Object.defineProperty.enumerable
FN:30,Object.defineProperty.enumerable
FN:33,Object.defineProperty.enumerable
FN:46,Object.defineProperty.enumerable
FN:53,Object.defineProperty.enumerable
FN:68,Object.defineProperty.enumerable
FN:80,Object.defineProperty.enumerable
FN:90,Object.defineProperty.enumerable
FN:114,Object.defineProperty.enumerable
FN:114,Object.defineProperty.enumerable
FN:115,Object.defineProperty.enumerable
FN:116,Object.defineProperty.enumerable
FN:118,Object.defineProperty.enumerable
FN:119,Object.defineProperty.enumerable
FN:120,Object.defineProperty.enumerable
FN:124,Object.defineProperty.enumerable
FN:125,Object.defineProperty.enumerable
FN:126,Object.defineProperty.enumerable
FN:130,Object.defineProperty.enumerable
FN:142,Object.defineProperty.enumerable
FN:149,Object.defineProperty.enumerable
FN:150,Object.defineProperty.enumerable
FN:151,Object.defineProperty.enumerable
FN:153,Object.defineProperty.enumerable
FNF:28
FNH:28
FNDA:155,Object.defineProperty.enumerable
FNDA:169,Object.defineProperty.enumerable
FNDA:2418,Object.defineProperty.enumerable
FNDA:2418,Object.defineProperty.enumerable
FNDA:2418,Object.defineProperty.enumerable
FNDA:2418,Object.defineProperty.enumerable
FNDA:2418,Object.defineProperty.enumerable
FNDA:2418,Object.defineProperty.enumerable
FNDA:2418,Object.defineProperty.enumerable
FNDA:2418,Object.defineProperty.enumerable
FNDA:2418,Object.defineProperty.enumerable
FNDA:2418,Object.defineProperty.enumerable
FNDA:1690,Object.defineProperty.enumerable
FNDA:1690,Object.defineProperty.enumerable
FNDA:1690,Object.defineProperty.enumerable
FNDA:1690,Object.defineProperty.enumerable
FNDA:1690,Object.defineProperty.enumerable
FNDA:1690,Object.defineProperty.enumerable
FNDA:1690,Object.defineProperty.enumerable
FNDA:1690,Object.defineProperty.enumerable
FNDA:1690,Object.defineProperty.enumerable
FNDA:1690,Object.defineProperty.enumerable
FNDA:1690,Object.defineProperty.enumerable
FNDA:1682,Object.defineProperty.enumerable
FNDA:570,Object.defineProperty.enumerable
FNDA:570,Object.defineProperty.enumerable
FNDA:570,Object.defineProperty.enumerable
FNDA:570,Object.defineProperty.enumerable
DA:1,1
DA:2,1
DA:3,1
DA:4,1
DA:5,1
DA:6,1
DA:7,1
DA:8,1
DA:9,1
DA:10,1
DA:11,1
DA:12,1
DA:13,1
DA:14,1
DA:15,1
DA:16,1
DA:17,1
DA:18,1
DA:19,1
DA:20,1
DA:21,1
DA:22,1
DA:23,1
DA:24,1
DA:25,1
DA:26,1
DA:27,1
DA:28,1
DA:29,1
DA:30,1
DA:31,1
DA:32,1
DA:33,1
DA:34,1
DA:35,1
DA:36,1
DA:37,1
DA:38,1
DA:39,1
DA:40,1
DA:41,1
DA:42,1
DA:43,1
DA:44,1
DA:45,1
DA:46,1
DA:47,1
DA:48,1
DA:49,1
DA:50,1
DA:51,1
DA:52,1
DA:53,1
DA:54,754
DA:55,754
DA:56,754
DA:57,754
DA:58,754
DA:59,754
DA:60,754
DA:61,754
DA:62,754
DA:63,754
DA:64,754
DA:65,754
DA:66,1
DA:67,1
DA:68,1
DA:69,46
DA:70,46
DA:71,46
DA:72,46
DA:73,46
DA:74,46
DA:75,46
DA:76,46
DA:77,46
DA:78,1
DA:79,1
DA:80,1
DA:81,1089
DA:82,1089
DA:83,1089
DA:84,1089
DA:85,1089
DA:86,1089
DA:87,1089
DA:88,1
DA:89,1
DA:90,1
DA:91,520
DA:92,520
DA:93,520
DA:94,520
DA:95,520
DA:96,520
DA:97,520
DA:98,1
DA:99,1
DA:100,1
DA:101,1
DA:102,1
DA:103,1
DA:104,1
DA:105,1
DA:106,1
DA:107,1
DA:108,1
DA:109,1
DA:110,1
DA:111,1
DA:112,1
DA:113,1
DA:114,1
DA:115,1
DA:116,1
DA:117,1
DA:118,1
DA:119,1
DA:120,1
DA:121,1
DA:122,1
DA:123,1
DA:124,1
DA:125,1
DA:126,1
DA:127,1
DA:128,1
DA:129,1
DA:130,1
DA:131,1
DA:132,1
DA:133,1
DA:134,1
DA:135,1
DA:136,1
DA:137,1
DA:138,1
DA:139,1
DA:140,1
DA:141,1
DA:142,1
DA:143,1
DA:144,1
DA:145,1
DA:146,1
DA:147,1
DA:148,1
DA:149,1
DA:150,1
DA:151,1
DA:152,1
DA:153,1
DA:154,1
DA:155,1
DA:156,1
DA:157,1
DA:158,1
DA:159,1
DA:160,1
DA:161,1
DA:162,1
DA:163,1
DA:164,1
DA:165,1
DA:166,1
DA:167,1
DA:168,1
DA:169,1
DA:170,1
DA:171,1
DA:172,1
DA:173,1
DA:174,1
DA:175,1
DA:176,1
LF:176
LH:176
BRDA:7,0,0,155
BRDA:8,1,0,155
BRDA:18,2,0,169
BRDA:19,3,0,169
BRDA:26,4,0,2418
BRDA:26,5,0,972
BRDA:26,6,0,1446
BRDA:27,7,0,2418
BRDA:27,8,0,972
BRDA:27,9,0,1446
BRDA:28,10,0,2418
BRDA:28,11,0,972
BRDA:28,12,0,1446
BRDA:30,13,0,2418
BRDA:33,14,0,2418
BRDA:46,15,0,2418
BRDA:53,16,0,2418
BRDA:53,17,0,754
BRDA:68,18,0,2418
BRDA:68,19,0,46
BRDA:80,20,0,2418
BRDA:80,21,0,1089
BRDA:90,22,0,2418
BRDA:90,23,0,520
BRDA:108,24,0,2418
BRDA:114,25,0,1690
BRDA:114,26,0,1690
BRDA:115,27,0,1690
BRDA:116,28,0,1690
BRDA:118,29,0,1690
BRDA:119,30,0,1690
BRDA:120,31,0,1690
BRDA:124,32,0,1690
BRDA:125,33,0,1690
BRDA:126,34,0,1690
BRDA:130,35,0,1690
BRDA:134,36,0,1690
BRDA:142,37,0,1682
BRDA:143,38,0,1682
BRDA:149,39,0,570
BRDA:150,40,0,570
BRDA:151,41,0,570
BRDA:153,42,0,570
BRDA:166,43,0,570
BRF:44
BRH:44
end_of_record
TN:
SF:src/styled/CardComponents.js
FN:4,Object.defineProperty.enumerable
FN:5,Object.defineProperty.enumerable
FN:6,Object.defineProperty.enumerable
FN:8,Object.defineProperty.enumerable
FN:18,Object.defineProperty.enumerable
FN:26,Object.defineProperty.enumerable
FN:41,Object.defineProperty.enumerable
FN:42,Object.defineProperty.enumerable
FNF:8
FNH:8
FNDA:1108,Object.defineProperty.enumerable
FNDA:1108,Object.defineProperty.enumerable
FNDA:1108,Object.defineProperty.enumerable
FNDA:1108,Object.defineProperty.enumerable
FNDA:1107,Object.defineProperty.enumerable
FNDA:1108,Object.defineProperty.enumerable
FNDA:500,Object.defineProperty.enumerable
FNDA:500,Object.defineProperty.enumerable
DA:1,1
DA:2,1
DA:3,1
DA:4,1
DA:5,1
DA:6,1
DA:7,1
DA:8,1
DA:9,1
DA:10,1
DA:11,1
DA:12,1
DA:13,1
DA:14,1
DA:15,1
DA:16,1
DA:17,1
DA:18,1
DA:19,1
DA:20,1
DA:21,1
DA:22,1
DA:23,1
DA:24,1
DA:25,1
DA:26,1
DA:27,1
DA:28,1
DA:29,1
DA:30,1
DA:31,1
DA:32,1
DA:33,1
DA:34,1
DA:35,1
DA:36,1
DA:37,1
DA:38,1
DA:39,1
DA:40,1
DA:41,1
DA:42,1
DA:43,1
DA:44,1
DA:45,1
DA:46,1
DA:47,1
DA:48,1
DA:49,1
LF:49
LH:49
BRDA:4,0,0,1108
BRDA:5,1,0,1108
BRDA:6,2,0,1108
BRDA:8,3,0,1108
BRDA:9,4,0,1108
BRDA:18,5,0,1107
BRDA:19,6,0,1107
BRDA:26,7,0,1108
BRDA:27,8,0,1108
BRDA:31,9,0,1101
BRDA:36,10,0,893
BRDA:41,11,0,500
BRDA:42,12,0,500
BRDA:46,13,0,500
BRF:14
BRH:14
end_of_record
TN:
SF:src/styled/DashboardComponents.js
FN:5,Object.defineProperty.enumerable
FN:7,Object.defineProperty.enumerable
FN:17,Object.defineProperty.enumerable
FNF:3
FNH:3
FNDA:320,Object.defineProperty.enumerable
FNDA:320,Object.defineProperty.enumerable
FNDA:320,Object.defineProperty.enumerable
DA:1,1
DA:2,1
DA:3,1
DA:4,1
DA:5,1
DA:6,1
DA:7,1
DA:8,1
DA:9,1
DA:10,1
DA:11,1
DA:12,1
DA:13,1
DA:14,1
DA:15,1
DA:16,1
DA:17,1
DA:18,1
DA:19,1
DA:20,1
DA:21,1
DA:22,1
DA:23,1
DA:24,1
DA:25,1
DA:26,1
DA:27,1
DA:28,1
DA:29,1
DA:30,1
DA:31,1
DA:32,1
DA:33,1
DA:34,1
DA:35,1
DA:36,1
DA:37,1
DA:38,1
DA:39,1
DA:40,1
DA:41,1
DA:42,1
DA:43,1
DA:44,1
DA:45,1
DA:46,1
DA:47,1
DA:48,1
DA:49,1
DA:50,1
DA:51,1
DA:52,1
DA:53,1
DA:54,1
DA:55,1
DA:56,1
DA:57,1
DA:58,1
DA:59,1
DA:60,1
DA:61,1
DA:62,1
DA:63,1
DA:64,1
DA:65,1
DA:66,1
DA:67,1
DA:68,1
DA:69,1
DA:70,1
DA:71,1
DA:72,1
DA:73,1
DA:74,1
DA:75,1
DA:76,1
DA:77,1
DA:78,1
DA:79,1
DA:80,1
DA:81,1
DA:82,1
DA:83,1
LF:83
LH:83
BRDA:5,0,0,320
BRDA:7,1,0,320
BRDA:8,2,0,320
BRDA:17,3,0,320
BRDA:24,4,0,320
BRDA:31,5,0,321
BRDA:40,6,0,320
BRDA:44,7,0,321
BRDA:52,8,0,321
BRDA:64,9,0,320
BRDA:76,10,0,320
BRDA:82,11,0,320
BRF:12
BRH:12
end_of_record
TN:
SF:src/styled/FileComponents.js
FN:10,Object.defineProperty.enumerable
FN:11,Object.defineProperty.enumerable
FN:15,Object.defineProperty.enumerable
FN:20,Object.defineProperty.enumerable
FN:24,Object.defineProperty.enumerable
FN:25,Object.defineProperty.enumerable
FN:28,Object.defineProperty.enumerable
FN:29,Object.defineProperty.enumerable
FN:34,Object.defineProperty.enumerable
FN:53,Object.defineProperty.enumerable
FN:54,Object.defineProperty.enumerable
FN:58,Object.defineProperty.enumerable
FN:67,Object.defineProperty.enumerable
FN:81,Object.defineProperty.enumerable
FN:82,Object.defineProperty.enumerable
FN:99,Object.defineProperty.enumerable
FN:100,Object.defineProperty.enumerable
FN:102,Object.defineProperty.enumerable
FN:113,Object.defineProperty.enumerable
FN:114,Object.defineProperty.enumerable
FN:115,Object.defineProperty.enumerable
FN:118,Object.defineProperty.enumerable
FN:119,Object.defineProperty.enumerable
FNF:23
FNH:23
FNDA:212,Object.defineProperty.enumerable
FNDA:212,Object.defineProperty.enumerable
FNDA:212,Object.defineProperty.enumerable
FNDA:212,Object.defineProperty.enumerable
FNDA:212,Object.defineProperty.enumerable
FNDA:212,Object.defineProperty.enumerable
FNDA:212,Object.defineProperty.enumerable
FNDA:212,Object.defineProperty.enumerable
FNDA:212,Object.defineProperty.enumerable
FNDA:212,Object.defineProperty.enumerable
FNDA:212,Object.defineProperty.enumerable
FNDA:212,Object.defineProperty.enumerable
FNDA:211,Object.defineProperty.enumerable
FNDA:211,Object.defineProperty.enumerable
FNDA:211,Object.defineProperty.enumerable
FNDA:211,Object.defineProperty.enumerable
FNDA:211,Object.defineProperty.enumerable
FNDA:211,Object.defineProperty.enumerable
FNDA:140,Object.defineProperty.enumerable
FNDA:140,Object.defineProperty.enumerable
FNDA:140,Object.defineProperty.enumerable
FNDA:140,Object.defineProperty.enumerable
FNDA:140,Object.defineProperty.enumerable
DA:1,1
DA:2,1
DA:3,1
DA:4,1
DA:5,1
DA:6,1
DA:7,1
DA:8,1
DA:9,1
DA:10,1
DA:11,1
DA:12,212
DA:13,212
DA:14,1
DA:15,1
DA:16,1
DA:17,1
DA:18,1
DA:19,1
DA:20,1
DA:21,212
DA:22,212
DA:23,1
DA:24,1
DA:25,1
DA:26,1
DA:27,1
DA:28,1
DA:29,1
DA:30,212
DA:31,212
DA:32,1
DA:33,1
DA:34,1
DA:35,1
DA:36,1
DA:37,1
DA:38,1
DA:39,1
DA:40,1
DA:41,1
DA:42,1
DA:43,1
DA:44,1
DA:45,1
DA:46,1
DA:47,1
DA:48,1
DA:49,1
DA:50,1
DA:51,1
DA:52,1
DA:53,1
DA:54,1
DA:55,1
DA:56,1
DA:57,1
DA:58,1
DA:59,1
DA:60,1
DA:61,1
DA:62,1
DA:63,1
DA:64,1
DA:65,1
DA:66,1
DA:67,1
DA:68,1
DA:69,1
DA:70,1
DA:71,1
DA:72,1
DA:73,1
DA:74,1
DA:75,1
DA:76,1
DA:77,1
DA:78,1
DA:79,1
DA:80,1
DA:81,1
DA:82,1
DA:83,1
DA:84,1
DA:85,1
DA:86,1
DA:87,1
DA:88,1
DA:89,1
DA:90,1
DA:91,1
DA:92,1
DA:93,1
DA:94,1
DA:95,1
DA:96,1
DA:97,1
DA:98,1
DA:99,1
DA:100,1
DA:101,1
DA:102,1
DA:103,1
DA:104,1
DA:105,1
DA:106,1
DA:107,1
DA:108,1
DA:109,1
DA:110,1
DA:111,1
DA:112,1
DA:113,1
DA:114,1
DA:115,1
DA:116,1
DA:117,1
DA:118,1
DA:119,1
DA:120,1
DA:121,1
LF:121
LH:121
BRDA:6,0,0,106
BRDA:10,1,0,212
BRDA:11,2,0,212
BRDA:13,3,0,35
BRDA:14,4,0,177
BRDA:15,5,0,212
BRDA:20,6,0,212
BRDA:22,7,0,35
BRDA:23,8,0,177
BRDA:24,9,0,212
BRDA:25,10,0,212
BRDA:25,11,0,208
BRDA:25,12,0,4
BRDA:28,13,0,212
BRDA:29,14,0,212
BRDA:31,15,0,35
BRDA:32,16,0,177
BRDA:34,17,0,212
BRDA:40,18,0,212
BRDA:47,19,0,210
BRDA:53,20,0,212
BRDA:54,21,0,212
BRDA:58,22,0,212
BRDA:61,23,0,212
BRDA:67,24,0,211
BRDA:68,25,0,211
BRDA:75,26,0,212
BRDA:81,27,0,211
BRDA:82,28,0,211
BRDA:99,29,0,211
BRDA:100,30,0,211
BRDA:102,31,0,211
BRDA:106,32,0,211
BRDA:113,33,0,140
BRDA:114,34,0,140
BRDA:115,35,0,140
BRDA:118,36,0,140
BRDA:119,37,0,140
BRDA:120,38,0,140
BRF:39
BRH:39
end_of_record
TN:
SF:src/styled/ProcessingComponents.js
FN:10,Object.defineProperty.enumerable
FN:11,Object.defineProperty.enumerable
FN:12,Object.defineProperty.enumerable
FN:23,Object.defineProperty.enumerable
FN:24,Object.defineProperty.enumerable
FN:33,Object.defineProperty.enumerable
FN:34,Object.defineProperty.enumerable
FN:46,Object.defineProperty.enumerable
FN:47,Object.defineProperty.enumerable
FN:48,Object.defineProperty.enumerable
FN:49,Object.defineProperty.enumerable
FN:50,Object.defineProperty.enumerable
FN:53,Object.defineProperty.enumerable
FN:54,Object.defineProperty.enumerable
FN:58,Object.defineProperty.enumerable
FN:66,Object.defineProperty.enumerable
FN:71,Object.defineProperty.enumerable
FN:72,Object.defineProperty.enumerable
FN:73,Object.defineProperty.enumerable
FN:74,Object.defineProperty.enumerable
FN:77,Object.defineProperty.enumerable
FN:78,Object.defineProperty.enumerable
FNF:22
FNH:22
FNDA:37,Object.defineProperty.enumerable
FNDA:37,Object.defineProperty.enumerable
FNDA:37,Object.defineProperty.enumerable
FNDA:11,Object.defineProperty.enumerable
FNDA:11,Object.defineProperty.enumerable
FNDA:22,Object.defineProperty.enumerable
FNDA:22,Object.defineProperty.enumerable
FNDA:5,Object.defineProperty.enumerable
FNDA:5,Object.defineProperty.enumerable
FNDA:5,Object.defineProperty.enumerable
FNDA:5,Object.defineProperty.enumerable
FNDA:5,Object.defineProperty.enumerable
FNDA:5,Object.defineProperty.enumerable
FNDA:5,Object.defineProperty.enumerable
FNDA:5,Object.defineProperty.enumerable
FNDA:3,Object.defineProperty.enumerable
FNDA:6,Object.defineProperty.enumerable
FNDA:6,Object.defineProperty.enumerable
FNDA:6,Object.defineProperty.enumerable
FNDA:6,Object.defineProperty.enumerable
FNDA:6,Object.defineProperty.enumerable
FNDA:6,Object.defineProperty.enumerable
DA:1,1
DA:2,1
DA:3,1
DA:4,1
DA:5,1
DA:6,1
DA:7,1
DA:8,1
DA:9,1
DA:10,1
DA:11,1
DA:12,1
DA:13,1
DA:14,1
DA:15,1
DA:16,1
DA:17,1
DA:18,1
DA:19,1
DA:20,1
DA:21,1
DA:22,1
DA:23,1
DA:24,1
DA:25,1
DA:26,1
DA:27,1
DA:28,1
DA:29,1
DA:30,1
DA:31,1
DA:32,1
DA:33,1
DA:34,1
DA:35,22
DA:36,22
DA:37,1
DA:38,1
DA:39,1
DA:40,1
DA:41,1
DA:42,1
DA:43,1
DA:44,1
DA:45,1
DA:46,1
DA:47,1
DA:48,1
DA:49,1
DA:50,1
DA:51,1
DA:52,1
DA:53,1
DA:54,1
DA:55,1
DA:56,1
DA:57,1
DA:58,1
DA:59,1
DA:60,1
DA:61,1
DA:62,1
DA:63,1
DA:64,1
DA:65,1
DA:66,1
DA:67,1
DA:68,1
DA:69,1
DA:70,1
DA:71,1
DA:72,1
DA:73,1
DA:74,1
DA:75,1
DA:76,1
DA:77,1
DA:78,1
DA:79,1
DA:80,1
DA:81,1
DA:82,1
DA:83,1
DA:84,1
DA:85,1
DA:86,1
LF:86
LH:86
BRDA:6,0,0,37
BRDA:10,1,0,37
BRDA:11,2,0,37
BRDA:12,3,0,37
BRDA:13,4,0,37
BRDA:17,5,0,38
BRDA:23,6,0,11
BRDA:24,7,0,11
BRDA:25,8,0,11
BRDA:33,9,0,22
BRDA:34,10,0,22
BRDA:36,11,0,1
BRDA:37,12,0,21
BRDA:38,13,0,22
BRDA:46,14,0,5
BRDA:47,15,0,5
BRDA:48,16,0,5
BRDA:49,17,0,5
BRDA:50,18,0,5
BRDA:53,19,0,5
BRDA:54,20,0,5
BRDA:58,21,0,5
BRDA:59,22,0,5
BRDA:66,23,0,3
BRDA:67,24,0,3
BRDA:71,25,0,6
BRDA:72,26,0,6
BRDA:73,27,0,6
BRDA:74,28,0,6
BRDA:77,29,0,6
BRDA:78,30,0,6
BRDA:84,31,0,6
BRF:32
BRH:32
end_of_record
TN:
SF:src/styled/UploadComponents.js
FN:5,Object.defineProperty.enumerable
FN:6,Object.defineProperty.enumerable
FN:7,Object.defineProperty.enumerable
FN:8,Object.defineProperty.enumerable
FN:9,Object.defineProperty.enumerable
FN:11,Object.defineProperty.enumerable
FN:16,Object.defineProperty.enumerable
FN:17,Object.defineProperty.enumerable
FN:18,Object.defineProperty.enumerable
FN:27,Object.defineProperty.enumerable
FN:28,Object.defineProperty.enumerable
FN:30,Object.defineProperty.enumerable
FN:31,Object.defineProperty.enumerable
FN:32,Object.defineProperty.enumerable
FN:33,Object.defineProperty.enumerable
FN:51,Object.defineProperty.enumerable
FN:52,Object.defineProperty.enumerable
FN:60,Object.defineProperty.enumerable
FN:62,Object.defineProperty.enumerable
FN:93,Object.defineProperty.enumerable
FNF:20
FNH:20
FNDA:323,Object.defineProperty.enumerable
FNDA:323,Object.defineProperty.enumerable
FNDA:323,Object.defineProperty.enumerable
FNDA:323,Object.defineProperty.enumerable
FNDA:323,Object.defineProperty.enumerable
FNDA:323,Object.defineProperty.enumerable
FNDA:323,Object.defineProperty.enumerable
FNDA:323,Object.defineProperty.enumerable
FNDA:323,Object.defineProperty.enumerable
FNDA:323,Object.defineProperty.enumerable
FNDA:323,Object.defineProperty.enumerable
FNDA:323,Object.defineProperty.enumerable
FNDA:323,Object.defineProperty.enumerable
FNDA:323,Object.defineProperty.enumerable
FNDA:323,Object.defineProperty.enumerable
FNDA:14,Object.defineProperty.enumerable
FNDA:14,Object.defineProperty.enumerable
FNDA:18,Object.defineProperty.enumerable
FNDA:18,Object.defineProperty.enumerable
FNDA:14,Object.defineProperty.enumerable
DA:1,1
DA:2,1
DA:3,1
DA:4,1
DA:5,1
DA:6,1
DA:7,1
DA:8,1
DA:9,1
DA:10,1
DA:11,1
DA:12,1
DA:13,1
DA:14,1
DA:15,1
DA:16,1
DA:17,1
DA:18,1
DA:19,1
DA:20,1
DA:21,1
DA:22,1
DA:23,1
DA:24,1
DA:25,1
DA:26,1
DA:27,1
DA:28,1
DA:29,1
DA:30,1
DA:31,1
DA:32,1
DA:33,1
DA:34,1
DA:35,1
DA:36,1
DA:37,1
DA:38,1
DA:39,1
DA:40,1
DA:41,1
DA:42,1
DA:43,1
DA:44,1
DA:45,1
DA:46,1
DA:47,1
DA:48,1
DA:49,1
DA:50,1
DA:51,1
DA:52,1
DA:53,1
DA:54,1
DA:55,1
DA:56,1
DA:57,1
DA:58,1
DA:59,1
DA:60,1
DA:61,1
DA:62,1
DA:63,1
DA:64,1
DA:65,1
DA:66,1
DA:67,1
DA:68,1
DA:69,1
DA:70,1
DA:71,1
DA:72,1
DA:73,1
DA:74,1
DA:75,1
DA:76,1
DA:77,1
DA:78,1
DA:79,1
DA:80,1
DA:81,1
DA:82,1
DA:83,1
DA:84,1
DA:85,1
DA:86,1
DA:87,1
DA:88,1
DA:89,1
DA:90,1
DA:91,1
DA:92,1
DA:93,1
DA:94,1
DA:95,1
DA:96,1
DA:97,1
DA:98,1
LF:98
LH:98
BRDA:5,0,0,323
BRDA:6,1,0,323
BRDA:7,2,0,323
BRDA:8,3,0,323
BRDA:9,4,0,323
BRDA:11,5,0,323
BRDA:16,6,0,323
BRDA:17,7,0,323
BRDA:18,8,0,323
BRDA:27,9,0,323
BRDA:28,10,0,323
BRDA:30,11,0,323
BRDA:31,12,0,323
BRDA:32,13,0,323
BRDA:33,14,0,323
BRDA:36,15,0,323
BRDA:45,16,0,13
BRDA:51,17,0,14
BRDA:52,18,0,14
BRDA:55,19,0,14
BRDA:60,20,0,18
BRDA:62,21,0,18
BRDA:63,22,0,18
BRDA:93,23,0,14
BRDA:95,24,0,14
BRF:25
BRH:25
end_of_record
TN:
SF:src/styled/theme.js
FNF:0
FNH:0
DA:1,1
DA:2,1
DA:3,1
DA:4,1
DA:5,1
DA:6,1
DA:7,1
DA:8,1
DA:9,1
DA:10,1
DA:11,1
DA:12,1
DA:13,1
DA:14,1
DA:15,1
DA:16,1
DA:17,1
DA:18,1
DA:19,1
DA:20,1
DA:21,1
DA:22,1
DA:23,1
DA:24,1
DA:25,1
DA:26,1
DA:27,1
DA:28,1
DA:29,1
DA:30,1
DA:31,1
DA:32,1
DA:33,1
DA:34,1
DA:35,1
DA:36,1
DA:37,1
DA:38,1
DA:39,1
DA:40,1
DA:41,1
DA:42,1
DA:43,1
DA:44,1
DA:45,1
DA:46,1
DA:47,1
DA:48,1
DA:49,1
DA:50,1
DA:51,1
DA:52,1
DA:53,1
DA:54,1
DA:55,1
DA:56,1
DA:57,1
DA:58,1
DA:59,1
DA:60,1
DA:61,1
DA:62,1
DA:63,1
DA:64,1
LF:64
LH:64
BRF:0
BRH:0
end_of_record
