TN:
SF:vitest.setup.js
FN:1,(empty-report)
FNF:1
FNH:0
FNDA:0,(empty-report)
DA:1,0
DA:2,0
DA:3,0
DA:4,0
DA:5,0
DA:6,0
DA:7,0
DA:8,0
DA:9,0
DA:10,0
DA:11,0
DA:12,0
DA:13,0
DA:14,0
DA:15,0
DA:16,0
DA:17,0
DA:18,0
DA:19,0
DA:20,0
DA:21,0
DA:22,0
DA:23,0
DA:24,0
DA:25,0
DA:26,0
DA:27,0
DA:28,0
DA:29,0
DA:30,0
DA:31,0
DA:32,0
DA:33,0
DA:34,0
DA:35,0
DA:36,0
DA:37,0
DA:38,0
DA:39,0
DA:40,0
DA:41,0
DA:42,0
DA:43,0
DA:44,0
DA:45,0
DA:46,0
DA:47,0
DA:48,0
DA:49,0
DA:50,0
DA:51,0
DA:52,0
DA:53,0
DA:54,0
DA:55,0
DA:56,0
DA:57,0
DA:58,0
DA:59,0
DA:60,0
DA:61,0
DA:62,0
DA:63,0
DA:64,0
DA:65,0
DA:66,0
DA:67,0
DA:68,0
DA:69,0
DA:70,0
DA:71,0
DA:72,0
DA:73,0
DA:74,0
DA:75,0
DA:76,0
DA:77,0
DA:78,0
DA:79,0
DA:80,0
DA:81,0
DA:82,0
DA:83,0
DA:84,0
DA:85,0
DA:86,0
DA:87,0
DA:88,0
DA:89,0
DA:90,0
DA:91,0
DA:92,0
DA:93,0
DA:94,0
DA:95,0
DA:96,0
DA:97,0
DA:98,0
DA:99,0
DA:100,0
DA:101,0
DA:102,0
DA:103,0
DA:104,0
DA:105,0
DA:106,0
DA:107,0
DA:108,0
DA:109,0
DA:110,0
DA:111,0
DA:112,0
DA:113,0
DA:114,0
DA:115,0
DA:116,0
DA:117,0
DA:118,0
DA:119,0
LF:119
LH:0
BRDA:1,0,0,0
BRF:1
BRH:0
end_of_record
TN:
SF:src/App.jsx
FN:98,API_BASE
FN:109,API_BASE
FN:113,API_BASE
FN:128,ErrorFallback
FN:158,App
FN:184,logout
FN:223,AuthPage
FN:286,handleSubmit
FN:374,onChange
FN:393,onChange
FN:446,onClick
FN:465,onClick
FN:477,testGitHub
FN:500,AdminPanel
FN:518,loadInvitations
FN:533,handleGenerateInvitation
FN:566,handleExpireInvitation
FN:591,handleCopyToClipboard
FN:607,loadUsers
FN:623,handleDeleteUser
FN:637,confirmDeleteUser
FN:669,onChange
FN:747,onClick
FN:837,onClick
FN:917,onClick
FN:945,onClick
FN:957,onClick
FN:979,onClick
FN:1028,Dashboard
FN:1053,checkFilterMatch
FN:1077,handleAutomatedProcessing
FN:1144,testGitHubDetailed
FN:1181,pollJobStatus
FN:1186,poll
FN:1298,loadGeneratedFiles
FN:1311,loadFiles
FN:1323,handleFileUpload
FN:1346,onUploadProgress
FN:1381,cleanupMissingFiles
FN:1408,debugStorage
FN:1425,handleProcessFile
FN:1479,handleDownload
FN:1521,formatFileSize
FN:1593,onClick
FN:1779,onClick
FN:1792,onClick
FN:1869,onClick
FN:1914,onClick
FN:1959,onClick
FNF:49
FNH:29
FNDA:0,API_BASE
FNDA:0,API_BASE
FNDA:0,API_BASE
FNDA:0,ErrorFallback
FNDA:361,App
FNDA:4,logout
FNDA:363,AuthPage
FNDA:11,handleSubmit
FNDA:70,onChange
FNDA:132,onChange
FNDA:5,onClick
FNDA:1,onClick
FNDA:0,testGitHub
FNDA:141,AdminPanel
FNDA:27,loadInvitations
FNDA:4,handleGenerateInvitation
FNDA:0,handleExpireInvitation
FNDA:1,handleCopyToClipboard
FNDA:24,loadUsers
FNDA:1,handleDeleteUser
FNDA:0,confirmDeleteUser
FNDA:59,onChange
FNDA:0,onClick
FNDA:0,onClick
FNDA:1,onClick
FNDA:0,onClick
FNDA:0,onClick
FNDA:0,onClick
FNDA:428,Dashboard
FNDA:82,checkFilterMatch
FNDA:6,handleAutomatedProcessing
FNDA:0,testGitHubDetailed
FNDA:6,pollJobStatus
FNDA:6,poll
FNDA:37,loadGeneratedFiles
FNDA:123,loadFiles
FNDA:12,handleFileUpload
FNDA:0,onUploadProgress
FNDA:0,cleanupMissingFiles
FNDA:0,debugStorage
FNDA:4,handleProcessFile
FNDA:3,handleDownload
FNDA:358,formatFileSize
FNDA:29,onClick
FNDA:0,onClick
FNDA:0,onClick
FNDA:0,onClick
FNDA:0,onClick
FNDA:1,onClick
DA:1,1
DA:2,1
DA:3,1
DA:4,1
DA:5,1
DA:6,1
DA:7,1
DA:8,1
DA:9,1
DA:10,1
DA:11,1
DA:12,1
DA:13,1
DA:14,1
DA:15,1
DA:16,1
DA:17,1
DA:18,1
DA:19,1
DA:20,1
DA:21,1
DA:22,1
DA:23,1
DA:24,1
DA:25,1
DA:26,1
DA:27,1
DA:28,1
DA:29,1
DA:30,1
DA:31,1
DA:32,1
DA:33,1
DA:34,1
DA:35,1
DA:36,1
DA:37,1
DA:38,1
DA:39,1
DA:40,1
DA:41,1
DA:42,1
DA:43,1
DA:44,1
DA:45,1
DA:46,1
DA:47,1
DA:48,1
DA:49,1
DA:50,1
DA:51,1
DA:52,1
DA:53,1
DA:54,1
DA:55,1
DA:56,1
DA:57,1
DA:58,1
DA:59,1
DA:60,1
DA:61,1
DA:62,1
DA:63,1
DA:64,1
DA:65,1
DA:66,1
DA:67,1
DA:68,1
DA:69,1
DA:70,1
DA:71,1
DA:72,1
DA:73,1
DA:74,1
DA:75,1
DA:76,1
DA:77,1
DA:78,1
DA:79,1
DA:80,1
DA:81,1
DA:82,1
DA:83,1
DA:84,1
DA:85,1
DA:86,1
DA:87,1
DA:88,1
DA:89,1
DA:90,1
DA:91,1
DA:92,1
DA:93,1
DA:94,1
DA:95,1
DA:96,1
DA:97,1
DA:98,1
DA:99,1
DA:100,1
DA:101,1
DA:102,1
DA:103,1
DA:104,1
DA:105,1
DA:106,1
DA:107,1
DA:108,1
DA:109,1
DA:110,1
DA:111,1
DA:112,1
DA:113,1
DA:114,1
DA:115,1
DA:116,1
DA:117,1
DA:118,1
DA:119,1
DA:120,1
DA:121,1
DA:122,1
DA:123,1
DA:124,1
DA:125,0
DA:126,1
DA:127,1
DA:128,0
DA:129,0
DA:130,0
DA:131,0
DA:132,0
DA:133,0
DA:134,0
DA:135,0
DA:136,0
DA:137,0
DA:138,0
DA:139,0
DA:140,0
DA:141,0
DA:142,0
DA:143,0
DA:144,0
DA:145,0
DA:146,0
DA:147,0
DA:148,0
DA:149,0
DA:150,0
DA:151,0
DA:152,0
DA:153,0
DA:154,0
DA:155,0
DA:156,0
DA:157,1
DA:158,361
DA:159,361
DA:160,361
DA:161,361
DA:162,361
DA:163,177
DA:164,177
DA:165,117
DA:166,117
DA:167,117
DA:168,117
DA:169,117
DA:170,110
DA:171,117
DA:172,117
DA:173,6
DA:174,6
DA:175,117
DA:176,117
DA:177,116
DA:178,117
DA:179,177
DA:180,60
DA:181,60
DA:182,361
DA:183,361
DA:184,361
DA:185,4
DA:186,4
DA:187,4
DA:188,361
DA:189,361
DA:190,177
DA:191,177
DA:192,177
DA:193,177
DA:194,177
DA:195,177
DA:196,177
DA:197,177
DA:198,177
DA:199,184
DA:200,184
DA:201,184
DA:202,184
DA:203,184
DA:204,184
DA:205,184
DA:206,184
DA:207,184
DA:208,184
DA:209,70
DA:210,114
DA:211,114
DA:212,114
DA:213,114
DA:214,361
DA:215,361
DA:216,361
DA:217,361
DA:218,361
DA:219,361
DA:220,361
DA:221,361
DA:222,1
DA:223,363
DA:224,363
DA:225,363
DA:226,363
DA:227,363
DA:228,363
DA:229,363
DA:230,363
DA:231,363
DA:232,363
DA:233,363
DA:234,363
DA:235,363
DA:236,363
DA:237,363
DA:238,363
DA:239,363
DA:240,52
DA:241,52
DA:242,52
DA:243,52
DA:244,52
DA:245,18
DA:246,18
DA:247,18
DA:248,18
DA:249,18
DA:250,18
DA:251,18
DA:252,17
DA:253,17
DA:254,17
DA:255,18
DA:256,18
DA:257,1
DA:258,18
DA:259,18
DA:260,363
DA:261,363
DA:262,363
DA:263,363
DA:264,184
DA:265,52
DA:266,52
DA:267,52
DA:268,52
DA:269,52
DA:270,52
DA:271,52
DA:272,52
DA:273,52
DA:274,132
DA:275,132
DA:276,132
DA:277,132
DA:278,132
DA:279,132
DA:280,132
DA:281,132
DA:282,363
DA:283,363
DA:284,363
DA:285,363
DA:286,363
DA:287,11
DA:288,11
DA:289,11
DA:290,11
DA:291,11
DA:292,11
DA:293,3
DA:294,3
DA:295,0
DA:296,0
DA:297,0
DA:298,0
DA:299,3
DA:300,3
DA:301,3
DA:302,3
DA:303,3
DA:304,2
DA:305,2
DA:306,2
DA:307,2
DA:308,2
DA:309,2
DA:310,2
DA:311,2
DA:312,2
DA:313,11
DA:314,8
DA:315,8
DA:316,8
DA:317,8
DA:318,8
DA:319,3
DA:320,3
DA:321,3
DA:322,3
DA:323,3
DA:324,3
DA:325,3
DA:326,3
DA:327,3
DA:328,8
DA:329,0
DA:330,0
DA:331,0
DA:332,11
DA:333,6
DA:334,6
DA:335,6
DA:336,6
DA:337,11
DA:338,11
DA:339,11
DA:340,11
DA:341,363
DA:342,363
DA:343,363
DA:344,363
DA:345,363
DA:346,363
DA:347,363
DA:348,120
DA:349,243
DA:350,234
DA:351,9
DA:352,363
DA:353,363
DA:354,363
DA:355,9
DA:356,9
DA:357,9
DA:358,9
DA:359,9
DA:360,9
DA:361,363
DA:362,363
DA:363,363
DA:364,363
DA:365,363
DA:366,363
DA:367,363
DA:368,363
DA:369,363
DA:370,363
DA:371,363
DA:372,363
DA:373,363
DA:374,363
DA:375,363
DA:376,363
DA:377,363
DA:378,363
DA:379,120
DA:380,120
DA:381,120
DA:382,363
DA:383,363
DA:384,363
DA:385,363
DA:386,363
DA:387,363
DA:388,363
DA:389,363
DA:390,363
DA:391,363
DA:392,363
DA:393,363
DA:394,363
DA:395,363
DA:396,363
DA:397,129
DA:398,129
DA:399,129
DA:400,129
DA:401,129
DA:402,129
DA:403,129
DA:404,129
DA:405,129
DA:406,129
DA:407,129
DA:408,129
DA:409,129
DA:410,129
DA:411,129
DA:412,129
DA:413,129
DA:414,129
DA:415,129
DA:416,129
DA:417,129
DA:418,129
DA:419,129
DA:420,129
DA:421,129
DA:422,129
DA:423,129
DA:424,129
DA:425,129
DA:426,129
DA:427,129
DA:428,129
DA:429,129
DA:430,129
DA:431,129
DA:432,129
DA:433,129
DA:434,363
DA:435,363
DA:436,363
DA:437,363
DA:438,234
DA:439,234
DA:440,234
DA:441,234
DA:442,234
DA:443,234
DA:444,234
DA:445,234
DA:446,234
DA:447,234
DA:448,234
DA:449,234
DA:450,234
DA:451,234
DA:452,129
DA:453,120
DA:454,120
DA:455,120
DA:456,120
DA:457,120
DA:458,120
DA:459,120
DA:460,9
DA:461,9
DA:462,9
DA:463,9
DA:464,9
DA:465,9
DA:466,9
DA:467,9
DA:468,9
DA:469,9
DA:470,363
DA:471,363
DA:472,363
DA:473,363
DA:474,363
DA:475,363
DA:476,1
DA:477,1
DA:478,0
DA:479,0
DA:480,0
DA:481,0
DA:482,0
DA:483,0
DA:484,0
DA:485,0
DA:486,0
DA:487,0
DA:488,0
DA:489,0
DA:490,0
DA:491,0
DA:492,0
DA:493,0
DA:494,0
DA:495,0
DA:496,0
DA:497,0
DA:498,0
DA:499,1
DA:500,141
DA:501,141
DA:502,141
DA:503,141
DA:504,141
DA:505,141
DA:506,141
DA:507,141
DA:508,141
DA:509,141
DA:510,141
DA:511,141
DA:512,141
DA:513,141
DA:514,24
DA:515,24
DA:516,141
DA:517,141
DA:518,141
DA:519,27
DA:520,27
DA:521,27
DA:522,27
DA:523,27
DA:524,27
DA:525,25
DA:526,27
DA:527,1
DA:528,27
DA:529,26
DA:530,26
DA:531,27
DA:532,141
DA:533,141
DA:534,4
DA:535,4
DA:536,4
DA:537,4
DA:538,4
DA:539,4
DA:540,4
DA:541,4
DA:542,4
DA:543,4
DA:544,4
DA:545,4
DA:546,4
DA:547,4
DA:548,4
DA:549,3
DA:550,3
DA:551,3
DA:552,3
DA:553,3
DA:554,3
DA:555,3
DA:556,4
DA:557,1
DA:558,1
DA:559,1
DA:560,1
DA:561,4
DA:562,4
DA:563,4
DA:564,4
DA:565,141
DA:566,141
DA:567,0
DA:568,0
DA:569,0
DA:570,0
DA:571,0
DA:572,0
DA:573,0
DA:574,0
DA:575,0
DA:576,0
DA:577,0
DA:578,0
DA:579,0
DA:580,0
DA:581,0
DA:582,0
DA:583,0
DA:584,0
DA:585,0
DA:586,0
DA:587,0
DA:588,0
DA:589,0
DA:590,141
DA:591,141
DA:592,1
DA:593,1
DA:594,1
DA:595,1
DA:596,1
DA:597,0
DA:598,0
DA:599,0
DA:600,0
DA:601,0
DA:602,1
DA:603,1
DA:604,1
DA:605,1
DA:606,141
DA:607,141
DA:608,24
DA:609,24
DA:610,24
DA:611,24
DA:612,24
DA:613,24
DA:614,23
DA:615,24
DA:616,1
DA:617,1
DA:618,24
DA:619,24
DA:620,24
DA:621,24
DA:622,141
DA:623,141
DA:624,1
DA:625,1
DA:626,1
DA:627,1
DA:628,1
DA:629,1
DA:630,1
DA:631,1
DA:632,0
DA:633,0
DA:634,0
DA:635,1
DA:636,141
DA:637,141
DA:638,0
DA:639,0
DA:640,0
DA:641,0
DA:642,0
DA:643,0
DA:644,0
DA:645,0
DA:646,0
DA:647,0
DA:648,0
DA:649,0
DA:650,0
DA:651,0
DA:652,0
DA:653,0
DA:654,0
DA:655,141
DA:656,141
DA:657,141
DA:658,141
DA:659,141
DA:660,141
DA:661,141
DA:662,141
DA:663,141
DA:664,141
DA:665,141
DA:666,141
DA:667,141
DA:668,141
DA:669,141
DA:670,141
DA:671,141
DA:672,141
DA:673,141
DA:674,141
DA:675,141
DA:676,141
DA:677,2
DA:678,2
DA:679,2
DA:680,2
DA:681,2
DA:682,141
DA:683,141
DA:684,141
DA:685,0
DA:686,0
DA:687,0
DA:688,0
DA:689,0
DA:690,141
DA:691,141
DA:692,141
DA:693,0
DA:694,0
DA:695,0
DA:696,0
DA:697,0
DA:698,141
DA:699,141
DA:700,141
DA:701,141
DA:702,141
DA:703,141
DA:704,141
DA:705,141
DA:706,141
DA:707,141
DA:708,141
DA:709,141
DA:710,141
DA:711,4
DA:712,4
DA:713,4
DA:714,4
DA:715,4
DA:716,4
DA:717,4
DA:718,4
DA:719,4
DA:720,4
DA:721,4
DA:722,4
DA:723,4
DA:724,4
DA:725,4
DA:726,4
DA:727,4
DA:728,4
DA:729,4
DA:730,4
DA:731,4
DA:732,4
DA:733,4
DA:734,4
DA:735,4
DA:736,4
DA:737,4
DA:738,4
DA:739,4
DA:740,4
DA:741,4
DA:742,4
DA:743,4
DA:744,4
DA:745,4
DA:746,4
DA:747,4
DA:748,4
DA:749,4
DA:750,4
DA:751,4
DA:752,4
DA:753,4
DA:754,4
DA:755,4
DA:756,4
DA:757,4
DA:758,1
DA:759,1
DA:760,1
DA:761,1
DA:762,1
DA:763,1
DA:764,1
DA:765,1
DA:766,1
DA:767,1
DA:768,4
DA:769,4
DA:770,3
DA:771,3
DA:772,3
DA:773,3
DA:774,3
DA:775,3
DA:776,3
DA:777,3
DA:778,3
DA:779,4
DA:780,4
DA:781,4
DA:782,4
DA:783,4
DA:784,4
DA:785,4
DA:786,4
DA:787,4
DA:788,4
DA:789,4
DA:790,141
DA:791,141
DA:792,141
DA:793,141
DA:794,141
DA:795,141
DA:796,141
DA:797,141
DA:798,141
DA:799,25
DA:800,116
DA:801,38
DA:802,78
DA:803,78
DA:804,78
DA:805,78
DA:806,78
DA:807,78
DA:808,78
DA:809,78
DA:810,78
DA:811,79
DA:812,79
DA:813,79
DA:814,79
DA:815,79
DA:816,79
DA:817,79
DA:818,79
DA:819,79
DA:820,79
DA:821,79
DA:822,79
DA:823,79
DA:824,79
DA:825,79
DA:826,79
DA:827,79
DA:828,79
DA:829,79
DA:830,79
DA:831,79
DA:832,79
DA:833,79
DA:834,79
DA:835,79
DA:836,79
DA:837,79
DA:838,79
DA:839,79
DA:840,79
DA:841,79
DA:842,79
DA:843,79
DA:844,78
DA:845,78
DA:846,141
DA:847,141
DA:848,141
DA:849,141
DA:850,141
DA:851,141
DA:852,141
DA:853,141
DA:854,141
DA:855,141
DA:856,141
DA:857,141
DA:858,141
DA:859,141
DA:860,141
DA:861,24
DA:862,117
DA:863,39
DA:864,78
DA:865,78
DA:866,78
DA:867,78
DA:868,78
DA:869,78
DA:870,78
DA:871,78
DA:872,78
DA:873,156
DA:874,156
DA:875,156
DA:876,156
DA:877,156
DA:878,156
DA:879,156
DA:880,156
DA:881,156
DA:882,156
DA:883,156
DA:884,156
DA:885,156
DA:886,156
DA:887,156
DA:888,156
DA:889,156
DA:890,156
DA:891,156
DA:892,156
DA:893,78
DA:894,78
DA:895,78
DA:896,78
DA:897,78
DA:898,78
DA:899,78
DA:900,78
DA:901,78
DA:902,78
DA:903,78
DA:904,78
DA:905,156
DA:906,156
DA:907,156
DA:908,156
DA:909,156
DA:910,156
DA:911,156
DA:912,78
DA:913,78
DA:914,78
DA:915,78
DA:916,78
DA:917,78
DA:918,78
DA:919,78
DA:920,78
DA:921,78
DA:922,156
DA:923,156
DA:924,156
DA:925,78
DA:926,78
DA:927,141
DA:928,141
DA:929,141
DA:930,141
DA:931,141
DA:932,1
DA:933,1
DA:934,1
DA:935,1
DA:936,1
DA:937,1
DA:938,1
DA:939,1
DA:940,1
DA:941,1
DA:942,1
DA:943,1
DA:944,1
DA:945,1
DA:946,1
DA:947,1
DA:948,1
DA:949,1
DA:950,1
DA:951,1
DA:952,1
DA:953,1
DA:954,1
DA:955,1
DA:956,1
DA:957,1
DA:958,1
DA:959,1
DA:960,1
DA:961,1
DA:962,1
DA:963,1
DA:964,1
DA:965,1
DA:966,1
DA:967,1
DA:968,1
DA:969,1
DA:970,1
DA:971,1
DA:972,1
DA:973,1
DA:974,1
DA:975,1
DA:976,1
DA:977,1
DA:978,1
DA:979,1
DA:980,1
DA:981,1
DA:982,1
DA:983,1
DA:984,1
DA:985,1
DA:986,1
DA:987,1
DA:988,1
DA:989,1
DA:990,1
DA:991,1
DA:992,1
DA:993,1
DA:994,141
DA:995,141
DA:996,141
DA:997,141
DA:998,141
DA:999,141
DA:1000,141
DA:1001,141
DA:1002,141
DA:1003,141
DA:1004,141
DA:1005,141
DA:1006,141
DA:1007,141
DA:1008,141
DA:1009,141
DA:1010,141
DA:1011,141
DA:1012,141
DA:1013,141
DA:1014,141
DA:1015,141
DA:1016,141
DA:1017,141
DA:1018,141
DA:1019,141
DA:1020,141
DA:1021,141
DA:1022,141
DA:1023,141
DA:1024,141
DA:1025,141
DA:1026,141
DA:1027,1
DA:1028,428
DA:1029,428
DA:1030,428
DA:1031,428
DA:1032,428
DA:1033,428
DA:1034,428
DA:1035,428
DA:1036,428
DA:1037,428
DA:1038,428
DA:1039,428
DA:1040,428
DA:1041,428
DA:1042,428
DA:1043,428
DA:1044,428
DA:1045,428
DA:1046,428
DA:1047,428
DA:1048,428
DA:1049,428
DA:1050,428
DA:1051,428
DA:1052,428
DA:1053,428
DA:1054,82
DA:1055,82
DA:1056,82
DA:1057,82
DA:1058,82
DA:1059,3
DA:1060,3
DA:1061,1
DA:1062,1
DA:1063,4
DA:1064,4
DA:1065,10
DA:1066,4
DA:1067,4
DA:1068,1
DA:1069,82
DA:1070,82
DA:1071,428
DA:1072,428
DA:1073,428
DA:1074,428
DA:1075,428
DA:1076,428
DA:1077,428
DA:1078,6
DA:1079,6
DA:1080,6
DA:1081,6
DA:1082,6
DA:1083,6
DA:1084,6
DA:1085,6
DA:1086,6
DA:1087,6
DA:1088,6
DA:1089,6
DA:1090,6
DA:1091,6
DA:1092,6
DA:1093,6
DA:1094,6
DA:1095,6
DA:1096,6
DA:1097,6
DA:1098,6
DA:1099,6
DA:1100,6
DA:1101,6
DA:1102,6
DA:1103,6
DA:1104,6
DA:1105,6
DA:1106,0
DA:1107,0
DA:1108,0
DA:1109,0
DA:1110,0
DA:1111,0
DA:1112,0
DA:1113,0
DA:1114,0
DA:1115,0
DA:1116,0
DA:1117,0
DA:1118,0
DA:1119,0
DA:1120,0
DA:1121,0
DA:1122,0
DA:1123,0
DA:1124,0
DA:1125,0
DA:1126,0
DA:1127,0
DA:1128,0
DA:1129,0
DA:1130,0
DA:1131,0
DA:1132,0
DA:1133,0
DA:1134,0
DA:1135,0
DA:1136,0
DA:1137,0
DA:1138,0
DA:1139,0
DA:1140,0
DA:1141,0
DA:1142,6
DA:1143,428
DA:1144,428
DA:1145,0
DA:1146,0
DA:1147,0
DA:1148,0
DA:1149,0
DA:1150,0
DA:1151,0
DA:1152,0
DA:1153,0
DA:1154,0
DA:1155,0
DA:1156,0
DA:1157,0
DA:1158,0
DA:1159,0
DA:1160,0
DA:1161,0
DA:1162,0
DA:1163,0
DA:1164,0
DA:1165,0
DA:1166,0
DA:1167,0
DA:1168,0
DA:1169,0
DA:1170,0
DA:1171,0
DA:1172,0
DA:1173,0
DA:1174,0
DA:1175,0
DA:1176,0
DA:1177,0
DA:1178,0
DA:1179,0
DA:1180,428
DA:1181,428
DA:1182,6
DA:1183,6
DA:1184,6
DA:1185,6
DA:1186,6
DA:1187,6
DA:1188,6
DA:1189,6
DA:1190,6
DA:1191,6
DA:1192,5
DA:1193,5
DA:1194,5
DA:1195,6
DA:1196,2
DA:1197,2
DA:1198,2
DA:1199,2
DA:1200,2
DA:1201,2
DA:1202,2
DA:1203,2
DA:1204,2
DA:1205,2
DA:1206,2
DA:1207,2
DA:1208,2
DA:1209,2
DA:1210,2
DA:1211,2
DA:1212,2
DA:1213,2
DA:1214,2
DA:1215,2
DA:1216,2
DA:1217,6
DA:1218,1
DA:1219,1
DA:1220,1
DA:1221,1
DA:1222,1
DA:1223,1
DA:1224,3
DA:1225,2
DA:1226,2
DA:1227,0
DA:1228,0
DA:1229,0
DA:1230,0
DA:1231,0
DA:1232,0
DA:1233,0
DA:1234,0
DA:1235,2
DA:1236,2
DA:1237,2
DA:1238,2
DA:1239,0
DA:1240,0
DA:1241,0
DA:1242,0
DA:1243,0
DA:1244,0
DA:1245,0
DA:1246,0
DA:1247,6
DA:1248,1
DA:1249,1
DA:1250,1
DA:1251,1
DA:1252,1
DA:1253,1
DA:1254,1
DA:1255,1
DA:1256,1
DA:1257,1
DA:1258,0
DA:1259,0
DA:1260,0
DA:1261,0
DA:1262,0
DA:1263,0
DA:1264,0
DA:1265,0
DA:1266,1
DA:1267,1
DA:1268,1
DA:1269,1
DA:1270,1
DA:1271,1
DA:1272,0
DA:1273,0
DA:1274,0
DA:1275,0
DA:1276,0
DA:1277,0
DA:1278,0
DA:1279,1
DA:1280,6
DA:1281,6
DA:1282,6
DA:1283,6
DA:1284,428
DA:1285,428
DA:1286,111
DA:1287,428
DA:1288,428
DA:1289,428
DA:1290,428
DA:1291,142
DA:1292,31
DA:1293,142
DA:1294,111
DA:1295,111
DA:1296,428
DA:1297,428
DA:1298,428
DA:1299,37
DA:1300,37
DA:1301,37
DA:1302,37
DA:1303,37
DA:1304,36
DA:1305,37
DA:1306,1
DA:1307,1
DA:1308,1
DA:1309,37
DA:1310,428
DA:1311,428
DA:1312,123
DA:1313,123
DA:1314,123
DA:1315,123
DA:1316,123
DA:1317,122
DA:1318,123
DA:1319,3
DA:1320,3
DA:1321,123
DA:1322,428
DA:1323,428
DA:1324,12
DA:1325,12
DA:1326,11
DA:1327,12
DA:1328,1
DA:1329,1
DA:1330,1
DA:1331,10
DA:1332,10
DA:1333,10
DA:1334,10
DA:1335,10
DA:1336,10
DA:1337,10
DA:1338,10
DA:1339,10
DA:1340,10
DA:1341,10
DA:1342,10
DA:1343,10
DA:1344,10
DA:1345,10
DA:1346,10
DA:1347,0
DA:1348,0
DA:1349,0
DA:1350,0
DA:1351,0
DA:1352,10
DA:1353,6
DA:1354,6
DA:1355,6
DA:1356,12
DA:1357,3
DA:1358,3
DA:1359,3
DA:1360,3
DA:1361,3
DA:1362,3
DA:1363,2
DA:1364,2
DA:1365,3
DA:1366,3
DA:1367,3
DA:1368,6
DA:1369,6
DA:1370,6
DA:1371,12
DA:1372,4
DA:1373,4
DA:1374,12
DA:1375,10
DA:1376,10
DA:1377,10
DA:1378,12
DA:1379,428
DA:1380,428
DA:1381,428
DA:1382,0
DA:1383,0
DA:1384,0
DA:1385,0
DA:1386,0
DA:1387,0
DA:1388,0
DA:1389,0
DA:1390,0
DA:1391,0
DA:1392,0
DA:1393,0
DA:1394,0
DA:1395,0
DA:1396,0
DA:1397,0
DA:1398,0
DA:1399,0
DA:1400,0
DA:1401,0
DA:1402,0
DA:1403,0
DA:1404,0
DA:1405,0
DA:1406,428
DA:1407,428
DA:1408,428
DA:1409,0
DA:1410,0
DA:1411,0
DA:1412,0
DA:1413,0
DA:1414,0
DA:1415,0
DA:1416,0
DA:1417,0
DA:1418,0
DA:1419,0
DA:1420,0
DA:1421,0
DA:1422,0
DA:1423,0
DA:1424,428
DA:1425,428
DA:1426,4
DA:1427,4
DA:1428,4
DA:1429,4
DA:1430,4
DA:1431,4
DA:1432,4
DA:1433,4
DA:1434,4
DA:1435,4
DA:1436,4
DA:1437,4
DA:1438,4
DA:1439,4
DA:1440,4
DA:1441,4
DA:1442,4
DA:1443,4
DA:1444,4
DA:1445,4
DA:1446,4
DA:1447,4
DA:1448,4
DA:1449,4
DA:1450,4
DA:1451,4
DA:1452,4
DA:1453,4
DA:1454,4
DA:1455,4
DA:1456,4
DA:1457,4
DA:1458,4
DA:1459,4
DA:1460,4
DA:1461,4
DA:1462,4
DA:1463,4
DA:1464,4
DA:1465,4
DA:1466,4
DA:1467,4
DA:1468,4
DA:1469,0
DA:1470,0
DA:1471,0
DA:1472,0
DA:1473,0
DA:1474,4
DA:1475,4
DA:1476,4
DA:1477,4
DA:1478,428
DA:1479,428
DA:1480,3
DA:1481,3
DA:1482,3
DA:1483,3
DA:1484,3
DA:1485,3
DA:1486,3
DA:1487,3
DA:1488,3
DA:1489,3
DA:1490,3
DA:1491,3
DA:1492,3
DA:1493,3
DA:1494,3
DA:1495,3
DA:1496,2
DA:1497,2
DA:1498,2
DA:1499,2
DA:1500,2
DA:1501,2
DA:1502,2
DA:1503,2
DA:1504,2
DA:1505,2
DA:1506,2
DA:1507,2
DA:1508,2
DA:1509,2
DA:1510,2
DA:1511,2
DA:1512,3
DA:1513,1
DA:1514,1
DA:1515,1
DA:1516,1
DA:1517,1
DA:1518,1
DA:1519,3
DA:1520,428
DA:1521,428
DA:1522,358
DA:1523,357
DA:1524,357
DA:1525,357
DA:1526,357
DA:1527,358
DA:1528,428
DA:1529,428
DA:1530,428
DA:1531,428
DA:1532,428
DA:1533,428
DA:1534,428
DA:1535,428
DA:1536,428
DA:1537,428
DA:1538,428
DA:1539,428
DA:1540,428
DA:1541,428
DA:1542,428
DA:1543,428
DA:1544,428
DA:1545,428
DA:1546,428
DA:1547,428
DA:1548,428
DA:1549,428
DA:1550,428
DA:1551,428
DA:1552,428
DA:1553,428
DA:1554,428
DA:1555,428
DA:1556,428
DA:1557,428
DA:1558,428
DA:1559,428
DA:1560,428
DA:1561,428
DA:1562,10
DA:1563,10
DA:1564,10
DA:1565,10
DA:1566,10
DA:1567,10
DA:1568,428
DA:1569,428
DA:1570,428
DA:1571,428
DA:1572,428
DA:1573,428
DA:1574,428
DA:1575,428
DA:1576,428
DA:1577,428
DA:1578,428
DA:1579,428
DA:1580,428
DA:1581,250
DA:1582,250
DA:1583,250
DA:1584,250
DA:1585,250
DA:1586,178
DA:1587,178
DA:1588,178
DA:1589,178
DA:1590,358
DA:1591,358
DA:1592,358
DA:1593,358
DA:1594,358
DA:1595,358
DA:1596,358
DA:1597,358
DA:1598,358
DA:1599,358
DA:1600,358
DA:1601,358
DA:1602,358
DA:1603,358
DA:1604,358
DA:1605,358
DA:1606,358
DA:1607,358
DA:1608,358
DA:1609,358
DA:1610,82
DA:1611,82
DA:1612,82
DA:1613,358
DA:1614,358
DA:1615,175
DA:1616,175
DA:1617,175
DA:1618,183
DA:1619,358
DA:1620,358
DA:1621,178
DA:1622,178
DA:1623,178
DA:1624,428
DA:1625,428
DA:1626,428
DA:1627,428
DA:1628,82
DA:1629,82
DA:1630,82
DA:1631,82
DA:1632,82
DA:1633,82
DA:1634,82
DA:1635,82
DA:1636,82
DA:1637,82
DA:1638,82
DA:1639,82
DA:1640,82
DA:1641,82
DA:1642,82
DA:1643,82
DA:1644,82
DA:1645,82
DA:1646,82
DA:1647,82
DA:1648,82
DA:1649,82
DA:1650,82
DA:1651,82
DA:1652,82
DA:1653,82
DA:1654,82
DA:1655,82
DA:1656,82
DA:1657,82
DA:1658,82
DA:1659,82
DA:1660,82
DA:1661,82
DA:1662,82
DA:1663,82
DA:1664,428
DA:1665,428
DA:1666,428
DA:1667,72
DA:1668,72
DA:1669,72
DA:1670,72
DA:1671,72
DA:1672,72
DA:1673,72
DA:1674,72
DA:1675,72
DA:1676,72
DA:1677,72
DA:1678,72
DA:1679,72
DA:1680,72
DA:1681,72
DA:1682,72
DA:1683,72
DA:1684,72
DA:1685,72
DA:1686,72
DA:1687,72
DA:1688,72
DA:1689,72
DA:1690,72
DA:1691,428
DA:1692,428
DA:1693,428
DA:1694,428
DA:1695,428
DA:1696,428
DA:1697,428
DA:1698,428
DA:1699,428
DA:1700,428
DA:1701,428
DA:1702,428
DA:1703,428
DA:1704,82
DA:1705,82
DA:1706,82
DA:1707,82
DA:1708,82
DA:1709,82
DA:1710,82
DA:1711,82
DA:1712,82
DA:1713,82
DA:1714,82
DA:1715,82
DA:1716,82
DA:1717,82
DA:1718,82
DA:1719,82
DA:1720,82
DA:1721,82
DA:1722,82
DA:1723,82
DA:1724,82
DA:1725,82
DA:1726,82
DA:1727,4
DA:1728,78
DA:1729,82
DA:1730,82
DA:1731,82
DA:1732,82
DA:1733,82
DA:1734,82
DA:1735,82
DA:1736,82
DA:1737,78
DA:1738,69
DA:1739,82
DA:1740,82
DA:1741,82
DA:1742,82
DA:1743,9
DA:1744,73
DA:1745,82
DA:1746,82
DA:1747,346
DA:1748,346
DA:1749,346
DA:1750,346
DA:1751,428
DA:1752,428
DA:1753,428
DA:1754,428
DA:1755,428
DA:1756,20
DA:1757,20
DA:1758,20
DA:1759,20
DA:1760,20
DA:1761,20
DA:1762,20
DA:1763,53
DA:1764,53
DA:1765,53
DA:1766,53
DA:1767,53
DA:1768,53
DA:1769,20
DA:1770,20
DA:1771,20
DA:1772,20
DA:1773,2
DA:1774,2
DA:1775,2
DA:1776,2
DA:1777,2
DA:1778,2
DA:1779,2
DA:1780,0
DA:1781,0
DA:1782,0
DA:1783,0
DA:1784,2
DA:1785,2
DA:1786,2
DA:1787,2
DA:1788,2
DA:1789,2
DA:1790,2
DA:1791,2
DA:1792,2
DA:1793,0
DA:1794,0
DA:1795,0
DA:1796,0
DA:1797,2
DA:1798,2
DA:1799,2
DA:1800,2
DA:1801,2
DA:1802,2
DA:1803,2
DA:1804,2
DA:1805,2
DA:1806,2
DA:1807,2
DA:1808,2
DA:1809,2
DA:1810,2
DA:1811,2
DA:1812,2
DA:1813,2
DA:1814,2
DA:1815,2
DA:1816,2
DA:1817,2
DA:1818,2
DA:1819,20
DA:1820,20
DA:1821,20
DA:1822,20
DA:1823,6
DA:1824,3
DA:1825,3
DA:1826,3
DA:1827,3
DA:1828,3
DA:1829,3
DA:1830,3
DA:1831,3
DA:1832,3
DA:1833,3
DA:1834,3
DA:1835,3
DA:1836,3
DA:1837,3
DA:1838,3
DA:1839,3
DA:1840,3
DA:1841,3
DA:1842,3
DA:1843,3
DA:1844,3
DA:1845,3
DA:1846,3
DA:1847,3
DA:1848,3
DA:1849,3
DA:1850,3
DA:1851,3
DA:1852,3
DA:1853,3
DA:1854,3
DA:1855,3
DA:1856,3
DA:1857,3
DA:1858,3
DA:1859,3
DA:1860,3
DA:1861,3
DA:1862,3
DA:1863,3
DA:1864,3
DA:1865,3
DA:1866,3
DA:1867,3
DA:1868,3
DA:1869,3
DA:1870,0
DA:1871,0
DA:1872,0
DA:1873,0
DA:1874,0
DA:1875,0
DA:1876,0
DA:1877,0
DA:1878,0
DA:1879,3
DA:1880,3
DA:1881,3
DA:1882,3
DA:1883,3
DA:1884,3
DA:1885,3
DA:1886,3
DA:1887,3
DA:1888,3
DA:1889,3
DA:1890,3
DA:1891,3
DA:1892,3
DA:1893,3
DA:1894,3
DA:1895,3
DA:1896,3
DA:1897,3
DA:1898,3
DA:1899,3
DA:1900,3
DA:1901,3
DA:1902,3
DA:1903,3
DA:1904,3
DA:1905,3
DA:1906,3
DA:1907,3
DA:1908,3
DA:1909,3
DA:1910,3
DA:1911,3
DA:1912,3
DA:1913,3
DA:1914,3
DA:1915,0
DA:1916,0
DA:1917,0
DA:1918,0
DA:1919,0
DA:1920,0
DA:1921,0
DA:1922,0
DA:1923,0
DA:1924,0
DA:1925,0
DA:1926,3
DA:1927,3
DA:1928,3
DA:1929,3
DA:1930,3
DA:1931,3
DA:1932,1
DA:1933,1
DA:1934,1
DA:1935,1
DA:1936,1
DA:1937,1
DA:1938,1
DA:1939,1
DA:1940,1
DA:1941,1
DA:1942,1
DA:1943,1
DA:1944,1
DA:1945,1
DA:1946,1
DA:1947,1
DA:1948,1
DA:1949,1
DA:1950,1
DA:1951,1
DA:1952,1
DA:1953,1
DA:1954,1
DA:1955,1
DA:1956,1
DA:1957,1
DA:1958,1
DA:1959,1
DA:1960,1
DA:1961,1
DA:1962,1
DA:1963,1
DA:1964,1
DA:1965,1
DA:1966,1
DA:1967,1
DA:1968,1
DA:1969,1
DA:1970,3
DA:1971,3
DA:1972,3
DA:1973,20
DA:1974,20
DA:1975,20
DA:1976,20
DA:1977,1
DA:1978,1
DA:1979,1
DA:1980,1
DA:1981,1
DA:1982,1
DA:1983,1
DA:1984,1
DA:1985,1
DA:1986,1
DA:1987,1
DA:1988,1
DA:1989,1
DA:1990,1
DA:1991,1
DA:1992,20
DA:1993,20
DA:1994,20
DA:1995,428
DA:1996,428
DA:1997,428
DA:1998,428
DA:1999,428
DA:2000,428
DA:2001,428
DA:2002,1
DA:2003,1
LF:2003
LH:1708
BRDA:124,0,0,0
BRDA:158,1,0,361
BRDA:189,2,0,345
BRDA:189,3,0,177
BRDA:198,4,0,184
BRDA:208,5,0,70
BRDA:209,6,0,114
BRDA:162,7,0,177
BRDA:164,8,0,117
BRDA:179,9,0,60
BRDA:169,10,0,110
BRDA:172,11,0,6
BRDA:176,12,0,116
BRDA:184,13,0,4
BRDA:223,14,0,363
BRDA:347,15,0,120
BRDA:348,16,0,243
BRDA:349,17,0,234
BRDA:350,18,0,9
BRDA:354,19,0,243
BRDA:354,20,0,9
BRDA:364,21,0,7
BRDA:378,22,0,120
BRDA:396,23,0,129
BRDA:403,24,0,20
BRDA:403,25,0,109
BRDA:404,26,0,20
BRDA:404,27,0,109
BRDA:409,28,0,75
BRDA:409,29,0,54
BRDA:410,30,0,75
BRDA:410,31,0,54
BRDA:415,32,0,75
BRDA:415,33,0,54
BRDA:416,34,0,75
BRDA:416,35,0,54
BRDA:421,36,0,31
BRDA:421,37,0,98
BRDA:422,38,0,31
BRDA:422,39,0,98
BRDA:427,40,0,15
BRDA:427,41,0,114
BRDA:428,42,0,15
BRDA:428,43,0,114
BRDA:437,44,0,234
BRDA:440,45,0,8
BRDA:440,46,0,226
BRDA:451,47,0,129
BRDA:452,48,0,120
BRDA:456,49,0,117
BRDA:458,50,0,3
BRDA:458,51,0,117
BRDA:459,52,0,9
BRDA:239,53,0,52
BRDA:244,54,0,20
BRDA:244,55,0,18
BRDA:251,56,0,17
BRDA:256,57,0,1
BRDA:257,58,0,0
BRDA:263,59,0,184
BRDA:264,60,0,52
BRDA:273,61,0,132
BRDA:286,62,0,11
BRDA:292,63,0,3
BRDA:292,64,0,3
BRDA:294,65,0,0
BRDA:303,66,0,2
BRDA:313,67,0,8
BRDA:318,68,0,3
BRDA:328,69,0,0
BRDA:332,70,0,6
BRDA:335,71,0,5
BRDA:335,72,0,1
BRDA:335,73,0,0
BRDA:374,74,0,70
BRDA:393,75,0,132
BRDA:446,76,0,5
BRDA:465,77,0,1
BRDA:500,78,0,141
BRDA:676,79,0,2
BRDA:684,80,0,4
BRDA:684,81,0,0
BRDA:684,82,0,0
BRDA:692,83,0,4
BRDA:692,84,0,0
BRDA:703,85,0,137
BRDA:706,86,0,4
BRDA:706,87,0,137
BRDA:710,88,0,4
BRDA:757,89,0,1
BRDA:769,90,0,3
BRDA:798,91,0,25
BRDA:799,92,0,116
BRDA:800,93,0,38
BRDA:801,94,0,78
BRDA:860,95,0,24
BRDA:861,96,0,117
BRDA:862,97,0,39
BRDA:863,98,0,78
BRDA:931,99,0,1
BRDA:970,100,0,0
BRDA:971,101,0,0
BRDA:513,102,0,24
BRDA:518,103,0,27
BRDA:524,104,0,25
BRDA:526,105,0,1
BRDA:528,106,0,26
BRDA:533,107,0,4
BRDA:548,108,0,3
BRDA:556,109,0,1
BRDA:559,110,0,0
BRDA:559,111,0,0
BRDA:591,112,0,1
BRDA:593,113,0,1
BRDA:607,114,0,24
BRDA:613,115,0,23
BRDA:615,116,0,1
BRDA:617,117,0,0
BRDA:623,118,0,1
BRDA:631,119,0,0
BRDA:656,120,0,157
BRDA:669,121,0,59
BRDA:810,122,0,79
BRDA:831,123,0,0
BRDA:872,124,0,156
BRDA:892,125,0,78
BRDA:908,126,0,0
BRDA:911,127,0,78
BRDA:912,128,0,78
BRDA:917,129,0,1
BRDA:1028,130,0,428
BRDA:1072,131,0,82
BRDA:1072,132,0,346
BRDA:1075,133,0,82
BRDA:1075,134,0,346
BRDA:1561,135,0,10
BRDA:1580,136,0,250
BRDA:1585,137,0,178
BRDA:1627,138,0,82
BRDA:1666,139,0,72
BRDA:1703,140,0,82
BRDA:1723,141,0,78
BRDA:1723,142,0,69
BRDA:1726,143,0,4
BRDA:1727,144,0,78
BRDA:1736,145,0,78
BRDA:1737,146,0,69
BRDA:1742,147,0,9
BRDA:1743,148,0,73
BRDA:1746,149,0,346
BRDA:1755,150,0,408
BRDA:1755,151,0,20
BRDA:1772,152,0,6
BRDA:1772,153,0,2
BRDA:1822,154,0,6
BRDA:1823,155,0,3
BRDA:1824,156,0,3
BRDA:1931,157,0,1
BRDA:1976,158,0,6
BRDA:1976,159,0,4
BRDA:1976,160,0,1
BRDA:1053,161,0,82
BRDA:1055,162,0,3
BRDA:1058,163,0,3
BRDA:1059,164,0,2
BRDA:1059,165,0,1
BRDA:1059,166,0,2
BRDA:1060,167,0,1
BRDA:1062,168,0,4
BRDA:1064,169,0,10
BRDA:1065,170,0,4
BRDA:1077,171,0,6
BRDA:1078,172,0,0
BRDA:1105,173,0,0
BRDA:1181,174,0,6
BRDA:1186,175,0,6
BRDA:1191,176,0,5
BRDA:1195,177,0,2
BRDA:1217,178,0,3
BRDA:1217,179,0,1
BRDA:1224,180,0,2
BRDA:1226,181,0,0
BRDA:1238,182,0,0
BRDA:1247,183,0,1
BRDA:1257,184,0,0
BRDA:1271,185,0,0
BRDA:1197,186,0,2
BRDA:1219,187,0,1
BRDA:1222,188,0,0
BRDA:1285,189,0,111
BRDA:1290,190,0,142
BRDA:1291,191,0,31
BRDA:1293,192,0,111
BRDA:1298,193,0,37
BRDA:1303,194,0,36
BRDA:1305,195,0,1
BRDA:1311,196,0,123
BRDA:1316,197,0,122
BRDA:1318,198,0,3
BRDA:1323,199,0,12
BRDA:1325,200,0,1
BRDA:1325,201,0,11
BRDA:1327,202,0,1
BRDA:1327,203,0,1
BRDA:1330,204,0,10
BRDA:1352,205,0,6
BRDA:1356,206,0,3
BRDA:1362,207,0,2
BRDA:1367,208,0,6
BRDA:1371,209,0,4
BRDA:1373,210,0,3
BRDA:1373,211,0,1
BRDA:1374,212,0,10
BRDA:1361,213,0,4
BRDA:1425,214,0,4
BRDA:1426,215,0,0
BRDA:1468,216,0,0
BRDA:1479,217,0,3
BRDA:1495,218,0,2
BRDA:1512,219,0,1
BRDA:1517,220,0,0
BRDA:1521,221,0,358
BRDA:1522,222,0,1
BRDA:1522,223,0,357
BRDA:1589,224,0,358
BRDA:1592,225,0,164
BRDA:1604,226,0,177
BRDA:1604,227,0,181
BRDA:1609,228,0,164
BRDA:1609,229,0,82
BRDA:1614,230,0,177
BRDA:1614,231,0,82
BRDA:1614,232,0,175
BRDA:1617,233,0,183
BRDA:1593,234,0,29
BRDA:1762,235,0,53
BRDA:1765,236,0,50
BRDA:1959,237,0,1
BRF:238
BRH:212
end_of_record
TN:
SF:src/components/FilterConfiguration.jsx
FN:12,FilterConfiguration.filterRules.filterRules
FN:13,FilterConfiguration.filterRules.filterRules
FN:14,FilterConfiguration.filterRules.filterRules
FN:52,FilterConfiguration.filterRules.filterRules
FN:53,FilterConfiguration.filterRules.filterRules
FN:62,FilterConfiguration.filterRules.filterRules
FN:63,FilterConfiguration.filterRules.filterRules
FN:64,FilterConfiguration.filterRules.filterRules
FN:65,FilterConfiguration.filterRules.filterRules
FN:72,FilterConfiguration.filterRules.filterRules
FN:78,FilterConfiguration.filterRules.filterRules
FN:87,FilterConfiguration
FN:88,addFilterRule
FN:92,removeFilterRule
FN:96,updateFilterRule
FN:113,onChange
FN:130,onChange
FN:139,onClick
FNF:18
FNH:18
FNDA:394,FilterConfiguration.filterRules.filterRules
FNDA:394,FilterConfiguration.filterRules.filterRules
FNDA:394,FilterConfiguration.filterRules.filterRules
FNDA:108,FilterConfiguration.filterRules.filterRules
FNDA:108,FilterConfiguration.filterRules.filterRules
FNDA:108,FilterConfiguration.filterRules.filterRules
FNDA:108,FilterConfiguration.filterRules.filterRules
FNDA:108,FilterConfiguration.filterRules.filterRules
FNDA:108,FilterConfiguration.filterRules.filterRules
FNDA:108,FilterConfiguration.filterRules.filterRules
FNDA:108,FilterConfiguration.filterRules.filterRules
FNDA:108,FilterConfiguration
FNDA:7,addFilterRule
FNDA:2,removeFilterRule
FNDA:17,updateFilterRule
FNDA:12,onChange
FNDA:5,onChange
FNDA:2,onClick
DA:1,1
DA:2,1
DA:3,1
DA:4,1
DA:5,1
DA:6,1
DA:7,1
DA:8,1
DA:9,1
DA:10,1
DA:11,1
DA:12,1
DA:13,1
DA:14,1
DA:15,1
DA:16,1
DA:17,1
DA:18,1
DA:19,1
DA:20,1
DA:21,1
DA:22,1
DA:23,1
DA:24,1
DA:25,1
DA:26,1
DA:27,1
DA:28,1
DA:29,1
DA:30,1
DA:31,1
DA:32,1
DA:33,1
DA:34,1
DA:35,1
DA:36,1
DA:37,1
DA:38,1
DA:39,1
DA:40,1
DA:41,1
DA:42,1
DA:43,1
DA:44,1
DA:45,1
DA:46,1
DA:47,1
DA:48,1
DA:49,1
DA:50,1
DA:51,1
DA:52,1
DA:53,1
DA:54,1
DA:55,1
DA:56,1
DA:57,1
DA:58,1
DA:59,1
DA:60,1
DA:61,1
DA:62,1
DA:63,1
DA:64,1
DA:65,1
DA:66,1
DA:67,1
DA:68,1
DA:69,1
DA:70,1
DA:71,1
DA:72,1
DA:73,1
DA:74,1
DA:75,1
DA:76,1
DA:77,1
DA:78,1
DA:79,1
DA:80,1
DA:81,1
DA:82,1
DA:83,1
DA:84,1
DA:85,1
DA:86,1
DA:87,108
DA:88,108
DA:89,7
DA:90,7
DA:91,108
DA:92,108
DA:93,2
DA:94,2
DA:95,108
DA:96,108
DA:97,17
DA:98,17
DA:99,17
DA:100,17
DA:101,108
DA:102,108
DA:103,108
DA:104,108
DA:105,394
DA:106,394
DA:107,394
DA:108,394
DA:109,394
DA:110,394
DA:111,394
DA:112,394
DA:113,394
DA:114,12
DA:115,12
DA:116,12
DA:117,12
DA:118,12
DA:119,394
DA:120,394
DA:121,394
DA:122,394
DA:123,394
DA:124,394
DA:125,394
DA:126,394
DA:127,394
DA:128,394
DA:129,394
DA:130,394
DA:131,5
DA:132,394
DA:133,394
DA:134,394
DA:135,394
DA:136,394
DA:137,394
DA:138,394
DA:139,394
DA:140,394
DA:141,394
DA:142,394
DA:143,394
DA:144,394
DA:145,394
DA:146,108
DA:147,108
DA:148,108
DA:149,108
DA:150,108
DA:151,108
DA:152,108
DA:153,108
DA:154,108
DA:155,108
DA:156,108
DA:157,108
DA:158,108
DA:159,108
DA:160,108
DA:161,108
DA:162,108
DA:163,108
DA:164,108
DA:165,108
DA:166,108
DA:167,108
DA:168,108
DA:169,108
DA:170,108
DA:171,108
DA:172,108
DA:173,108
DA:174,108
DA:175,108
DA:176,108
DA:177,1
DA:178,1
LF:178
LH:178
BRDA:8,0,0,108
BRDA:12,1,0,394
BRDA:13,2,0,394
BRDA:14,3,0,394
BRDA:15,4,0,394
BRDA:16,5,0,394
BRDA:19,6,0,394
BRDA:26,7,0,394
BRDA:40,8,0,394
BRDA:42,9,0,394
BRDA:52,10,0,108
BRDA:53,11,0,108
BRDA:56,12,0,108
BRDA:62,13,0,108
BRDA:63,14,0,108
BRDA:64,15,0,108
BRDA:65,16,0,108
BRDA:66,17,0,108
BRDA:72,18,0,108
BRDA:73,19,0,108
BRDA:78,20,0,108
BRDA:83,21,0,108
BRDA:87,22,0,108
BRDA:88,23,0,7
BRDA:92,24,0,2
BRDA:93,25,0,3
BRDA:96,26,0,17
BRDA:104,27,0,394
BRDA:113,28,0,12
BRDA:130,29,0,5
BRDA:139,30,0,2
BRF:31
BRH:31
end_of_record
TN:
SF:src/components/GeneratedFiles.jsx
FN:13,GeneratedFiles.fileId.fileId
FN:14,GeneratedFiles.fileId.fileId
FN:15,GeneratedFiles.fileId.fileId
FN:20,GeneratedFiles.fileId.fileId
FN:30,GeneratedFiles.fileId.fileId
FN:31,GeneratedFiles.fileId.fileId
FN:32,GeneratedFiles.fileId.fileId
FN:33,GeneratedFiles.fileId.fileId
FN:54,GeneratedFiles.fileId.fileId
FN:60,GeneratedFiles
FN:75,loadFiles
FN:124,onClick
FN:144,onClick
FN:164,onClick
FN:184,onClick
FNF:15
FNH:12
FNDA:10,GeneratedFiles.fileId.fileId
FNDA:10,GeneratedFiles.fileId.fileId
FNDA:10,GeneratedFiles.fileId.fileId
FNDA:10,GeneratedFiles.fileId.fileId
FNDA:12,GeneratedFiles.fileId.fileId
FNDA:12,GeneratedFiles.fileId.fileId
FNDA:12,GeneratedFiles.fileId.fileId
FNDA:12,GeneratedFiles.fileId.fileId
FNDA:105,GeneratedFiles.fileId.fileId
FNDA:115,GeneratedFiles
FNDA:46,loadFiles
FNDA:4,onClick
FNDA:0,onClick
FNDA:0,onClick
FNDA:0,onClick
DA:1,1
DA:2,1
DA:3,1
DA:4,1
DA:5,1
DA:6,1
DA:7,1
DA:8,1
DA:9,1
DA:10,1
DA:11,1
DA:12,1
DA:13,1
DA:14,1
DA:15,1
DA:16,1
DA:17,1
DA:18,1
DA:19,1
DA:20,1
DA:21,1
DA:22,1
DA:23,1
DA:24,1
DA:25,1
DA:26,1
DA:27,1
DA:28,1
DA:29,1
DA:30,1
DA:31,1
DA:32,1
DA:33,1
DA:34,1
DA:35,1
DA:36,1
DA:37,1
DA:38,1
DA:39,1
DA:40,1
DA:41,1
DA:42,1
DA:43,1
DA:44,1
DA:45,1
DA:46,1
DA:47,1
DA:48,1
DA:49,1
DA:50,1
DA:51,1
DA:52,1
DA:53,1
DA:54,1
DA:55,1
DA:56,1
DA:57,1
DA:58,1
DA:59,1
DA:60,115
DA:61,115
DA:62,115
DA:63,115
DA:64,115
DA:65,115
DA:66,115
DA:67,115
DA:68,115
DA:69,115
DA:70,47
DA:71,46
DA:72,46
DA:73,115
DA:74,115
DA:75,115
DA:76,46
DA:77,46
DA:78,46
DA:79,46
DA:80,46
DA:81,46
DA:82,46
DA:83,40
DA:84,40
DA:85,46
DA:86,6
DA:87,46
DA:88,46
DA:89,46
DA:90,46
DA:91,115
DA:92,115
DA:93,47
DA:94,47
DA:95,68
DA:96,68
DA:97,68
DA:98,61
DA:99,60
DA:100,59
DA:101,115
DA:102,115
DA:103,58
DA:104,58
DA:105,58
DA:106,58
DA:107,58
DA:108,58
DA:109,58
DA:110,10
DA:111,10
DA:112,10
DA:113,10
DA:114,7
DA:115,7
DA:116,7
DA:117,8
DA:118,8
DA:119,8
DA:120,8
DA:121,8
DA:122,8
DA:123,8
DA:124,8
DA:125,8
DA:126,8
DA:127,8
DA:128,8
DA:129,7
DA:130,7
DA:131,115
DA:132,115
DA:133,115
DA:134,1
DA:135,1
DA:136,1
DA:137,2
DA:138,2
DA:139,2
DA:140,2
DA:141,2
DA:142,2
DA:143,2
DA:144,2
DA:145,2
DA:146,2
DA:147,2
DA:148,2
DA:149,1
DA:150,1
DA:151,115
DA:152,115
DA:153,115
DA:154,1
DA:155,1
DA:156,1
DA:157,1
DA:158,1
DA:159,1
DA:160,1
DA:161,1
DA:162,1
DA:163,1
DA:164,1
DA:165,1
DA:166,1
DA:167,1
DA:168,1
DA:169,1
DA:170,1
DA:171,115
DA:172,115
DA:173,115
DA:174,1
DA:175,1
DA:176,1
DA:177,1
DA:178,1
DA:179,1
DA:180,1
DA:181,1
DA:182,1
DA:183,1
DA:184,1
DA:185,1
DA:186,1
DA:187,1
DA:188,1
DA:189,1
DA:190,1
DA:191,115
DA:192,115
DA:193,115
DA:194,115
DA:195,1
DA:196,1
LF:196
LH:196
BRDA:9,0,0,10
BRDA:13,1,0,10
BRDA:14,2,0,10
BRDA:15,3,0,10
BRDA:16,4,0,10
BRDA:20,5,0,10
BRDA:21,6,0,10
BRDA:30,7,0,12
BRDA:31,8,0,12
BRDA:32,9,0,12
BRDA:33,10,0,12
BRDA:34,11,0,12
BRDA:38,12,0,12
BRDA:54,13,0,105
BRDA:56,14,0,105
BRDA:60,15,0,115
BRDA:92,16,0,99
BRDA:92,17,0,47
BRDA:94,18,0,68
BRDA:97,19,0,61
BRDA:98,20,0,60
BRDA:99,21,0,59
BRDA:102,22,0,58
BRDA:109,23,0,36
BRDA:109,24,0,10
BRDA:113,25,0,7
BRDA:133,26,0,1
BRDA:153,27,0,1
BRDA:173,28,0,1
BRDA:69,29,0,47
BRDA:70,30,0,46
BRDA:75,31,0,46
BRDA:82,32,0,40
BRDA:85,33,0,6
BRDA:116,34,0,8
BRDA:124,35,0,4
BRDA:136,36,0,2
BRDA:156,37,0,1
BRDA:176,38,0,1
BRF:39
BRH:39
end_of_record
TN:
SF:src/components/LandingPage.jsx
FN:4,LandingPage
FNF:1
FNH:1
FNDA:58,LandingPage
DA:1,1
DA:2,1
DA:3,1
DA:4,1
DA:5,58
DA:6,58
DA:7,58
DA:8,58
DA:9,58
DA:10,58
DA:11,58
DA:12,58
DA:13,58
DA:14,58
DA:15,58
DA:16,58
DA:17,58
DA:18,58
DA:19,58
DA:20,58
DA:21,58
DA:22,58
DA:23,58
DA:24,58
DA:25,58
DA:26,58
DA:27,58
DA:28,58
DA:29,58
DA:30,58
DA:31,58
DA:32,58
DA:33,58
DA:34,58
DA:35,58
DA:36,58
DA:37,58
DA:38,58
DA:39,58
DA:40,58
DA:41,58
DA:42,58
DA:43,58
DA:44,58
DA:45,58
DA:46,58
DA:47,58
DA:48,58
DA:49,58
DA:50,58
DA:51,58
DA:52,58
DA:53,58
DA:54,58
DA:55,58
DA:56,58
DA:57,58
DA:58,58
DA:59,58
DA:60,58
DA:61,58
DA:62,58
DA:63,58
DA:64,58
DA:65,58
DA:66,58
DA:67,58
DA:68,58
DA:69,58
DA:70,58
DA:71,58
DA:72,58
DA:73,58
DA:74,58
DA:75,58
DA:76,58
DA:77,58
DA:78,58
DA:79,58
DA:80,58
DA:81,58
DA:82,58
DA:83,58
DA:84,58
DA:85,58
DA:86,58
DA:87,58
DA:88,58
DA:89,58
DA:90,58
DA:91,58
DA:92,58
DA:93,58
DA:94,58
DA:95,58
DA:96,58
DA:97,58
DA:98,58
DA:99,58
DA:100,58
DA:101,58
DA:102,58
DA:103,58
DA:104,58
DA:105,58
DA:106,58
DA:107,58
DA:108,58
DA:109,58
DA:110,58
DA:111,58
DA:112,58
DA:113,58
DA:114,58
DA:115,58
DA:116,58
DA:117,58
DA:118,58
DA:119,58
DA:120,58
DA:121,58
DA:122,58
DA:123,58
DA:124,58
DA:125,58
DA:126,58
DA:127,58
DA:128,58
DA:129,58
DA:130,58
DA:131,58
DA:132,58
DA:133,58
DA:134,58
DA:135,58
DA:136,58
DA:137,58
DA:138,58
DA:139,58
DA:140,58
DA:141,58
DA:142,58
DA:143,58
DA:144,58
DA:145,58
DA:146,58
DA:147,58
DA:148,58
DA:149,58
DA:150,58
DA:151,58
DA:152,58
DA:153,58
DA:154,58
DA:155,58
DA:156,58
DA:157,58
DA:158,58
DA:159,58
DA:160,58
DA:161,58
DA:162,58
DA:163,58
DA:164,58
DA:165,58
DA:166,58
DA:167,58
DA:168,58
DA:169,58
DA:170,58
DA:171,58
DA:172,58
DA:173,58
DA:174,58
DA:175,58
DA:176,58
DA:177,58
DA:178,58
DA:179,58
DA:180,58
DA:181,58
DA:182,58
DA:183,58
DA:184,58
DA:185,58
DA:186,58
DA:187,58
DA:188,58
DA:189,58
DA:190,58
DA:191,58
DA:192,58
DA:193,58
DA:194,58
DA:195,58
DA:196,58
DA:197,58
DA:198,58
DA:199,58
DA:200,58
DA:201,58
DA:202,58
DA:203,58
DA:204,58
DA:205,58
DA:206,58
DA:207,58
DA:208,58
DA:209,58
DA:210,58
DA:211,58
DA:212,58
DA:213,58
DA:214,58
DA:215,58
DA:216,58
DA:217,58
DA:218,58
DA:219,58
DA:220,58
DA:221,58
DA:222,58
DA:223,58
DA:224,58
DA:225,58
DA:226,58
DA:227,58
DA:228,58
DA:229,58
DA:230,58
DA:231,58
DA:232,58
DA:233,58
DA:234,58
DA:235,58
DA:236,58
DA:237,58
DA:238,58
DA:239,58
DA:240,58
DA:241,58
DA:242,58
DA:243,58
DA:244,58
DA:245,58
DA:246,58
DA:247,58
DA:248,58
DA:249,58
DA:250,58
DA:251,58
DA:252,58
DA:253,58
DA:254,58
DA:255,58
DA:256,58
DA:257,58
DA:258,58
DA:259,58
DA:260,58
DA:261,58
DA:262,58
DA:263,58
DA:264,58
DA:265,58
DA:266,58
DA:267,58
DA:268,58
DA:269,58
DA:270,58
DA:271,58
DA:272,58
DA:273,58
DA:274,58
DA:275,58
DA:276,58
DA:277,58
DA:278,58
DA:279,58
DA:280,58
DA:281,58
DA:282,58
DA:283,58
DA:284,58
DA:285,58
DA:286,58
DA:287,58
DA:288,58
DA:289,58
DA:290,58
DA:291,58
DA:292,58
DA:293,58
DA:294,58
DA:295,58
DA:296,58
DA:297,58
DA:298,58
DA:299,58
DA:300,58
DA:301,58
DA:302,58
DA:303,58
DA:304,58
DA:305,58
DA:306,58
DA:307,58
DA:308,58
DA:309,58
DA:310,58
DA:311,58
DA:312,58
DA:313,58
DA:314,58
DA:315,58
DA:316,58
DA:317,58
DA:318,58
DA:319,58
DA:320,58
DA:321,58
DA:322,58
DA:323,58
DA:324,58
DA:325,58
DA:326,58
DA:327,58
DA:328,58
DA:329,58
DA:330,58
DA:331,58
DA:332,58
DA:333,58
DA:334,58
DA:335,58
DA:336,58
DA:337,58
DA:338,58
DA:339,58
DA:340,58
DA:341,58
DA:342,58
DA:343,58
DA:344,58
DA:345,58
DA:346,58
DA:347,58
DA:348,58
DA:349,58
DA:350,58
DA:351,58
DA:352,58
DA:353,58
DA:354,58
DA:355,58
DA:356,58
DA:357,58
DA:358,58
DA:359,58
DA:360,58
DA:361,58
DA:362,58
DA:363,58
DA:364,58
DA:365,58
DA:366,58
DA:367,58
DA:368,58
DA:369,58
DA:370,58
DA:371,58
DA:372,58
DA:373,58
DA:374,58
DA:375,58
DA:376,58
DA:377,58
DA:378,58
DA:379,58
DA:380,58
DA:381,58
DA:382,58
DA:383,58
DA:384,58
DA:385,58
DA:386,58
DA:387,58
DA:388,58
DA:389,58
DA:390,58
DA:391,58
DA:392,58
DA:393,58
DA:394,58
DA:395,58
DA:396,58
DA:397,58
DA:398,58
DA:399,58
DA:400,58
DA:401,58
DA:402,58
DA:403,58
DA:404,58
DA:405,58
DA:406,58
DA:407,58
DA:408,58
DA:409,58
DA:410,58
DA:411,58
DA:412,58
DA:413,58
DA:414,58
DA:415,58
DA:416,58
DA:417,58
DA:418,58
DA:419,58
DA:420,1
DA:421,1
LF:421
LH:421
BRDA:4,0,0,58
BRF:1
BRH:1
end_of_record
TN:
SF:src/components/ProcessingHistory.jsx
FN:13,ProcessingHistory.fileId.fileId
FN:14,ProcessingHistory.fileId.fileId
FN:15,ProcessingHistory.fileId.fileId
FN:16,ProcessingHistory.fileId.fileId
FN:17,ProcessingHistory.fileId.fileId
FN:33,ProcessingHistory.fileId.fileId
FN:42,ProcessingHistory.fileId.fileId
FN:48,ProcessingHistory.fileId.fileId
FN:57,ProcessingHistory.fileId.fileId
FN:62,ProcessingHistory.fileId.fileId
FN:63,ProcessingHistory.fileId.fileId
FN:64,ProcessingHistory.fileId.fileId
FN:65,ProcessingHistory.fileId.fileId
FN:72,ProcessingHistory.fileId.fileId
FN:79,ProcessingHistory.fileId.fileId
FN:80,ProcessingHistory.fileId.fileId
FN:81,ProcessingHistory.fileId.fileId
FN:84,ProcessingHistory.fileId.fileId
FN:96,ProcessingHistory
FN:113,loadHistory
FN:132,formatDate
FN:144,handleDeleteItem
FN:163,handleClearHistory
FN:235,onClick
FN:299,onClick
FNF:25
FNH:25
FNDA:26,ProcessingHistory.fileId.fileId
FNDA:26,ProcessingHistory.fileId.fileId
FNDA:26,ProcessingHistory.fileId.fileId
FNDA:26,ProcessingHistory.fileId.fileId
FNDA:26,ProcessingHistory.fileId.fileId
FNDA:26,ProcessingHistory.fileId.fileId
FNDA:26,ProcessingHistory.fileId.fileId
FNDA:30,ProcessingHistory.fileId.fileId
FNDA:4,ProcessingHistory.fileId.fileId
FNDA:9,ProcessingHistory.fileId.fileId
FNDA:9,ProcessingHistory.fileId.fileId
FNDA:9,ProcessingHistory.fileId.fileId
FNDA:9,ProcessingHistory.fileId.fileId
FNDA:107,ProcessingHistory.fileId.fileId
FNDA:26,ProcessingHistory.fileId.fileId
FNDA:26,ProcessingHistory.fileId.fileId
FNDA:26,ProcessingHistory.fileId.fileId
FNDA:26,ProcessingHistory.fileId.fileId
FNDA:130,ProcessingHistory
FNDA:54,loadHistory
FNDA:26,formatDate
FNDA:3,handleDeleteItem
FNDA:3,handleClearHistory
FNDA:3,onClick
FNDA:2,onClick
DA:1,1
DA:2,1
DA:3,1
DA:4,1
DA:5,1
DA:6,1
DA:7,1
DA:8,1
DA:9,1
DA:10,1
DA:11,1
DA:12,1
DA:13,1
DA:14,1
DA:15,1
DA:16,1
DA:17,1
DA:18,1
DA:19,1
DA:20,1
DA:21,1
DA:22,1
DA:23,1
DA:24,1
DA:25,1
DA:26,1
DA:27,1
DA:28,1
DA:29,1
DA:30,1
DA:31,1
DA:32,1
DA:33,1
DA:34,1
DA:35,1
DA:36,1
DA:37,1
DA:38,1
DA:39,1
DA:40,1
DA:41,1
DA:42,1
DA:43,1
DA:44,1
DA:45,1
DA:46,1
DA:47,1
DA:48,1
DA:49,1
DA:50,1
DA:51,1
DA:52,1
DA:53,1
DA:54,1
DA:55,1
DA:56,1
DA:57,1
DA:58,1
DA:59,1
DA:60,1
DA:61,1
DA:62,1
DA:63,1
DA:64,1
DA:65,1
DA:66,1
DA:67,1
DA:68,1
DA:69,1
DA:70,1
DA:71,1
DA:72,1
DA:73,1
DA:74,1
DA:75,1
DA:76,1
DA:77,1
DA:78,1
DA:79,1
DA:80,1
DA:81,1
DA:82,1
DA:83,1
DA:84,1
DA:85,26
DA:86,23
DA:87,2
DA:88,2
DA:89,1
DA:90,26
DA:91,23
DA:92,2
DA:93,2
DA:94,1
DA:95,1
DA:96,130
DA:97,130
DA:98,130
DA:99,130
DA:100,130
DA:101,130
DA:102,130
DA:103,130
DA:104,130
DA:105,130
DA:106,130
DA:107,130
DA:108,55
DA:109,54
DA:110,54
DA:111,130
DA:112,130
DA:113,130
DA:114,54
DA:115,54
DA:116,54
DA:117,54
DA:118,54
DA:119,54
DA:120,54
DA:121,54
DA:122,53
DA:123,54
DA:124,54
DA:125,1
DA:126,1
DA:127,54
DA:128,54
DA:129,54
DA:130,54
DA:131,130
DA:132,130
DA:133,26
DA:134,26
DA:135,26
DA:136,26
DA:137,26
DA:138,26
DA:139,26
DA:140,26
DA:141,26
DA:142,26
DA:143,130
DA:144,130
DA:145,3
DA:146,1
DA:147,1
DA:148,2
DA:149,2
DA:150,2
DA:151,2
DA:152,2
DA:153,2
DA:154,1
DA:155,1
DA:156,1
DA:157,1
DA:158,1
DA:159,1
DA:160,1
DA:161,3
DA:162,130
DA:163,130
DA:164,3
DA:165,1
DA:166,1
DA:167,2
DA:168,2
DA:169,2
DA:170,2
DA:171,2
DA:172,2
DA:173,1
DA:174,1
DA:175,1
DA:176,1
DA:177,1
DA:178,1
DA:179,1
DA:180,3
DA:181,130
DA:182,130
DA:183,55
DA:184,55
DA:185,55
DA:186,55
DA:187,55
DA:188,55
DA:189,75
DA:190,130
DA:191,1
DA:192,1
DA:193,1
DA:194,1
DA:195,1
DA:196,1
DA:197,74
DA:198,130
DA:199,51
DA:200,51
DA:201,51
DA:202,51
DA:203,51
DA:204,51
DA:205,51
DA:206,51
DA:207,23
DA:208,23
DA:209,23
DA:210,130
DA:211,4
DA:212,4
DA:213,4
DA:214,4
DA:215,4
DA:216,4
DA:217,4
DA:218,4
DA:219,4
DA:220,4
DA:221,130
DA:222,130
DA:223,26
DA:224,26
DA:225,26
DA:226,26
DA:227,26
DA:228,26
DA:229,22
DA:230,4
DA:231,2
DA:232,2
DA:233,26
DA:234,26
DA:235,26
DA:236,26
DA:237,26
DA:238,26
DA:239,26
DA:240,26
DA:241,26
DA:242,26
DA:243,26
DA:244,26
DA:245,26
DA:246,26
DA:247,26
DA:248,26
DA:249,26
DA:250,26
DA:251,26
DA:252,26
DA:253,26
DA:254,26
DA:255,26
DA:256,22
DA:257,22
DA:258,22
DA:259,22
DA:260,3
DA:261,3
DA:262,3
DA:263,19
DA:264,19
DA:265,22
DA:266,22
DA:267,22
DA:268,22
DA:269,4
DA:270,4
DA:271,4
DA:272,4
DA:273,9
DA:274,9
DA:275,9
DA:276,4
DA:277,4
DA:278,4
DA:279,22
DA:280,22
DA:281,22
DA:282,2
DA:283,2
DA:284,2
DA:285,22
DA:286,22
DA:287,26
DA:288,26
DA:289,26
DA:290,2
DA:291,2
DA:292,2
DA:293,26
DA:294,26
DA:295,26
DA:296,26
DA:297,3
DA:298,3
DA:299,3
DA:300,2
DA:301,3
DA:302,3
DA:303,3
DA:304,3
DA:305,3
DA:306,26
DA:307,26
DA:308,130
DA:309,130
DA:310,130
DA:311,130
DA:312,1
DA:313,1
LF:313
LH:313
BRDA:9,0,0,130
BRDA:13,1,0,26
BRDA:14,2,0,26
BRDA:15,3,0,26
BRDA:16,4,0,26
BRDA:17,5,0,26
BRDA:20,6,0,26
BRDA:28,7,0,26
BRDA:33,8,0,26
BRDA:36,9,0,26
BRDA:42,10,0,26
BRDA:43,11,0,26
BRDA:48,12,0,30
BRDA:51,13,0,30
BRDA:57,14,0,4
BRDA:58,15,0,4
BRDA:62,16,0,9
BRDA:63,17,0,9
BRDA:64,18,0,9
BRDA:65,19,0,9
BRDA:66,20,0,9
BRDA:72,21,0,107
BRDA:74,22,0,107
BRDA:79,23,0,26
BRDA:80,24,0,26
BRDA:81,25,0,26
BRDA:84,26,0,26
BRDA:85,27,0,22
BRDA:85,28,0,23
BRDA:85,29,0,4
BRDA:86,30,0,2
BRDA:89,31,0,26
BRDA:90,32,0,22
BRDA:90,33,0,23
BRDA:90,34,0,4
BRDA:91,35,0,2
BRDA:96,36,0,130
BRDA:182,37,0,55
BRDA:188,38,0,75
BRDA:190,39,0,1
BRDA:196,40,0,74
BRDA:198,41,0,51
BRDA:206,42,0,23
BRDA:210,43,0,4
BRDA:210,44,0,4
BRDA:107,45,0,55
BRDA:108,46,0,54
BRDA:113,47,0,54
BRDA:121,48,0,53
BRDA:123,49,0,0
BRDA:124,50,0,1
BRDA:132,51,0,26
BRDA:144,52,0,3
BRDA:145,53,0,1
BRDA:147,54,0,2
BRDA:153,55,0,1
BRDA:159,56,0,0
BRDA:156,57,0,1
BRDA:163,58,0,3
BRDA:164,59,0,1
BRDA:166,60,0,2
BRDA:172,61,0,1
BRDA:178,62,0,0
BRDA:222,63,0,26
BRDA:228,64,0,22
BRDA:229,65,0,4
BRDA:230,66,0,2
BRDA:231,67,0,2
BRDA:255,68,0,22
BRDA:259,69,0,3
BRDA:262,70,0,19
BRDA:268,71,0,5
BRDA:268,72,0,4
BRDA:281,73,0,2
BRDA:289,74,0,2
BRDA:296,75,0,22
BRDA:296,76,0,3
BRDA:235,77,0,3
BRDA:272,78,0,9
BRDA:299,79,0,2
BRF:80
BRH:77
end_of_record
TN:
SF:src/styled/AuthComponents.js
FN:11,Object.defineProperty.enumerable
FN:67,Object.defineProperty.enumerable
FN:74,Object.defineProperty.enumerable
FN:83,Object.defineProperty.enumerable
FN:84,Object.defineProperty.enumerable
FN:94,Object.defineProperty.enumerable
FN:111,Object.defineProperty.enumerable
FN:112,Object.defineProperty.enumerable
FN:113,Object.defineProperty.enumerable
FN:132,Object.defineProperty.enumerable
FN:137,Object.defineProperty.enumerable
FN:140,Object.defineProperty.enumerable
FN:141,Object.defineProperty.enumerable
FN:142,Object.defineProperty.enumerable
FNF:14
FNH:9
FNDA:365,Object.defineProperty.enumerable
FNDA:365,Object.defineProperty.enumerable
FNDA:365,Object.defineProperty.enumerable
FNDA:366,Object.defineProperty.enumerable
FNDA:366,Object.defineProperty.enumerable
FNDA:365,Object.defineProperty.enumerable
FNDA:12,Object.defineProperty.enumerable
FNDA:12,Object.defineProperty.enumerable
FNDA:12,Object.defineProperty.enumerable
FNDA:0,Object.defineProperty.enumerable
FNDA:0,Object.defineProperty.enumerable
FNDA:0,Object.defineProperty.enumerable
FNDA:0,Object.defineProperty.enumerable
FNDA:0,Object.defineProperty.enumerable
DA:1,1
DA:2,1
DA:3,1
DA:4,1
DA:5,1
DA:6,1
DA:7,1
DA:8,1
DA:9,1
DA:10,1
DA:11,1
DA:12,1
DA:13,1
DA:14,1
DA:15,1
DA:16,1
DA:17,1
DA:18,1
DA:19,1
DA:20,1
DA:21,1
DA:22,1
DA:23,1
DA:24,1
DA:25,1
DA:26,1
DA:27,1
DA:28,1
DA:29,1
DA:30,1
DA:31,1
DA:32,1
DA:33,1
DA:34,1
DA:35,1
DA:36,1
DA:37,1
DA:38,1
DA:39,1
DA:40,1
DA:41,1
DA:42,1
DA:43,1
DA:44,1
DA:45,1
DA:46,1
DA:47,1
DA:48,1
DA:49,1
DA:50,1
DA:51,1
DA:52,1
DA:53,1
DA:54,1
DA:55,1
DA:56,1
DA:57,1
DA:58,1
DA:59,1
DA:60,1
DA:61,1
DA:62,1
DA:63,1
DA:64,1
DA:65,1
DA:66,1
DA:67,1
DA:68,1
DA:69,1
DA:70,1
DA:71,1
DA:72,1
DA:73,1
DA:74,1
DA:75,1
DA:76,1
DA:77,1
DA:78,1
DA:79,1
DA:80,1
DA:81,1
DA:82,1
DA:83,1
DA:84,1
DA:85,1
DA:86,1
DA:87,1
DA:88,1
DA:89,1
DA:90,1
DA:91,1
DA:92,1
DA:93,1
DA:94,1
DA:95,1
DA:96,1
DA:97,1
DA:98,1
DA:99,1
DA:100,1
DA:101,1
DA:102,1
DA:103,1
DA:104,1
DA:105,1
DA:106,1
DA:107,1
DA:108,1
DA:109,1
DA:110,1
DA:111,1
DA:112,1
DA:113,1
DA:114,1
DA:115,1
DA:116,1
DA:117,1
DA:118,1
DA:119,1
DA:120,1
DA:121,1
DA:122,1
DA:123,1
DA:124,1
DA:125,1
DA:126,1
DA:127,1
DA:128,1
DA:129,1
DA:130,1
DA:131,1
DA:132,1
DA:133,1
DA:134,1
DA:135,1
DA:136,1
DA:137,1
DA:138,1
DA:139,1
DA:140,1
DA:141,1
DA:142,1
DA:143,1
DA:144,1
DA:145,1
DA:146,1
DA:147,1
LF:147
LH:147
BRDA:11,0,0,365
BRDA:27,1,0,365
BRDA:67,2,0,365
BRDA:74,3,0,365
BRDA:75,4,0,365
BRDA:83,5,0,366
BRDA:84,6,0,366
BRDA:85,7,0,366
BRDA:94,8,0,365
BRDA:95,9,0,365
BRDA:106,10,0,869
BRDA:111,11,0,12
BRDA:112,12,0,12
BRDA:113,13,0,12
BRDA:117,14,0,12
BRDA:123,15,0,245
BRF:16
BRH:16
end_of_record
TN:
SF:src/styled/BaseComponents.js
FN:7,Object.defineProperty.enumerable
FN:18,Object.defineProperty.enumerable
FN:26,Object.defineProperty.enumerable
FN:27,Object.defineProperty.enumerable
FN:28,Object.defineProperty.enumerable
FN:30,Object.defineProperty.enumerable
FN:33,Object.defineProperty.enumerable
FN:46,Object.defineProperty.enumerable
FN:53,Object.defineProperty.enumerable
FN:68,Object.defineProperty.enumerable
FN:80,Object.defineProperty.enumerable
FN:90,Object.defineProperty.enumerable
FN:114,Object.defineProperty.enumerable
FN:114,Object.defineProperty.enumerable
FN:115,Object.defineProperty.enumerable
FN:116,Object.defineProperty.enumerable
FN:118,Object.defineProperty.enumerable
FN:119,Object.defineProperty.enumerable
FN:120,Object.defineProperty.enumerable
FN:124,Object.defineProperty.enumerable
FN:125,Object.defineProperty.enumerable
FN:126,Object.defineProperty.enumerable
FN:130,Object.defineProperty.enumerable
FN:142,Object.defineProperty.enumerable
FN:149,Object.defineProperty.enumerable
FN:150,Object.defineProperty.enumerable
FN:151,Object.defineProperty.enumerable
FN:153,Object.defineProperty.enumerable
FNF:28
FNH:28
FNDA:165,Object.defineProperty.enumerable
FNDA:179,Object.defineProperty.enumerable
FNDA:2462,Object.defineProperty.enumerable
FNDA:2462,Object.defineProperty.enumerable
FNDA:2462,Object.defineProperty.enumerable
FNDA:2462,Object.defineProperty.enumerable
FNDA:2462,Object.defineProperty.enumerable
FNDA:2462,Object.defineProperty.enumerable
FNDA:2462,Object.defineProperty.enumerable
FNDA:2462,Object.defineProperty.enumerable
FNDA:2462,Object.defineProperty.enumerable
FNDA:2462,Object.defineProperty.enumerable
FNDA:1668,Object.defineProperty.enumerable
FNDA:1668,Object.defineProperty.enumerable
FNDA:1668,Object.defineProperty.enumerable
FNDA:1668,Object.defineProperty.enumerable
FNDA:1668,Object.defineProperty.enumerable
FNDA:1668,Object.defineProperty.enumerable
FNDA:1668,Object.defineProperty.enumerable
FNDA:1668,Object.defineProperty.enumerable
FNDA:1668,Object.defineProperty.enumerable
FNDA:1668,Object.defineProperty.enumerable
FNDA:1668,Object.defineProperty.enumerable
FNDA:1660,Object.defineProperty.enumerable
FNDA:373,Object.defineProperty.enumerable
FNDA:373,Object.defineProperty.enumerable
FNDA:373,Object.defineProperty.enumerable
FNDA:373,Object.defineProperty.enumerable
DA:1,1
DA:2,1
DA:3,1
DA:4,1
DA:5,1
DA:6,1
DA:7,1
DA:8,1
DA:9,1
DA:10,1
DA:11,1
DA:12,1
DA:13,1
DA:14,1
DA:15,1
DA:16,1
DA:17,1
DA:18,1
DA:19,1
DA:20,1
DA:21,1
DA:22,1
DA:23,1
DA:24,1
DA:25,1
DA:26,1
DA:27,1
DA:28,1
DA:29,1
DA:30,1
DA:31,1
DA:32,1
DA:33,1
DA:34,1
DA:35,1
DA:36,1
DA:37,1
DA:38,1
DA:39,1
DA:40,1
DA:41,1
DA:42,1
DA:43,1
DA:44,1
DA:45,1
DA:46,1
DA:47,1
DA:48,1
DA:49,1
DA:50,1
DA:51,1
DA:52,1
DA:53,1
DA:54,597
DA:55,597
DA:56,597
DA:57,597
DA:58,597
DA:59,597
DA:60,597
DA:61,597
DA:62,597
DA:63,597
DA:64,597
DA:65,597
DA:66,1
DA:67,1
DA:68,1
DA:69,96
DA:70,96
DA:71,96
DA:72,96
DA:73,96
DA:74,96
DA:75,96
DA:76,96
DA:77,96
DA:78,1
DA:79,1
DA:80,1
DA:81,937
DA:82,937
DA:83,937
DA:84,937
DA:85,937
DA:86,937
DA:87,937
DA:88,1
DA:89,1
DA:90,1
DA:91,823
DA:92,823
DA:93,823
DA:94,823
DA:95,823
DA:96,823
DA:97,823
DA:98,1
DA:99,1
DA:100,1
DA:101,1
DA:102,1
DA:103,1
DA:104,1
DA:105,1
DA:106,1
DA:107,1
DA:108,1
DA:109,1
DA:110,1
DA:111,1
DA:112,1
DA:113,1
DA:114,1
DA:115,1
DA:116,1
DA:117,1
DA:118,1
DA:119,1
DA:120,1
DA:121,1
DA:122,1
DA:123,1
DA:124,1
DA:125,1
DA:126,1
DA:127,1
DA:128,1
DA:129,1
DA:130,1
DA:131,1
DA:132,1
DA:133,1
DA:134,1
DA:135,1
DA:136,1
DA:137,1
DA:138,1
DA:139,1
DA:140,1
DA:141,1
DA:142,1
DA:143,1
DA:144,1
DA:145,1
DA:146,1
DA:147,1
DA:148,1
DA:149,1
DA:150,1
DA:151,1
DA:152,1
DA:153,1
DA:154,1
DA:155,1
DA:156,1
DA:157,1
DA:158,1
DA:159,1
DA:160,1
DA:161,1
DA:162,1
DA:163,1
DA:164,1
DA:165,1
DA:166,1
DA:167,1
DA:168,1
DA:169,1
DA:170,1
DA:171,1
DA:172,1
DA:173,1
DA:174,1
DA:175,1
DA:176,1
LF:176
LH:176
BRDA:7,0,0,165
BRDA:8,1,0,165
BRDA:18,2,0,179
BRDA:19,3,0,179
BRDA:26,4,0,2462
BRDA:26,5,0,1025
BRDA:26,6,0,1437
BRDA:27,7,0,2462
BRDA:27,8,0,1025
BRDA:27,9,0,1437
BRDA:28,10,0,2462
BRDA:28,11,0,1025
BRDA:28,12,0,1437
BRDA:30,13,0,2462
BRDA:33,14,0,2462
BRDA:46,15,0,2462
BRDA:53,16,0,2462
BRDA:53,17,0,597
BRDA:68,18,0,2462
BRDA:68,19,0,96
BRDA:80,20,0,2462
BRDA:80,21,0,937
BRDA:90,22,0,2462
BRDA:90,23,0,823
BRDA:108,24,0,2462
BRDA:114,25,0,1668
BRDA:114,26,0,1668
BRDA:115,27,0,1668
BRDA:116,28,0,1668
BRDA:118,29,0,1668
BRDA:119,30,0,1668
BRDA:120,31,0,1668
BRDA:124,32,0,1668
BRDA:125,33,0,1668
BRDA:126,34,0,1668
BRDA:130,35,0,1668
BRDA:134,36,0,1668
BRDA:142,37,0,1660
BRDA:143,38,0,1660
BRDA:149,39,0,373
BRDA:150,40,0,373
BRDA:151,41,0,373
BRDA:153,42,0,373
BRDA:166,43,0,373
BRF:44
BRH:44
end_of_record
TN:
SF:src/styled/CardComponents.js
FN:4,Object.defineProperty.enumerable
FN:5,Object.defineProperty.enumerable
FN:6,Object.defineProperty.enumerable
FN:8,Object.defineProperty.enumerable
FN:18,Object.defineProperty.enumerable
FN:26,Object.defineProperty.enumerable
FN:41,Object.defineProperty.enumerable
FN:42,Object.defineProperty.enumerable
FNF:8
FNH:8
FNDA:1544,Object.defineProperty.enumerable
FNDA:1544,Object.defineProperty.enumerable
FNDA:1544,Object.defineProperty.enumerable
FNDA:1544,Object.defineProperty.enumerable
FNDA:1543,Object.defineProperty.enumerable
FNDA:1544,Object.defineProperty.enumerable
FNDA:599,Object.defineProperty.enumerable
FNDA:599,Object.defineProperty.enumerable
DA:1,1
DA:2,1
DA:3,1
DA:4,1
DA:5,1
DA:6,1
DA:7,1
DA:8,1
DA:9,1
DA:10,1
DA:11,1
DA:12,1
DA:13,1
DA:14,1
DA:15,1
DA:16,1
DA:17,1
DA:18,1
DA:19,1
DA:20,1
DA:21,1
DA:22,1
DA:23,1
DA:24,1
DA:25,1
DA:26,1
DA:27,1
DA:28,1
DA:29,1
DA:30,1
DA:31,1
DA:32,1
DA:33,1
DA:34,1
DA:35,1
DA:36,1
DA:37,1
DA:38,1
DA:39,1
DA:40,1
DA:41,1
DA:42,1
DA:43,1
DA:44,1
DA:45,1
DA:46,1
DA:47,1
DA:48,1
DA:49,1
LF:49
LH:49
BRDA:4,0,0,1544
BRDA:5,1,0,1544
BRDA:6,2,0,1544
BRDA:8,3,0,1544
BRDA:9,4,0,1544
BRDA:18,5,0,1543
BRDA:19,6,0,1543
BRDA:26,7,0,1544
BRDA:27,8,0,1544
BRDA:31,9,0,1523
BRDA:36,10,0,1293
BRDA:41,11,0,599
BRDA:42,12,0,599
BRDA:46,13,0,599
BRF:14
BRH:14
end_of_record
TN:
SF:src/styled/DashboardComponents.js
FN:5,Object.defineProperty.enumerable
FN:7,Object.defineProperty.enumerable
FN:17,Object.defineProperty.enumerable
FNF:3
FNH:3
FNDA:431,Object.defineProperty.enumerable
FNDA:431,Object.defineProperty.enumerable
FNDA:431,Object.defineProperty.enumerable
DA:1,1
DA:2,1
DA:3,1
DA:4,1
DA:5,1
DA:6,1
DA:7,1
DA:8,1
DA:9,1
DA:10,1
DA:11,1
DA:12,1
DA:13,1
DA:14,1
DA:15,1
DA:16,1
DA:17,1
DA:18,1
DA:19,1
DA:20,1
DA:21,1
DA:22,1
DA:23,1
DA:24,1
DA:25,1
DA:26,1
DA:27,1
DA:28,1
DA:29,1
DA:30,1
DA:31,1
DA:32,1
DA:33,1
DA:34,1
DA:35,1
DA:36,1
DA:37,1
DA:38,1
DA:39,1
DA:40,1
DA:41,1
DA:42,1
DA:43,1
DA:44,1
DA:45,1
DA:46,1
DA:47,1
DA:48,1
DA:49,1
DA:50,1
DA:51,1
DA:52,1
DA:53,1
DA:54,1
DA:55,1
DA:56,1
DA:57,1
DA:58,1
DA:59,1
DA:60,1
DA:61,1
DA:62,1
DA:63,1
DA:64,1
DA:65,1
DA:66,1
DA:67,1
DA:68,1
DA:69,1
DA:70,1
DA:71,1
DA:72,1
DA:73,1
DA:74,1
DA:75,1
DA:76,1
DA:77,1
DA:78,1
DA:79,1
DA:80,1
DA:81,1
DA:82,1
DA:83,1
LF:83
LH:83
BRDA:5,0,0,431
BRDA:7,1,0,431
BRDA:8,2,0,431
BRDA:17,3,0,431
BRDA:24,4,0,431
BRDA:31,5,0,432
BRDA:40,6,0,431
BRDA:44,7,0,432
BRDA:52,8,0,432
BRDA:64,9,0,431
BRDA:76,10,0,431
BRDA:82,11,0,431
BRF:12
BRH:12
end_of_record
TN:
SF:src/styled/FileComponents.js
FN:10,Object.defineProperty.enumerable
FN:11,Object.defineProperty.enumerable
FN:15,Object.defineProperty.enumerable
FN:20,Object.defineProperty.enumerable
FN:24,Object.defineProperty.enumerable
FN:25,Object.defineProperty.enumerable
FN:28,Object.defineProperty.enumerable
FN:29,Object.defineProperty.enumerable
FN:34,Object.defineProperty.enumerable
FN:53,Object.defineProperty.enumerable
FN:54,Object.defineProperty.enumerable
FN:58,Object.defineProperty.enumerable
FN:67,Object.defineProperty.enumerable
FN:81,Object.defineProperty.enumerable
FN:82,Object.defineProperty.enumerable
FN:99,Object.defineProperty.enumerable
FN:100,Object.defineProperty.enumerable
FN:102,Object.defineProperty.enumerable
FN:113,Object.defineProperty.enumerable
FN:114,Object.defineProperty.enumerable
FN:115,Object.defineProperty.enumerable
FN:118,Object.defineProperty.enumerable
FN:119,Object.defineProperty.enumerable
FNF:23
FNH:23
FNDA:363,Object.defineProperty.enumerable
FNDA:363,Object.defineProperty.enumerable
FNDA:363,Object.defineProperty.enumerable
FNDA:363,Object.defineProperty.enumerable
FNDA:363,Object.defineProperty.enumerable
FNDA:363,Object.defineProperty.enumerable
FNDA:363,Object.defineProperty.enumerable
FNDA:363,Object.defineProperty.enumerable
FNDA:363,Object.defineProperty.enumerable
FNDA:363,Object.defineProperty.enumerable
FNDA:363,Object.defineProperty.enumerable
FNDA:363,Object.defineProperty.enumerable
FNDA:362,Object.defineProperty.enumerable
FNDA:362,Object.defineProperty.enumerable
FNDA:362,Object.defineProperty.enumerable
FNDA:362,Object.defineProperty.enumerable
FNDA:362,Object.defineProperty.enumerable
FNDA:362,Object.defineProperty.enumerable
FNDA:262,Object.defineProperty.enumerable
FNDA:262,Object.defineProperty.enumerable
FNDA:262,Object.defineProperty.enumerable
FNDA:262,Object.defineProperty.enumerable
FNDA:262,Object.defineProperty.enumerable
DA:1,1
DA:2,1
DA:3,1
DA:4,1
DA:5,1
DA:6,1
DA:7,1
DA:8,1
DA:9,1
DA:10,1
DA:11,1
DA:12,363
DA:13,363
DA:14,1
DA:15,1
DA:16,1
DA:17,1
DA:18,1
DA:19,1
DA:20,1
DA:21,363
DA:22,363
DA:23,1
DA:24,1
DA:25,1
DA:26,1
DA:27,1
DA:28,1
DA:29,1
DA:30,363
DA:31,363
DA:32,1
DA:33,1
DA:34,1
DA:35,1
DA:36,1
DA:37,1
DA:38,1
DA:39,1
DA:40,1
DA:41,1
DA:42,1
DA:43,1
DA:44,1
DA:45,1
DA:46,1
DA:47,1
DA:48,1
DA:49,1
DA:50,1
DA:51,1
DA:52,1
DA:53,1
DA:54,1
DA:55,1
DA:56,1
DA:57,1
DA:58,1
DA:59,1
DA:60,1
DA:61,1
DA:62,1
DA:63,1
DA:64,1
DA:65,1
DA:66,1
DA:67,1
DA:68,1
DA:69,1
DA:70,1
DA:71,1
DA:72,1
DA:73,1
DA:74,1
DA:75,1
DA:76,1
DA:77,1
DA:78,1
DA:79,1
DA:80,1
DA:81,1
DA:82,1
DA:83,1
DA:84,1
DA:85,1
DA:86,1
DA:87,1
DA:88,1
DA:89,1
DA:90,1
DA:91,1
DA:92,1
DA:93,1
DA:94,1
DA:95,1
DA:96,1
DA:97,1
DA:98,1
DA:99,1
DA:100,1
DA:101,1
DA:102,1
DA:103,1
DA:104,1
DA:105,1
DA:106,1
DA:107,1
DA:108,1
DA:109,1
DA:110,1
DA:111,1
DA:112,1
DA:113,1
DA:114,1
DA:115,1
DA:116,1
DA:117,1
DA:118,1
DA:119,1
DA:120,1
DA:121,1
LF:121
LH:121
BRDA:6,0,0,181
BRDA:10,1,0,363
BRDA:11,2,0,363
BRDA:13,3,0,83
BRDA:14,4,0,280
BRDA:15,5,0,363
BRDA:20,6,0,363
BRDA:22,7,0,83
BRDA:23,8,0,280
BRDA:24,9,0,363
BRDA:25,10,0,363
BRDA:25,11,0,359
BRDA:25,12,0,4
BRDA:28,13,0,363
BRDA:29,14,0,363
BRDA:31,15,0,83
BRDA:32,16,0,280
BRDA:34,17,0,363
BRDA:40,18,0,363
BRDA:47,19,0,361
BRDA:53,20,0,363
BRDA:54,21,0,363
BRDA:58,22,0,363
BRDA:61,23,0,363
BRDA:67,24,0,362
BRDA:68,25,0,362
BRDA:75,26,0,363
BRDA:81,27,0,362
BRDA:82,28,0,362
BRDA:99,29,0,362
BRDA:100,30,0,362
BRDA:102,31,0,362
BRDA:106,32,0,362
BRDA:113,33,0,262
BRDA:114,34,0,262
BRDA:115,35,0,262
BRDA:118,36,0,262
BRDA:119,37,0,262
BRDA:120,38,0,262
BRF:39
BRH:39
end_of_record
TN:
SF:src/styled/ProcessingComponents.js
FN:10,Object.defineProperty.enumerable
FN:11,Object.defineProperty.enumerable
FN:12,Object.defineProperty.enumerable
FN:23,Object.defineProperty.enumerable
FN:24,Object.defineProperty.enumerable
FN:33,Object.defineProperty.enumerable
FN:34,Object.defineProperty.enumerable
FN:46,Object.defineProperty.enumerable
FN:47,Object.defineProperty.enumerable
FN:48,Object.defineProperty.enumerable
FN:49,Object.defineProperty.enumerable
FN:50,Object.defineProperty.enumerable
FN:53,Object.defineProperty.enumerable
FN:54,Object.defineProperty.enumerable
FN:58,Object.defineProperty.enumerable
FN:66,Object.defineProperty.enumerable
FN:71,Object.defineProperty.enumerable
FN:72,Object.defineProperty.enumerable
FN:73,Object.defineProperty.enumerable
FN:74,Object.defineProperty.enumerable
FN:77,Object.defineProperty.enumerable
FN:78,Object.defineProperty.enumerable
FNF:22
FNH:22
FNDA:85,Object.defineProperty.enumerable
FNDA:85,Object.defineProperty.enumerable
FNDA:85,Object.defineProperty.enumerable
FNDA:25,Object.defineProperty.enumerable
FNDA:25,Object.defineProperty.enumerable
FNDA:61,Object.defineProperty.enumerable
FNDA:61,Object.defineProperty.enumerable
FNDA:8,Object.defineProperty.enumerable
FNDA:8,Object.defineProperty.enumerable
FNDA:8,Object.defineProperty.enumerable
FNDA:8,Object.defineProperty.enumerable
FNDA:8,Object.defineProperty.enumerable
FNDA:8,Object.defineProperty.enumerable
FNDA:8,Object.defineProperty.enumerable
FNDA:8,Object.defineProperty.enumerable
FNDA:3,Object.defineProperty.enumerable
FNDA:6,Object.defineProperty.enumerable
FNDA:6,Object.defineProperty.enumerable
FNDA:6,Object.defineProperty.enumerable
FNDA:6,Object.defineProperty.enumerable
FNDA:6,Object.defineProperty.enumerable
FNDA:6,Object.defineProperty.enumerable
DA:1,1
DA:2,1
DA:3,1
DA:4,1
DA:5,1
DA:6,1
DA:7,1
DA:8,1
DA:9,1
DA:10,1
DA:11,1
DA:12,1
DA:13,1
DA:14,1
DA:15,1
DA:16,1
DA:17,1
DA:18,1
DA:19,1
DA:20,1
DA:21,1
DA:22,1
DA:23,1
DA:24,1
DA:25,1
DA:26,1
DA:27,1
DA:28,1
DA:29,1
DA:30,1
DA:31,1
DA:32,1
DA:33,1
DA:34,1
DA:35,61
DA:36,61
DA:37,1
DA:38,1
DA:39,1
DA:40,1
DA:41,1
DA:42,1
DA:43,1
DA:44,1
DA:45,1
DA:46,1
DA:47,1
DA:48,1
DA:49,1
DA:50,1
DA:51,1
DA:52,1
DA:53,1
DA:54,1
DA:55,1
DA:56,1
DA:57,1
DA:58,1
DA:59,1
DA:60,1
DA:61,1
DA:62,1
DA:63,1
DA:64,1
DA:65,1
DA:66,1
DA:67,1
DA:68,1
DA:69,1
DA:70,1
DA:71,1
DA:72,1
DA:73,1
DA:74,1
DA:75,1
DA:76,1
DA:77,1
DA:78,1
DA:79,1
DA:80,1
DA:81,1
DA:82,1
DA:83,1
DA:84,1
DA:85,1
DA:86,1
LF:86
LH:86
BRDA:6,0,0,85
BRDA:10,1,0,85
BRDA:11,2,0,85
BRDA:12,3,0,85
BRDA:13,4,0,85
BRDA:17,5,0,86
BRDA:23,6,0,25
BRDA:24,7,0,25
BRDA:25,8,0,25
BRDA:33,9,0,61
BRDA:34,10,0,61
BRDA:36,11,0,5
BRDA:37,12,0,56
BRDA:38,13,0,61
BRDA:46,14,0,8
BRDA:47,15,0,8
BRDA:48,16,0,8
BRDA:49,17,0,8
BRDA:50,18,0,8
BRDA:53,19,0,8
BRDA:54,20,0,8
BRDA:58,21,0,8
BRDA:59,22,0,8
BRDA:66,23,0,3
BRDA:67,24,0,3
BRDA:71,25,0,6
BRDA:72,26,0,6
BRDA:73,27,0,6
BRDA:74,28,0,6
BRDA:77,29,0,6
BRDA:78,30,0,6
BRDA:84,31,0,6
BRF:32
BRH:32
end_of_record
TN:
SF:src/styled/UploadComponents.js
FN:5,Object.defineProperty.enumerable
FN:6,Object.defineProperty.enumerable
FN:7,Object.defineProperty.enumerable
FN:8,Object.defineProperty.enumerable
FN:9,Object.defineProperty.enumerable
FN:11,Object.defineProperty.enumerable
FN:16,Object.defineProperty.enumerable
FN:17,Object.defineProperty.enumerable
FN:18,Object.defineProperty.enumerable
FN:27,Object.defineProperty.enumerable
FN:28,Object.defineProperty.enumerable
FN:30,Object.defineProperty.enumerable
FN:31,Object.defineProperty.enumerable
FN:32,Object.defineProperty.enumerable
FN:33,Object.defineProperty.enumerable
FN:51,Object.defineProperty.enumerable
FN:52,Object.defineProperty.enumerable
FN:60,Object.defineProperty.enumerable
FN:62,Object.defineProperty.enumerable
FN:93,Object.defineProperty.enumerable
FNF:20
FNH:20
FNDA:434,Object.defineProperty.enumerable
FNDA:434,Object.defineProperty.enumerable
FNDA:434,Object.defineProperty.enumerable
FNDA:434,Object.defineProperty.enumerable
FNDA:434,Object.defineProperty.enumerable
FNDA:434,Object.defineProperty.enumerable
FNDA:434,Object.defineProperty.enumerable
FNDA:434,Object.defineProperty.enumerable
FNDA:434,Object.defineProperty.enumerable
FNDA:434,Object.defineProperty.enumerable
FNDA:434,Object.defineProperty.enumerable
FNDA:434,Object.defineProperty.enumerable
FNDA:434,Object.defineProperty.enumerable
FNDA:434,Object.defineProperty.enumerable
FNDA:434,Object.defineProperty.enumerable
FNDA:16,Object.defineProperty.enumerable
FNDA:16,Object.defineProperty.enumerable
FNDA:20,Object.defineProperty.enumerable
FNDA:20,Object.defineProperty.enumerable
FNDA:16,Object.defineProperty.enumerable
DA:1,1
DA:2,1
DA:3,1
DA:4,1
DA:5,1
DA:6,1
DA:7,1
DA:8,1
DA:9,1
DA:10,1
DA:11,1
DA:12,1
DA:13,1
DA:14,1
DA:15,1
DA:16,1
DA:17,1
DA:18,1
DA:19,1
DA:20,1
DA:21,1
DA:22,1
DA:23,1
DA:24,1
DA:25,1
DA:26,1
DA:27,1
DA:28,1
DA:29,1
DA:30,1
DA:31,1
DA:32,1
DA:33,1
DA:34,1
DA:35,1
DA:36,1
DA:37,1
DA:38,1
DA:39,1
DA:40,1
DA:41,1
DA:42,1
DA:43,1
DA:44,1
DA:45,1
DA:46,1
DA:47,1
DA:48,1
DA:49,1
DA:50,1
DA:51,1
DA:52,1
DA:53,1
DA:54,1
DA:55,1
DA:56,1
DA:57,1
DA:58,1
DA:59,1
DA:60,1
DA:61,1
DA:62,1
DA:63,1
DA:64,1
DA:65,1
DA:66,1
DA:67,1
DA:68,1
DA:69,1
DA:70,1
DA:71,1
DA:72,1
DA:73,1
DA:74,1
DA:75,1
DA:76,1
DA:77,1
DA:78,1
DA:79,1
DA:80,1
DA:81,1
DA:82,1
DA:83,1
DA:84,1
DA:85,1
DA:86,1
DA:87,1
DA:88,1
DA:89,1
DA:90,1
DA:91,1
DA:92,1
DA:93,1
DA:94,1
DA:95,1
DA:96,1
DA:97,1
DA:98,1
LF:98
LH:98
BRDA:5,0,0,434
BRDA:6,1,0,434
BRDA:7,2,0,434
BRDA:8,3,0,434
BRDA:9,4,0,434
BRDA:11,5,0,434
BRDA:16,6,0,434
BRDA:17,7,0,434
BRDA:18,8,0,434
BRDA:27,9,0,434
BRDA:28,10,0,434
BRDA:30,11,0,434
BRDA:31,12,0,434
BRDA:32,13,0,434
BRDA:33,14,0,434
BRDA:36,15,0,434
BRDA:45,16,0,15
BRDA:51,17,0,16
BRDA:52,18,0,16
BRDA:55,19,0,16
BRDA:60,20,0,20
BRDA:62,21,0,20
BRDA:63,22,0,20
BRDA:93,23,0,16
BRDA:95,24,0,16
BRF:25
BRH:25
end_of_record
TN:
SF:src/styled/theme.js
FNF:0
FNH:0
DA:1,1
DA:2,1
DA:3,1
DA:4,1
DA:5,1
DA:6,1
DA:7,1
DA:8,1
DA:9,1
DA:10,1
DA:11,1
DA:12,1
DA:13,1
DA:14,1
DA:15,1
DA:16,1
DA:17,1
DA:18,1
DA:19,1
DA:20,1
DA:21,1
DA:22,1
DA:23,1
DA:24,1
DA:25,1
DA:26,1
DA:27,1
DA:28,1
DA:29,1
DA:30,1
DA:31,1
DA:32,1
DA:33,1
DA:34,1
DA:35,1
DA:36,1
DA:37,1
DA:38,1
DA:39,1
DA:40,1
DA:41,1
DA:42,1
DA:43,1
DA:44,1
DA:45,1
DA:46,1
DA:47,1
DA:48,1
DA:49,1
DA:50,1
DA:51,1
DA:52,1
DA:53,1
DA:54,1
DA:55,1
DA:56,1
DA:57,1
DA:58,1
DA:59,1
DA:60,1
DA:61,1
DA:62,1
DA:63,1
DA:64,1
LF:64
LH:64
BRF:0
BRH:0
end_of_record
